[2024-08-07 11:26:32] FixLogger.INFO: ====正在读取规则 1 ==== [] []
[2024-08-07 11:26:32] FixLogger.INFO: ==>规则是：make model word [] []
[2024-08-07 11:26:32] FixLogger.INFO: ==>fitment的值有：[{"make":"clikop","model":"pipe","_id":"66b03ef498f1cb637cd4ddf0"},{"make":"oilse","model":"everyday","_id":"66b0411698f1cb637cd4ddf6"}] [] []
[2024-08-07 11:26:32] FixLogger.INFO: ==>核心词的值有：["cover","mat","replacement"] [] []
[2024-08-07 11:26:32] FixLogger.INFO: ====开始组装==== [] []
[2024-08-07 11:26:32] FixLogger.INFO: clikop pipe cover [] []
[2024-08-07 11:26:32] FixLogger.INFO: clikop pipe mat [] []
[2024-08-07 11:26:32] FixLogger.INFO: clikop pipe replacement [] []
[2024-08-07 11:26:32] FixLogger.INFO: oilse everyday cover [] []
[2024-08-07 11:26:32] FixLogger.INFO: oilse everyday mat [] []
[2024-08-07 11:26:32] FixLogger.INFO: oilse everyday replacement [] []
[2024-08-07 11:26:32] FixLogger.INFO: ====结束组装==== [] []
[2024-08-07 11:26:32] FixLogger.INFO:   [] []
[2024-08-07 11:26:32] FixLogger.INFO: ====正在读取规则 1 ==== [] []
[2024-08-07 11:26:32] FixLogger.INFO: ==>规则是：model word [] []
[2024-08-07 11:26:32] FixLogger.INFO: ==>fitment的值有：[{"make":"clikop","model":"pipe","_id":"66b03ef498f1cb637cd4ddf0"},{"make":"oilse","model":"everyday","_id":"66b0411698f1cb637cd4ddf6"}] [] []
[2024-08-07 11:26:32] FixLogger.INFO: ==>核心词的值有：["cover","mat","replacement"] [] []
[2024-08-07 11:26:32] FixLogger.INFO: ====开始组装==== [] []
[2024-08-07 11:26:32] FixLogger.INFO: pipe cover [] []
[2024-08-07 11:26:32] FixLogger.INFO: pipe mat [] []
[2024-08-07 11:26:32] FixLogger.INFO: pipe replacement [] []
[2024-08-07 11:26:32] FixLogger.INFO: everyday cover [] []
[2024-08-07 11:26:32] FixLogger.INFO: everyday mat [] []
[2024-08-07 11:26:32] FixLogger.INFO: everyday replacement [] []
[2024-08-07 11:26:32] FixLogger.INFO: ====结束组装==== [] []
[2024-08-07 11:26:32] FixLogger.INFO:   [] []
[2024-08-07 11:26:45] FixLogger.INFO: ====正在读取规则 1 ==== [] []
[2024-08-07 11:26:45] FixLogger.INFO: ==>规则是：make model word [] []
[2024-08-07 11:26:45] FixLogger.INFO: ==>fitment的值有：[{"make":"clikop","model":"pipe","_id":"66b03ef498f1cb637cd4ddf0"},{"make":"oilse","model":"everyday","_id":"66b0411698f1cb637cd4ddf6"}] [] []
[2024-08-07 11:26:45] FixLogger.INFO: ==>核心词的值有：["cover","mat","replacement"] [] []
[2024-08-07 11:26:45] FixLogger.INFO: ====开始组装==== [] []
[2024-08-07 11:26:45] FixLogger.INFO: clikop pipe cover [] []
[2024-08-07 11:26:45] FixLogger.INFO: clikop pipe mat [] []
[2024-08-07 11:26:45] FixLogger.INFO: clikop pipe replacement [] []
[2024-08-07 11:26:45] FixLogger.INFO: oilse everyday cover [] []
[2024-08-07 11:26:45] FixLogger.INFO: oilse everyday mat [] []
[2024-08-07 11:26:45] FixLogger.INFO: oilse everyday replacement [] []
[2024-08-07 11:26:45] FixLogger.INFO: ====结束组装==== [] []
[2024-08-07 11:26:45] FixLogger.INFO:   [] []
[2024-08-07 11:26:45] FixLogger.INFO: ====正在读取规则 2 ==== [] []
[2024-08-07 11:26:45] FixLogger.INFO: ==>规则是：model word [] []
[2024-08-07 11:26:45] FixLogger.INFO: ==>fitment的值有：[{"make":"clikop","model":"pipe","_id":"66b03ef498f1cb637cd4ddf0"},{"make":"oilse","model":"everyday","_id":"66b0411698f1cb637cd4ddf6"}] [] []
[2024-08-07 11:26:45] FixLogger.INFO: ==>核心词的值有：["cover","mat","replacement"] [] []
[2024-08-07 11:26:45] FixLogger.INFO: ====开始组装==== [] []
[2024-08-07 11:26:45] FixLogger.INFO: pipe cover [] []
[2024-08-07 11:26:45] FixLogger.INFO: pipe mat [] []
[2024-08-07 11:26:45] FixLogger.INFO: pipe replacement [] []
[2024-08-07 11:26:45] FixLogger.INFO: everyday cover [] []
[2024-08-07 11:26:45] FixLogger.INFO: everyday mat [] []
[2024-08-07 11:26:45] FixLogger.INFO: everyday replacement [] []
[2024-08-07 11:26:45] FixLogger.INFO: ====结束组装==== [] []
[2024-08-07 11:26:45] FixLogger.INFO:   [] []
[2024-08-07 11:27:43] FixLogger.INFO: ====正在读取规则 1 ==== [] []
[2024-08-07 11:27:43] FixLogger.INFO: ==>规则是：make model word [] []
[2024-08-07 11:27:43] FixLogger.INFO: ==>fitment的值有：[{"make":"clikop","model":"pipe","_id":"66b03ef498f1cb637cd4ddf0"},{"make":"oilse","model":"everyday","_id":"66b0411698f1cb637cd4ddf6"}] [] []
[2024-08-07 11:27:43] FixLogger.INFO: ==>核心词的值有：["cover","mat","replacement"] [] []
[2024-08-07 11:27:43] FixLogger.INFO: ====开始组装==== [] []
[2024-08-07 11:27:43] FixLogger.INFO: clikop pipe cover [] []
[2024-08-07 11:27:43] FixLogger.INFO: clikop pipe mat [] []
[2024-08-07 11:27:43] FixLogger.INFO: clikop pipe replacement [] []
[2024-08-07 11:27:43] FixLogger.INFO: oilse everyday cover [] []
[2024-08-07 11:27:43] FixLogger.INFO: oilse everyday mat [] []
[2024-08-07 11:27:43] FixLogger.INFO: oilse everyday replacement [] []
[2024-08-07 11:27:43] FixLogger.INFO: ====结束组装==== [] []
[2024-08-07 11:27:43] FixLogger.INFO:   [] []
[2024-08-07 11:27:43] FixLogger.INFO: ====正在读取规则 2 ==== [] []
[2024-08-07 11:27:43] FixLogger.INFO: ==>规则是：model word [] []
[2024-08-07 11:27:43] FixLogger.INFO: ==>fitment的值有：[{"make":"clikop","model":"pipe","_id":"66b03ef498f1cb637cd4ddf0"},{"make":"oilse","model":"everyday","_id":"66b0411698f1cb637cd4ddf6"}] [] []
[2024-08-07 11:27:43] FixLogger.INFO: ==>核心词的值有：["cover","mat","replacement"] [] []
[2024-08-07 11:27:43] FixLogger.INFO: ====开始组装==== [] []
[2024-08-07 11:27:43] FixLogger.INFO: pipe cover [] []
[2024-08-07 11:27:43] FixLogger.INFO: pipe mat [] []
[2024-08-07 11:27:43] FixLogger.INFO: pipe replacement [] []
[2024-08-07 11:27:43] FixLogger.INFO: everyday cover [] []
[2024-08-07 11:27:43] FixLogger.INFO: everyday mat [] []
[2024-08-07 11:27:43] FixLogger.INFO: everyday replacement [] []
[2024-08-07 11:27:43] FixLogger.INFO: ====结束组装==== [] []
[2024-08-07 11:27:43] FixLogger.INFO:   [] []
[2024-08-07 11:27:43] FixLogger.INFO: ====正在读取规则 3 ==== [] []
[2024-08-07 11:27:43] FixLogger.INFO: ==>规则是：model word make [] []
[2024-08-07 11:27:43] FixLogger.INFO: ==>fitment的值有：[{"make":"clikop","model":"pipe","_id":"66b03ef498f1cb637cd4ddf0"},{"make":"oilse","model":"everyday","_id":"66b0411698f1cb637cd4ddf6"}] [] []
[2024-08-07 11:27:43] FixLogger.INFO: ==>核心词的值有：["cover","mat","replacement"] [] []
[2024-08-07 11:27:43] FixLogger.INFO: ====开始组装==== [] []
[2024-08-07 11:27:43] FixLogger.INFO: pipe cover [] []
[2024-08-07 11:27:43] FixLogger.INFO: pipe mat [] []
[2024-08-07 11:27:43] FixLogger.INFO: pipe replacement [] []
[2024-08-07 11:27:43] FixLogger.INFO: everyday cover [] []
[2024-08-07 11:27:43] FixLogger.INFO: everyday mat [] []
[2024-08-07 11:27:43] FixLogger.INFO: everyday replacement [] []
[2024-08-07 11:27:43] FixLogger.INFO: ====结束组装==== [] []
[2024-08-07 11:27:43] FixLogger.INFO:   [] []
