2025-11-10 18:22:23 - 请求: GET：https://master-nodejs-poms-list-nest.ux168.cn/api/pa_ce_materials/queryPage?limit=1&page=1&ceBillNo=CE202508300102
2025-11-10 18:22:23 - 参数：[]
2025-11-10 18:22:23 - 请求: GET：https://master-nodejs-poms-list-nest.ux168.cn/api/pa_ce_materials/queryPage?limit=1&page=1&ceBillNo=CE202510220165
2025-11-10 18:22:23 - 参数：[]
2025-11-10 18:22:23 - 请求: GET：https://master-nodejs-poms-list-nest.ux168.cn/api/pa_ce_materials/queryPage?limit=1&page=1&ceBillNo=CE202507280150
2025-11-10 18:22:23 - 参数：[]
2025-11-10 18:22:23 - 请求: GET：https://master-nodejs-poms-list-nest.ux168.cn/api/pa_ce_materials/queryPage?limit=1&page=1&ceBillNo=CE202508200164
2025-11-10 18:22:23 - 参数：[]
2025-11-10 18:22:24 - 请求: GET：https://master-nodejs-poms-list-nest.ux168.cn/api/pa_ce_materials/queryPage?limit=1&page=1&ceBillNo=CE202508250017
2025-11-10 18:22:24 - 参数：[]
2025-11-10 18:22:24 - 请求: GET：https://master-nodejs-poms-list-nest.ux168.cn/api/pa_ce_materials/queryPage?limit=1&page=1&ceBillNo=CE202508290125
2025-11-10 18:22:24 - 参数：[]
2025-11-10 18:22:24 - 请求: GET：https://master-nodejs-poms-list-nest.ux168.cn/api/pa_ce_materials/queryPage?limit=1&page=1&ceBillNo=CE202508290124
2025-11-10 18:22:24 - 参数：[]
2025-11-10 18:22:24 - 请求: GET：https://master-nodejs-poms-list-nest.ux168.cn/api/pa_ce_materials/queryPage?limit=1&page=1&ceBillNo=CE202509150172
2025-11-10 18:22:24 - 参数：[]
2025-11-10 18:22:24 - 请求: GET：https://master-nodejs-poms-list-nest.ux168.cn/api/pa_ce_materials/queryPage?limit=1&page=1&ceBillNo=CE202510100014
2025-11-10 18:22:24 - 参数：[]
2025-11-10 18:22:24 - 请求: GET：https://master-nodejs-poms-list-nest.ux168.cn/api/pa_ce_materials/queryPage?limit=1&page=1&ceBillNo=CE202510150089
2025-11-10 18:22:24 - 参数：[]
2025-11-10 18:22:24 - 请求: GET：https://master-nodejs-poms-list-nest.ux168.cn/api/pa_ce_materials/queryPage?limit=1&page=1&ceBillNo=CE202510290064
2025-11-10 18:22:24 - 参数：[]
2025-11-10 18:22:24 - 请求: GET：https://master-nodejs-poms-list-nest.ux168.cn/api/pa_ce_materials/queryPage?limit=1&page=1&ceBillNo=CE202509290055
2025-11-10 18:22:24 - 参数：[]
2025-11-10 18:22:24 - 请求: GET：https://master-nodejs-poms-list-nest.ux168.cn/api/pa_ce_materials/queryPage?limit=1&page=1&ceBillNo=CE202509220059
2025-11-10 18:22:24 - 参数：[]
2025-11-10 18:22:24 - 请求: GET：https://master-nodejs-poms-list-nest.ux168.cn/api/pa_ce_materials/queryPage?limit=1&page=1&ceBillNo=CE202510100041
2025-11-10 18:22:24 - 参数：[]
2025-11-10 18:22:24 - 请求: GET：https://master-nodejs-poms-list-nest.ux168.cn/api/pa_ce_materials/queryPage?limit=1&page=1&ceBillNo=CE202510140124
2025-11-10 18:22:24 - 参数：[]
2025-11-10 18:22:25 - 请求: GET：https://master-nodejs-poms-list-nest.ux168.cn/api/pa_ce_materials/queryPage?limit=1&page=1&ceBillNo=CE202509300011
2025-11-10 18:22:25 - 参数：[]
2025-11-10 18:22:25 - 请求: GET：https://master-nodejs-poms-list-nest.ux168.cn/api/pa_ce_materials/queryPage?limit=1&page=1&ceBillNo=CE202507240128
2025-11-10 18:22:25 - 参数：[]
2025-11-10 18:22:25 - 请求: GET：https://master-nodejs-poms-list-nest.ux168.cn/api/pa_ce_materials/queryPage?limit=1&page=1&ceBillNo=CE202510180097
2025-11-10 18:22:25 - 参数：[]
2025-11-10 18:22:25 - 请求: GET：https://master-nodejs-poms-list-nest.ux168.cn/api/pa_ce_materials/queryPage?limit=1&page=1&ceBillNo=CE202508250046
2025-11-10 18:22:25 - 参数：[]
2025-11-10 18:22:25 - 请求: GET：https://master-nodejs-poms-list-nest.ux168.cn/api/pa_ce_materials/queryPage?limit=1&page=1&ceBillNo=CE202510300031
2025-11-10 18:22:25 - 参数：[]
2025-11-10 18:22:25 - 请求: GET：https://master-nodejs-poms-list-nest.ux168.cn/api/pa_ce_materials/queryPage?limit=1&page=1&ceBillNo=CE202510070068
2025-11-10 18:22:25 - 参数：[]
2025-11-10 18:22:25 - 请求: GET：https://master-nodejs-poms-list-nest.ux168.cn/api/pa_ce_materials/queryPage?limit=1&page=1&ceBillNo=CE202508220276
2025-11-10 18:22:25 - 参数：[]
2025-11-10 18:22:25 - 请求: GET：https://master-nodejs-poms-list-nest.ux168.cn/api/pa_ce_materials/queryPage?limit=1&page=1&ceBillNo=CE202510110014
2025-11-10 18:22:25 - 参数：[]
2025-11-10 18:22:25 - 请求: GET：https://master-nodejs-poms-list-nest.ux168.cn/api/pa_ce_materials/queryPage?limit=1&page=1&ceBillNo=CE202510290049
2025-11-10 18:22:25 - 参数：[]
2025-11-10 18:22:26 - 请求: GET：https://master-nodejs-poms-list-nest.ux168.cn/api/pa_ce_materials/queryPage?limit=1&page=1&ceBillNo=CE202510270064
2025-11-10 18:22:26 - 参数：[]
2025-11-10 18:22:26 - 请求: GET：https://master-nodejs-poms-list-nest.ux168.cn/api/pa_ce_materials/queryPage?limit=1&page=1&ceBillNo=CE202508200085
2025-11-10 18:22:26 - 参数：[]
2025-11-10 18:22:26 - 请求: GET：https://master-nodejs-poms-list-nest.ux168.cn/api/pa_ce_materials/queryPage?limit=1&page=1&ceBillNo=CE202510310130
2025-11-10 18:22:26 - 参数：[]
2025-11-10 18:22:26 - 请求: GET：https://master-nodejs-poms-list-nest.ux168.cn/api/pa_ce_materials/queryPage?limit=1&page=1&ceBillNo=CE202510310144
2025-11-10 18:22:26 - 参数：[]
2025-11-10 18:25:04 - 请求: GET：https://master-nodejs-poms-list-nest.ux168.cn/api/pa_ce_materials/queryPage?limit=1&page=1&ceBillNo=CE202508300102
2025-11-10 18:25:04 - 参数：[]
2025-11-10 18:25:04 - 请求: GET：https://master-nodejs-poms-list-nest.ux168.cn/api/pa_ce_materials/queryPage?limit=1&page=1&ceBillNo=CE202510220165
2025-11-10 18:25:04 - 参数：[]
2025-11-10 18:25:05 - 请求: GET：https://master-nodejs-poms-list-nest.ux168.cn/api/pa_ce_materials/queryPage?limit=1&page=1&ceBillNo=CE202507280150
2025-11-10 18:25:05 - 参数：[]
2025-11-10 18:25:05 - 请求: GET：https://master-nodejs-poms-list-nest.ux168.cn/api/pa_ce_materials/queryPage?limit=1&page=1&ceBillNo=CE202508200164
2025-11-10 18:25:05 - 参数：[]
2025-11-10 18:25:05 - 请求: GET：https://master-nodejs-poms-list-nest.ux168.cn/api/pa_ce_materials/queryPage?limit=1&page=1&ceBillNo=CE202508250017
2025-11-10 18:25:05 - 参数：[]
2025-11-10 18:25:05 - 请求: GET：https://master-nodejs-poms-list-nest.ux168.cn/api/pa_ce_materials/queryPage?limit=1&page=1&ceBillNo=CE202508290125
2025-11-10 18:25:05 - 参数：[]
2025-11-10 18:25:05 - 请求: GET：https://master-nodejs-poms-list-nest.ux168.cn/api/pa_ce_materials/queryPage?limit=1&page=1&ceBillNo=CE202508290124
2025-11-10 18:25:05 - 参数：[]
2025-11-10 18:25:05 - 请求: GET：https://master-nodejs-poms-list-nest.ux168.cn/api/pa_ce_materials/queryPage?limit=1&page=1&ceBillNo=CE202509150172
2025-11-10 18:25:05 - 参数：[]
2025-11-10 18:25:05 - 请求: GET：https://master-nodejs-poms-list-nest.ux168.cn/api/pa_ce_materials/queryPage?limit=1&page=1&ceBillNo=CE202510100014
2025-11-10 18:25:05 - 参数：[]
2025-11-10 18:25:05 - 请求: GET：https://master-nodejs-poms-list-nest.ux168.cn/api/pa_ce_materials/queryPage?limit=1&page=1&ceBillNo=CE202510150089
2025-11-10 18:25:05 - 参数：[]
2025-11-10 18:25:05 - 请求: GET：https://master-nodejs-poms-list-nest.ux168.cn/api/pa_ce_materials/queryPage?limit=1&page=1&ceBillNo=CE202510290064
2025-11-10 18:25:05 - 参数：[]
2025-11-10 18:25:05 - 请求: GET：https://master-nodejs-poms-list-nest.ux168.cn/api/pa_ce_materials/queryPage?limit=1&page=1&ceBillNo=CE202509290055
2025-11-10 18:25:05 - 参数：[]
2025-11-10 18:25:05 - 请求: GET：https://master-nodejs-poms-list-nest.ux168.cn/api/pa_ce_materials/queryPage?limit=1&page=1&ceBillNo=CE202509220059
2025-11-10 18:25:05 - 参数：[]
2025-11-10 18:25:06 - 请求: GET：https://master-nodejs-poms-list-nest.ux168.cn/api/pa_ce_materials/queryPage?limit=1&page=1&ceBillNo=CE202510100041
2025-11-10 18:25:06 - 参数：[]
2025-11-10 18:25:06 - 请求: GET：https://master-nodejs-poms-list-nest.ux168.cn/api/pa_ce_materials/queryPage?limit=1&page=1&ceBillNo=CE202510140124
2025-11-10 18:25:06 - 参数：[]
2025-11-10 18:25:06 - 请求: GET：https://master-nodejs-poms-list-nest.ux168.cn/api/pa_ce_materials/queryPage?limit=1&page=1&ceBillNo=CE202509300011
2025-11-10 18:25:06 - 参数：[]
2025-11-10 18:25:06 - 请求: GET：https://master-nodejs-poms-list-nest.ux168.cn/api/pa_ce_materials/queryPage?limit=1&page=1&ceBillNo=CE202507240128
2025-11-10 18:25:06 - 参数：[]
2025-11-10 18:25:06 - 请求: GET：https://master-nodejs-poms-list-nest.ux168.cn/api/pa_ce_materials/queryPage?limit=1&page=1&ceBillNo=CE202510180097
2025-11-10 18:25:06 - 参数：[]
2025-11-10 18:25:06 - 请求: GET：https://master-nodejs-poms-list-nest.ux168.cn/api/pa_ce_materials/queryPage?limit=1&page=1&ceBillNo=CE202508250046
2025-11-10 18:25:06 - 参数：[]
2025-11-10 18:25:06 - 请求: GET：https://master-nodejs-poms-list-nest.ux168.cn/api/pa_ce_materials/queryPage?limit=1&page=1&ceBillNo=CE202510300031
2025-11-10 18:25:06 - 参数：[]
2025-11-10 18:25:06 - 请求: GET：https://master-nodejs-poms-list-nest.ux168.cn/api/pa_ce_materials/queryPage?limit=1&page=1&ceBillNo=CE202510070068
2025-11-10 18:25:06 - 参数：[]
2025-11-10 18:25:06 - 请求: GET：https://master-nodejs-poms-list-nest.ux168.cn/api/pa_ce_materials/queryPage?limit=1&page=1&ceBillNo=CE202508220276
2025-11-10 18:25:06 - 参数：[]
2025-11-10 18:25:07 - 请求: GET：https://master-nodejs-poms-list-nest.ux168.cn/api/pa_ce_materials/queryPage?limit=1&page=1&ceBillNo=CE202510110014
2025-11-10 18:25:07 - 参数：[]
2025-11-10 18:25:07 - 请求: GET：https://master-nodejs-poms-list-nest.ux168.cn/api/pa_ce_materials/queryPage?limit=1&page=1&ceBillNo=CE202510290049
2025-11-10 18:25:07 - 参数：[]
2025-11-10 18:25:07 - 请求: GET：https://master-nodejs-poms-list-nest.ux168.cn/api/pa_ce_materials/queryPage?limit=1&page=1&ceBillNo=CE202510270064
2025-11-10 18:25:07 - 参数：[]
2025-11-10 18:25:07 - 请求: GET：https://master-nodejs-poms-list-nest.ux168.cn/api/pa_ce_materials/queryPage?limit=1&page=1&ceBillNo=CE202508200085
2025-11-10 18:25:07 - 参数：[]
2025-11-10 18:25:07 - 请求: GET：https://master-nodejs-poms-list-nest.ux168.cn/api/pa_ce_materials/queryPage?limit=1&page=1&ceBillNo=CE202510310130
2025-11-10 18:25:07 - 参数：[]
2025-11-10 18:25:07 - 请求: GET：https://master-nodejs-poms-list-nest.ux168.cn/api/pa_ce_materials/queryPage?limit=1&page=1&ceBillNo=CE202510310144
2025-11-10 18:25:07 - 参数：[]
2025-11-10 18:25:56 - 请求: GET：https://master-nodejs-poms-list-nest.ux168.cn/api/pa_ce_materials/queryPage?limit=1&page=1&ceBillNo=CE202508300102
2025-11-10 18:25:56 - 参数：[]
2025-11-10 18:25:56 - 请求: PUT：https://master-nodejs-poms-list-nest.ux168.cn/api/pa_ce_materials/68a720517473e401d0421453
2025-11-10 18:25:56 - 参数：{"batchName":"QD202508190015","ceBillNo":"CE202508300102","ceDate":"2025-08-30T00:00:00.000Z","goodsType":"寄卖","developer":"chenwenzhen","saleName":"liangxihao","status":"materialComplete","eff":0.1,"skuIdList":["a25083000ux0140","a25083000ux0141","a25083000ux0142","a25083000ux0143","a25083000ux0144","a25083000ux0145","a25083000ux0146","a25083000ux0147","a25083000ux0148","a25083000ux0149","a25083000ux0150","a25083000ux0151","a25083000ux0152","a25083000ux0153","a25083000ux0154","a25083000ux0155","a25083000ux0156","a25083000ux0157","a25083000ux0158","a25083000ux0159","a25083000ux0160","a25083000ux0161"],"createdBy":"P3-CreateCeSkuMaterialJob","modifiedBy":"chenwenzhen","referSku":"","platform":"DE","ebayTraceMan":"chenwenzhen","developerList":["chenwenzhen"],"saleNameList":["liangxihao"],"ebayTraceManList":["chenwenzhen"],"platformList":["DE"],"productLevelList":["A级"],"_id":"68a720517473e401d0421453","createdOn":"2025-08-21T21:34:09.357Z","modifiedOn":"2025-09-02T14:47:56.379Z","log":[],"__v":1}
2025-11-10 18:25:56 - 请求: GET：https://master-nodejs-poms-list-nest.ux168.cn/api/pa_ce_materials/queryPage?limit=1&page=1&ceBillNo=CE202510220165
2025-11-10 18:25:56 - 参数：[]
2025-11-10 18:25:56 - 请求: PUT：https://master-nodejs-poms-list-nest.ux168.cn/api/pa_ce_materials/68f8af1db1ef3c66e3d68613
2025-11-10 18:25:56 - 参数：{"batchName":"DPMO251017014","ceBillNo":"CE202510220165","ceDate":"2025-10-22T00:00:00.000Z","goodsType":"自营","developer":"liuyuling","saleName":"liuzhenni","status":"materialComplete","eff":0.2,"skuIdList":["a25102000ux0144"],"createdBy":"P3-CreateCeSkuMaterialJob","modifiedBy":"liuzhenni","referSku":"","platform":"US","ebayTraceMan":"liuzhenni","developerList":["liuyuling"],"saleNameList":["liuzhenni"],"ebayTraceManList":["liuzhenni"],"platformList":["US"],"productLevelList":["S级"],"_id":"68f8af1db1ef3c66e3d68613","createdOn":"2025-10-22T18:17:01.797Z","modifiedOn":"2025-11-10T09:35:07.246Z","log":[],"__v":0}
2025-11-10 18:25:56 - 请求: GET：https://master-nodejs-poms-list-nest.ux168.cn/api/pa_ce_materials/queryPage?limit=1&page=1&ceBillNo=CE202507280150
2025-11-10 18:25:56 - 参数：[]
2025-11-10 18:25:56 - 请求: PUT：https://master-nodejs-poms-list-nest.ux168.cn/api/pa_ce_materials/687f934a46ca2e2d68893759
2025-11-10 18:25:56 - 参数：{"batchName":"QD202507210007","ceBillNo":"CE202507280150","ceDate":"2025-07-28T00:00:00.000Z","goodsType":"寄卖","developer":"liuyuling","saleName":"liangxihao","status":"saleComplete","eff":0.1,"skuIdList":["a25072800ux2043","a25072800ux2044","a25072800ux2045","a25072800ux2046","a25072800ux2047"],"createdBy":"P3-CreateCeSkuMaterialJob","modifiedBy":"mashengnan","referSku":"","platform":"US","ebayTraceMan":"liangxihao","developerList":["liuyuling"],"saleNameList":["liangxihao"],"ebayTraceManList":["liangxihao"],"platformList":["US"],"productLevelList":["A级"],"_id":"687f934a46ca2e2d68893759","createdOn":"2025-07-22T21:34:02.514Z","modifiedOn":"2025-08-27T10:55:53.198Z","log":[],"__v":1}
2025-11-10 18:25:56 - 请求: GET：https://master-nodejs-poms-list-nest.ux168.cn/api/pa_ce_materials/queryPage?limit=1&page=1&ceBillNo=CE202508200164
2025-11-10 18:25:56 - 参数：[]
2025-11-10 18:25:56 - 请求: PUT：https://master-nodejs-poms-list-nest.ux168.cn/api/pa_ce_materials/68a5928e40f8054f44014387
2025-11-10 18:25:56 - 参数：{"batchName":"DPMO250819005","ceBillNo":"CE202508200164","ceDate":"2025-08-20T00:00:00.000Z","goodsType":"寄卖转自营","developer":"zhoujianheng","saleName":"liangxihao","status":"developerComplete","eff":0.067,"skuIdList":["a25082000ux0339","a25082000ux0340","a25082000ux0341","a25082000ux0342","a25082000ux0343","a25082000ux0345","a25082000ux0347","a25082000ux0349","a25082000ux0351","a25082000ux0353","a25082000ux0355"],"createdBy":"P3-CreateCeSkuMaterialJob","modifiedBy":null,"referSku":"","platform":"DE","ebayTraceMan":"zhoujianheng","developerList":["zhoujianheng"],"saleNameList":["liangxihao"],"ebayTraceManList":["zhoujianheng"],"platformList":["DE"],"productLevelList":["A级"],"_id":"68a5928e40f8054f44014387","createdOn":"2025-08-20T17:17:02.928Z","modifiedOn":"2025-08-20T17:17:02.928Z","log":[],"__v":0}
2025-11-10 18:25:57 - 请求: GET：https://master-nodejs-poms-list-nest.ux168.cn/api/pa_ce_materials/queryPage?limit=1&page=1&ceBillNo=CE202508250017
2025-11-10 18:25:57 - 参数：[]
2025-11-10 18:25:57 - 请求: PUT：https://master-nodejs-poms-list-nest.ux168.cn/api/pa_ce_materials/68a7204a7473e401d042144d
2025-11-10 18:25:57 - 参数：{"batchName":"QD202508120020","ceBillNo":"CE202508250017","ceDate":"2025-08-25T00:00:00.000Z","goodsType":"寄卖","developer":"zhoujianheng","saleName":"liangxihao","status":"saleComplete","eff":0.078,"skuIdList":["a25082500ux0035","a25082500ux0036","a25082500ux0037"],"createdBy":"P3-CreateCeSkuMaterialJob","modifiedBy":"mashengnan","referSku":"","platform":"FR","ebayTraceMan":"zhoujianheng","developerList":["zhoujianheng"],"saleNameList":["liangxihao"],"ebayTraceManList":["zhoujianheng"],"platformList":["DE","FR"],"productLevelList":["A级"],"_id":"68a7204a7473e401d042144d","createdOn":"2025-08-21T21:34:02.624Z","modifiedOn":"2025-10-23T18:18:05.560Z","log":[],"__v":1}
2025-11-10 18:25:57 - 请求: GET：https://master-nodejs-poms-list-nest.ux168.cn/api/pa_ce_materials/queryPage?limit=1&page=1&ceBillNo=CE202508290125
2025-11-10 18:25:57 - 参数：[]
2025-11-10 18:25:57 - 请求: PUT：https://master-nodejs-poms-list-nest.ux168.cn/api/pa_ce_materials/68b14dd6dcc1ca06b6cffd7c
2025-11-10 18:25:57 - 参数：{"batchName":"DPMO250826003","ceBillNo":"CE202508290125","ceDate":"2025-08-29T00:00:00.000Z","goodsType":"寄卖转自营","developer":"zhoujianheng","saleName":"liangxihao","status":"developerComplete","eff":0.067,"skuIdList":["a25082700ux1467","a25082700ux1469","a25082700ux1471","a25082700ux1473","a25082700ux1475","a25082700ux1477","a25082700ux1478","a25082700ux1479","a25082700ux1480","a25082700ux1482","a25082700ux1484","a25082700ux1486","a25082700ux1488","a25082700ux1490","a25082700ux1492","a25082700ux1495","a25082700ux1498","a25082700ux1501","a25082700ux1504","a25082700ux1507","a25082700ux1510","a25082700ux1513","a25082700ux1516","a25082700ux1518","a25082700ux1522","a25082700ux1524","a25082700ux1527","a25082700ux1529","a25082700ux1531","a25082700ux1533","a25082700ux1535"],"createdBy":"P3-CreateCeSkuMaterialJob","modifiedBy":null,"referSku":"","platform":"DE","ebayTraceMan":"zhoujianheng","developerList":["zhoujianheng"],"saleNameList":["liangxihao"],"ebayTraceManList":["zhoujianheng"],"platformList":["DE"],"productLevelList":["A级"],"_id":"68b14dd6dcc1ca06b6cffd7c","createdOn":"2025-08-29T14:51:02.896Z","modifiedOn":"2025-08-29T14:51:02.896Z","log":[],"__v":0}
2025-11-10 18:25:57 - 请求: GET：https://master-nodejs-poms-list-nest.ux168.cn/api/pa_ce_materials/queryPage?limit=1&page=1&ceBillNo=CE202508290124
2025-11-10 18:25:57 - 参数：[]
2025-11-10 18:25:57 - 请求: PUT：https://master-nodejs-poms-list-nest.ux168.cn/api/pa_ce_materials/68b14dd6a40e8c378854d2b4
2025-11-10 18:25:57 - 参数：{"batchName":"DPMO250826002","ceBillNo":"CE202508290124","ceDate":"2025-08-29T00:00:00.000Z","goodsType":"寄卖转自营","developer":"zhoujianheng","saleName":"liangxihao","status":"developerComplete","eff":0.067,"skuIdList":["a25082700ux1481","a25082700ux1483","a25082700ux1485","a25082700ux1487","a25082700ux1489","a25082700ux1491","a25082700ux1493","a25082700ux1496","a25082700ux1499","a25082700ux1503","a25082700ux1506","a25082700ux1509","a25082700ux1512","a25082700ux1515","a25082700ux1519","a25082700ux1521","a25082700ux1525","a25082700ux1528","a25082700ux1530","a25082700ux1532","a25082700ux1534","a25082700ux1536","a25082700ux1537","a25082700ux1538","a25082700ux1539","a25082700ux1540","a25082700ux1541","a25082700ux1542","a25082700ux1543","a25082700ux1544","a25082700ux1545","a25082700ux1546","a25082700ux1547","a25082700ux1548","a25082700ux1549","a25082700ux1550"],"createdBy":"P3-CreateCeSkuMaterialJob","modifiedBy":null,"referSku":"","platform":"DE","ebayTraceMan":"zhoujianheng","developerList":["zhoujianheng"],"saleNameList":["liangxihao"],"ebayTraceManList":["zhoujianheng"],"platformList":["DE"],"productLevelList":["A级"],"_id":"68b14dd6a40e8c378854d2b4","createdOn":"2025-08-29T14:51:02.492Z","modifiedOn":"2025-08-29T14:51:02.493Z","log":[],"__v":0}
2025-11-10 18:25:57 - 请求: GET：https://master-nodejs-poms-list-nest.ux168.cn/api/pa_ce_materials/queryPage?limit=1&page=1&ceBillNo=CE202509150172
2025-11-10 18:25:57 - 参数：[]
2025-11-10 18:25:57 - 请求: PUT：https://master-nodejs-poms-list-nest.ux168.cn/api/pa_ce_materials/68b9954d612c042219e9f7d3
2025-11-10 18:25:57 - 参数：{"batchName":"QD202509010016","ceBillNo":"CE202509150172","ceDate":"2025-09-15T00:00:00.000Z","goodsType":"寄卖","developer":"liuyuling","saleName":"liangxihao","status":"materialComplete","eff":0.1,"skuIdList":["a25091500ux2832","a25091500ux2833"],"createdBy":"P3-CreateCeSkuMaterialJob","modifiedBy":"mashengnan","referSku":"","platform":"US","ebayTraceMan":"liangxihao","developerList":["liuyuling"],"saleNameList":["liangxihao"],"ebayTraceManList":["liangxihao"],"platformList":["US"],"productLevelList":["A级"],"_id":"68b9954d612c042219e9f7d3","createdOn":"2025-09-04T21:34:05.059Z","modifiedOn":"2025-09-19T10:46:13.899Z","log":[],"__v":1}
2025-11-10 18:25:57 - 请求: GET：https://master-nodejs-poms-list-nest.ux168.cn/api/pa_ce_materials/queryPage?limit=1&page=1&ceBillNo=CE202510100014
2025-11-10 18:25:57 - 参数：[]
2025-11-10 18:25:57 - 请求: PUT：https://master-nodejs-poms-list-nest.ux168.cn/api/pa_ce_materials/68cc0a4ff70566422a757662
2025-11-10 18:25:57 - 参数：{"batchName":"QD202509160026","ceBillNo":"CE202510100014","ceDate":"2025-10-10T00:00:00.000Z","goodsType":"寄卖","developer":"liuyuling","saleName":"liangxihao","status":"materialComplete","eff":0.1,"skuIdList":["a25101000ux0285","a25101000ux0286","a25101000ux0287","a25101000ux0288","a25101000ux0289","a25101000ux0290","a25101000ux0291","a25101000ux0292","a25101000ux0293","a25101000ux0294","a25101000ux0295","a25101000ux0296","a25101000ux0297"],"createdBy":"P3-CreateCeSkuMaterialJob","modifiedBy":"mashengnan","referSku":"","platform":"US","ebayTraceMan":"liangxihao","developerList":["liuyuling"],"saleNameList":["liangxihao"],"ebayTraceManList":["liangxihao"],"platformList":["US"],"productLevelList":["A级"],"_id":"68cc0a4ff70566422a757662","createdOn":"2025-09-18T21:34:07.468Z","modifiedOn":"2025-10-23T18:06:52.338Z","log":[],"__v":1}
2025-11-10 18:25:57 - 请求: GET：https://master-nodejs-poms-list-nest.ux168.cn/api/pa_ce_materials/queryPage?limit=1&page=1&ceBillNo=CE202510150089
2025-11-10 18:25:57 - 参数：[]
2025-11-10 18:25:58 - 请求: PUT：https://master-nodejs-poms-list-nest.ux168.cn/api/pa_ce_materials/68eefe098baba44ea36edf32
2025-11-10 18:25:58 - 参数：{"batchName":"DPMO251009017","ceBillNo":"CE202510150089","ceDate":"2025-10-15T00:00:00.000Z","goodsType":"寄卖转自营","developer":"zhoujianheng","saleName":"liangxihao","status":"developerComplete","eff":0.067,"skuIdList":["a25101000ux0419","a25101000ux0420","a25101000ux0421","a25101000ux0422","a25101000ux0423","a25101000ux0424","a25101000ux0425","a25101000ux0426","a25101000ux0427","a25101000ux0428","a25101000ux0429","a25101000ux0430","a25101000ux0431","a25101000ux0432","a25101000ux0433","a25101000ux0434","a25101000ux0435","a25101000ux0436","a25101000ux0437","a25101000ux0438","a25101000ux0439","a25101000ux0440","a25101000ux0441","a25101000ux0442","a25101000ux0443","a25101000ux0444","a25101000ux0445","a25101000ux0446","a25101000ux0447","a25101000ux0448","a25101000ux0449","a25101000ux0450","a25101000ux0451","a25101000ux0452","a25101000ux0453"],"createdBy":"P3-CreateCeSkuMaterialJob","modifiedBy":null,"referSku":"","platform":"DE","ebayTraceMan":"zhoujianheng","developerList":["zhoujianheng"],"saleNameList":["liangxihao"],"ebayTraceManList":["zhoujianheng"],"platformList":["DE","FR"],"productLevelList":["A级"],"_id":"68eefe098baba44ea36edf32","createdOn":"2025-10-15T09:51:05.705Z","modifiedOn":"2025-10-15T09:51:05.705Z","log":[],"__v":0}
2025-11-10 18:25:58 - 请求: GET：https://master-nodejs-poms-list-nest.ux168.cn/api/pa_ce_materials/queryPage?limit=1&page=1&ceBillNo=CE202510290064
2025-11-10 18:25:58 - 参数：[]
2025-11-10 18:25:58 - 请求: PUT：https://master-nodejs-poms-list-nest.ux168.cn/api/pa_ce_materials/6901953ea7dd562d666c468d
2025-11-10 18:25:58 - 参数：{"batchName":"DPMO251020021","ceBillNo":"CE202510290064","ceDate":"2025-10-29T00:00:00.000Z","goodsType":"自营","developer":"liuyuling","saleName":"liuzhenni","status":"materialComplete","eff":0.2,"skuIdList":["a25102100ux0493"],"createdBy":"P3-CreateCeSkuMaterialJob","modifiedBy":"liuzhenni","referSku":"","platform":"US","ebayTraceMan":"liuzhenni","developerList":["liuyuling"],"saleNameList":["liuzhenni"],"ebayTraceManList":["liuzhenni"],"platformList":["US"],"productLevelList":["S级"],"_id":"6901953ea7dd562d666c468d","createdOn":"2025-10-29T12:17:02.634Z","modifiedOn":"2025-11-04T12:13:35.551Z","log":[],"__v":0}
2025-11-10 18:25:58 - 请求: GET：https://master-nodejs-poms-list-nest.ux168.cn/api/pa_ce_materials/queryPage?limit=1&page=1&ceBillNo=CE202509290055
2025-11-10 18:25:58 - 参数：[]
2025-11-10 18:25:58 - 请求: PUT：https://master-nodejs-poms-list-nest.ux168.cn/api/pa_ce_materials/68da0225ff3c2e26ea226f2f
2025-11-10 18:25:58 - 参数：{"batchName":"DPMO250925010","ceBillNo":"CE202509290055","ceDate":"2025-09-29T00:00:00.000Z","goodsType":"自营","developer":"liuyuling","saleName":"liuzhenni","status":"developerComplete","eff":0.2,"skuIdList":["a25092600ux0213"],"createdBy":"P3-CreateCeSkuMaterialJob","modifiedBy":null,"referSku":"","platform":"US","ebayTraceMan":"liuzhenni","developerList":["liuyuling"],"saleNameList":["liuzhenni"],"ebayTraceManList":["liuzhenni"],"platformList":["US"],"productLevelList":["S级"],"_id":"68da0225ff3c2e26ea226f2f","createdOn":"2025-09-29T11:51:01.812Z","modifiedOn":"2025-09-29T11:51:01.812Z","log":[],"__v":0}
2025-11-10 18:25:58 - 请求: GET：https://master-nodejs-poms-list-nest.ux168.cn/api/pa_ce_materials/queryPage?limit=1&page=1&ceBillNo=CE202509220059
2025-11-10 18:25:58 - 参数：[]
2025-11-10 18:25:58 - 请求: PUT：https://master-nodejs-poms-list-nest.ux168.cn/api/pa_ce_materials/68d0c3a970c6ba510fe19078
2025-11-10 18:25:58 - 参数：{"batchName":"DPMO250917003","ceBillNo":"CE202509220059","ceDate":"2025-09-22T00:00:00.000Z","goodsType":"自营","developer":"liuyuling","saleName":"liuzhenni","status":"materialComplete","eff":0.2,"skuIdList":["a25091700ux0703","a25091700ux0705"],"createdBy":"P3-CreateCeSkuMaterialJob","modifiedBy":"liuzhenni","referSku":"","platform":"US","ebayTraceMan":"liuzhenni","developerList":["liuyuling"],"saleNameList":["liuzhenni"],"ebayTraceManList":["liuzhenni"],"platformList":["US"],"productLevelList":["S级"],"_id":"68d0c3a970c6ba510fe19078","createdOn":"2025-09-22T11:34:01.670Z","modifiedOn":"2025-11-06T18:25:41.824Z","log":[],"__v":0}
2025-11-10 18:25:58 - 请求: GET：https://master-nodejs-poms-list-nest.ux168.cn/api/pa_ce_materials/queryPage?limit=1&page=1&ceBillNo=CE202510100041
2025-11-10 18:25:58 - 参数：[]
2025-11-10 18:25:58 - 请求: PUT：https://master-nodejs-poms-list-nest.ux168.cn/api/pa_ce_materials/68e87496d97d4b68a81bc079
2025-11-10 18:25:58 - 参数：{"batchName":"DPMO250929011","ceBillNo":"CE202510100041","ceDate":"2025-10-10T00:00:00.000Z","goodsType":"自营","developer":"liuyuling","saleName":"liuzhenni","status":"developerComplete","eff":0.2,"skuIdList":["a25093000ux0212"],"createdBy":"P3-CreateCeSkuMaterialJob","modifiedBy":null,"referSku":"","platform":"US","ebayTraceMan":"liuzhenni","developerList":["liuyuling"],"saleNameList":["liuzhenni"],"ebayTraceManList":["liuzhenni"],"platformList":["US"],"productLevelList":["S级"],"_id":"68e87496d97d4b68a81bc079","createdOn":"2025-10-10T10:51:02.415Z","modifiedOn":"2025-10-10T10:51:02.415Z","log":[],"__v":0}
2025-11-10 18:25:59 - 请求: GET：https://master-nodejs-poms-list-nest.ux168.cn/api/pa_ce_materials/queryPage?limit=1&page=1&ceBillNo=CE202510140124
2025-11-10 18:25:59 - 参数：[]
2025-11-10 18:25:59 - 请求: PUT：https://master-nodejs-poms-list-nest.ux168.cn/api/pa_ce_materials/68dbdc4cb04c0004861fe4ef
2025-11-10 18:25:59 - 参数：{"batchName":"QD202509260002","ceBillNo":"CE202510140124","ceDate":"2025-10-14T00:00:00.000Z","goodsType":"寄卖","developer":"zhangxinyi","saleName":"liangxihao","status":"saleComplete","eff":0.067,"skuIdList":["a25101400ux0946","a25101400ux0947","a25101400ux0948","a25101400ux0949","a25101400ux0950","a25101400ux0951","a25101400ux0952"],"createdBy":"P3-CreateCeSkuMaterialJob","modifiedBy":"mashengnan","referSku":"","platform":"DE","ebayTraceMan":"zhangxinyi","developerList":["zhangxinyi"],"saleNameList":["liangxihao"],"ebayTraceManList":["zhangxinyi"],"platformList":["DE"],"productLevelList":["A级"],"_id":"68dbdc4cb04c0004861fe4ef","createdOn":"2025-09-30T21:34:04.050Z","modifiedOn":"2025-10-23T18:29:32.804Z","log":[],"__v":1}
2025-11-10 18:25:59 - 请求: GET：https://master-nodejs-poms-list-nest.ux168.cn/api/pa_ce_materials/queryPage?limit=1&page=1&ceBillNo=CE202509300011
2025-11-10 18:25:59 - 参数：[]
2025-11-10 18:25:59 - 请求: PUT：https://master-nodejs-poms-list-nest.ux168.cn/api/pa_ce_materials/68d2a1cd997b455449c716b9
2025-11-10 18:25:59 - 参数：{"batchName":"QD202509180010","ceBillNo":"CE202509300011","ceDate":"2025-09-30T00:00:00.000Z","goodsType":"寄卖","developer":"liuyuling","saleName":"liangxihao","status":"materialComplete","eff":0.1,"skuIdList":["a25093000ux0233","a25093000ux0235","a25093000ux0236","a25093000ux0237","a25093000ux0239","a25093000ux0240","a25093000ux0241","a25093000ux0243","a25093000ux0244"],"createdBy":"P3-CreateCeSkuMaterialJob","modifiedBy":"mashengnan","referSku":"","platform":"US","ebayTraceMan":"liangxihao","developerList":["liuyuling"],"saleNameList":["liangxihao"],"ebayTraceManList":["liangxihao"],"platformList":["US"],"productLevelList":["A级"],"_id":"68d2a1cd997b455449c716b9","createdOn":"2025-09-23T21:34:05.491Z","modifiedOn":"2025-10-23T18:07:56.793Z","log":[],"__v":1}
2025-11-10 18:25:59 - 请求: GET：https://master-nodejs-poms-list-nest.ux168.cn/api/pa_ce_materials/queryPage?limit=1&page=1&ceBillNo=CE202507240128
2025-11-10 18:25:59 - 参数：[]
2025-11-10 18:25:59 - 请求: PUT：https://master-nodejs-poms-list-nest.ux168.cn/api/pa_ce_materials/6881d3e0b794fc7fc23aa8eb
2025-11-10 18:25:59 - 参数：{"batchName":"DPMO250722001","ceBillNo":"CE202507240128","ceDate":"2025-07-24T00:00:00.000Z","goodsType":"自营","developer":"liuyuling","saleName":"liuzhenni","status":"developerComplete","eff":0.2,"skuIdList":["a25072200ux0190"],"createdBy":"P3-CreateCeSkuMaterialJob","modifiedBy":null,"referSku":"","platform":"US","ebayTraceMan":"liuzhenni","developerList":["liuyuling"],"saleNameList":["liuzhenni"],"ebayTraceManList":["liuzhenni"],"platformList":["US"],"productLevelList":["S级"],"_id":"6881d3e0b794fc7fc23aa8eb","createdOn":"2025-07-24T14:34:08.049Z","modifiedOn":"2025-07-24T14:34:08.049Z","log":[],"__v":0}
2025-11-10 18:25:59 - 请求: GET：https://master-nodejs-poms-list-nest.ux168.cn/api/pa_ce_materials/queryPage?limit=1&page=1&ceBillNo=CE202510180097
2025-11-10 18:25:59 - 参数：[]
2025-11-10 18:25:59 - 请求: PUT：https://master-nodejs-poms-list-nest.ux168.cn/api/pa_ce_materials/68efa2ceecd90b7d447fa79a
2025-11-10 18:25:59 - 参数：{"batchName":"QD202510130005","ceBillNo":"CE202510180097","ceDate":"2025-10-18T00:00:00.000Z","goodsType":"寄卖","developer":"zhangxinyi","saleName":"liangxihao","status":"saleComplete","eff":0.067,"skuIdList":["a25101800ux1471","a25101800ux1472","a25101800ux1473","a25101800ux1474","a25101800ux1475","a25101800ux1476","a25101800ux1477","a25101800ux1478","a25101800ux1479","a25101800ux1480","a25101800ux1481","a25101800ux1482","a25101800ux1483","a25101800ux1484","a25101800ux1485","a25101800ux1486","a25101800ux1487","a25101800ux1488","a25101800ux1489","a25101800ux1490","a25101800ux1491"],"createdBy":"P3-CreateCeSkuMaterialJob","modifiedBy":"mashengnan","referSku":"","platform":"DE","ebayTraceMan":"zhangxinyi","developerList":["zhangxinyi"],"saleNameList":["liangxihao"],"ebayTraceManList":["zhangxinyi"],"platformList":["DE"],"productLevelList":["A级"],"_id":"68efa2ceecd90b7d447fa79a","createdOn":"2025-10-15T21:34:06.677Z","modifiedOn":"2025-10-23T18:29:06.747Z","log":[],"__v":1}
2025-11-10 18:25:59 - 请求: GET：https://master-nodejs-poms-list-nest.ux168.cn/api/pa_ce_materials/queryPage?limit=1&page=1&ceBillNo=CE202508250046
2025-11-10 18:25:59 - 参数：[]
2025-11-10 18:25:59 - 请求: PUT：https://master-nodejs-poms-list-nest.ux168.cn/api/pa_ce_materials/689c944f5d45525bc462dad1
2025-11-10 18:25:59 - 参数：{"batchName":"QD202508120005","ceBillNo":"CE202508250046","ceDate":"2025-08-25T00:00:00.000Z","goodsType":"寄卖","developer":"huangxiaojiong","saleName":"liangxihao","status":"saleComplete","eff":0.144,"skuIdList":["a25082500ux0135","a25082500ux0136","a25082500ux0137","a25082500ux0138","a25082500ux0139","a25082500ux0140","a25082500ux0141","a25082500ux0142","a25082500ux0143","a25082500ux0144","a25082500ux0145","a25082500ux0146"],"createdBy":"P3-CreateCeSkuMaterialJob","modifiedBy":"mashengnan","referSku":"","platform":"JP","ebayTraceMan":"huangxiaojiong","developerList":["huangxiaojiong"],"saleNameList":["liangxihao"],"ebayTraceManList":["huangxiaojiong"],"platformList":["JP"],"productLevelList":["A级"],"_id":"689c944f5d45525bc462dad1","createdOn":"2025-08-13T21:34:07.129Z","modifiedOn":"2025-10-23T18:17:47.375Z","log":[],"__v":1}
2025-11-10 18:26:00 - 请求: GET：https://master-nodejs-poms-list-nest.ux168.cn/api/pa_ce_materials/queryPage?limit=1&page=1&ceBillNo=CE202510300031
2025-11-10 18:26:00 - 参数：[]
2025-11-10 18:26:00 - 请求: PUT：https://master-nodejs-poms-list-nest.ux168.cn/api/pa_ce_materials/68f8dd4c283ccb14717126a0
2025-11-10 18:26:00 - 参数：{"batchName":"QD202510210001","ceBillNo":"CE202510300031","ceDate":"2025-10-30T00:00:00.000Z","goodsType":"寄卖","developer":"liuyuling","saleName":"liangxihao","status":"materialComplete","eff":0.083,"skuIdList":["a25103000ux0188","a25103000ux0189"],"createdBy":"P3-CreateCeSkuMaterialJob","modifiedBy":"liangxihao","referSku":"","platform":"US","ebayTraceMan":"liangxihao","developerList":["liuyuling"],"saleNameList":["liangxihao"],"ebayTraceManList":["liangxihao"],"platformList":["US"],"productLevelList":["A级"],"_id":"68f8dd4c283ccb14717126a0","createdOn":"2025-10-22T21:34:04.002Z","modifiedOn":"2025-11-04T16:42:31.104Z","log":[],"__v":1}
2025-11-10 18:26:00 - 请求: GET：https://master-nodejs-poms-list-nest.ux168.cn/api/pa_ce_materials/queryPage?limit=1&page=1&ceBillNo=CE202510070068
2025-11-10 18:26:00 - 参数：[]
2025-11-10 18:26:00 - 请求: PUT：https://master-nodejs-poms-list-nest.ux168.cn/api/pa_ce_materials/68d2a1ce7650804e1d3691bb
2025-11-10 18:26:00 - 参数：{"batchName":"QD202509180013","ceBillNo":"CE202510070068","ceDate":"2025-10-07T00:00:00.000Z","goodsType":"寄卖","developer":"liuyuling","saleName":"liangxihao","status":"materialComplete","eff":0.1,"skuIdList":["a25100700ux1869","a25100700ux1870","a25100700ux1871"],"createdBy":"P3-CreateCeSkuMaterialJob","modifiedBy":"mashengnan","referSku":"","platform":"US","ebayTraceMan":"liangxihao","developerList":["liuyuling"],"saleNameList":["liangxihao"],"ebayTraceManList":["liangxihao"],"platformList":["US"],"productLevelList":["A级"],"_id":"68d2a1ce7650804e1d3691bb","createdOn":"2025-09-23T21:34:06.133Z","modifiedOn":"2025-10-23T18:05:29.086Z","log":[],"__v":1}
2025-11-10 18:26:00 - 请求: GET：https://master-nodejs-poms-list-nest.ux168.cn/api/pa_ce_materials/queryPage?limit=1&page=1&ceBillNo=CE202508220276
2025-11-10 18:26:00 - 参数：[]
2025-11-10 18:26:00 - 请求: PUT：https://master-nodejs-poms-list-nest.ux168.cn/api/pa_ce_materials/6890b6cc3938f979f279a9c4
2025-11-10 18:26:00 - 参数：{"batchName":"QD202508010007","ceBillNo":"CE202508220276","ceDate":"2025-08-22T00:00:00.000Z","goodsType":"寄卖","developer":"liuyuling","saleName":"liangxihao","status":"materialComplete","eff":0.083,"skuIdList":["a25082200ux1312","a25082200ux1313","a25082200ux1314","a25082200ux1315"],"createdBy":"P3-CreateCeSkuMaterialJob","modifiedBy":"mashengnan","referSku":"","platform":"US","ebayTraceMan":"gonglanlan2","developerList":["liuyuling"],"saleNameList":["liangxihao"],"ebayTraceManList":["gonglanlan2","liangxihao"],"platformList":["US"],"productLevelList":["A级"],"_id":"6890b6cc3938f979f279a9c4","createdOn":"2025-08-04T21:34:04.244Z","modifiedOn":"2025-09-15T18:03:02.671Z","log":[],"__v":1}
2025-11-10 18:26:00 - 请求: GET：https://master-nodejs-poms-list-nest.ux168.cn/api/pa_ce_materials/queryPage?limit=1&page=1&ceBillNo=CE202510110014
2025-11-10 18:26:00 - 参数：[]
2025-11-10 18:26:00 - 请求: PUT：https://master-nodejs-poms-list-nest.ux168.cn/api/pa_ce_materials/68cc0a50f70566422a757665
2025-11-10 18:26:00 - 参数：{"batchName":"QD202509160033","ceBillNo":"CE202510110014","ceDate":"2025-10-11T00:00:00.000Z","goodsType":"寄卖","developer":"liuyuling","saleName":"liangxihao","status":"materialComplete","eff":0.1,"skuIdList":["a25101100ux0145","a25101100ux0146","a25101100ux0147","a25101100ux0148","a25101100ux0149"],"createdBy":"P3-CreateCeSkuMaterialJob","modifiedBy":"mashengnan","referSku":"","platform":"US","ebayTraceMan":"liangxihao","developerList":["liuyuling"],"saleNameList":["liangxihao"],"ebayTraceManList":["liangxihao"],"platformList":["US"],"productLevelList":["A级"],"_id":"68cc0a50f70566422a757665","createdOn":"2025-09-18T21:34:08.131Z","modifiedOn":"2025-10-23T18:06:35.871Z","log":[],"__v":1}
2025-11-10 18:26:00 - 请求: GET：https://master-nodejs-poms-list-nest.ux168.cn/api/pa_ce_materials/queryPage?limit=1&page=1&ceBillNo=CE202510290049
2025-11-10 18:26:00 - 参数：[]
2025-11-10 18:26:00 - 请求: PUT：https://master-nodejs-poms-list-nest.ux168.cn/api/pa_ce_materials/69019142a8018f74be779df2
2025-11-10 18:26:00 - 参数：{"batchName":"DPMO251020022","ceBillNo":"CE202510290049","ceDate":"2025-10-29T00:00:00.000Z","goodsType":"自营","developer":"liuyuling","saleName":"liuzhenni","status":"developerComplete","eff":0.2,"skuIdList":["a25102100ux0489","a25102100ux0491"],"createdBy":"P3-CreateCeSkuMaterialJob","modifiedBy":null,"referSku":"","platform":"US","ebayTraceMan":"liuzhenni","developerList":["liuyuling"],"saleNameList":["liuzhenni"],"ebayTraceManList":["liuzhenni"],"platformList":["US"],"productLevelList":["S级"],"_id":"69019142a8018f74be779df2","createdOn":"2025-10-29T12:00:02.712Z","modifiedOn":"2025-10-29T12:00:02.712Z","log":[],"__v":0}
2025-11-10 18:26:01 - 请求: GET：https://master-nodejs-poms-list-nest.ux168.cn/api/pa_ce_materials/queryPage?limit=1&page=1&ceBillNo=CE202510270064
2025-11-10 18:26:01 - 参数：[]
2025-11-10 18:26:01 - 请求: PUT：https://master-nodejs-poms-list-nest.ux168.cn/api/pa_ce_materials/68fa2ecc2a26034d88d4701f
2025-11-10 18:26:01 - 参数：{"batchName":"QD202510210010","ceBillNo":"CE202510270064","ceDate":"2025-10-27T00:00:00.000Z","goodsType":"寄卖","developer":"chenwenzhen","saleName":"liangxihao","status":"materialComplete","eff":0.1,"skuIdList":["a25102700ux0403","a25102700ux0404","a25102700ux0405","a25102700ux0406","a25102700ux0407","a25102700ux0408","a25102700ux0409","a25102700ux0410","a25102700ux0411","a25102700ux0412","a25102700ux0413","a25102700ux0414","a25102700ux0415","a25102700ux0416","a25102700ux0417","a25102700ux0418","a25102700ux0419","a25102700ux0420","a25102700ux0421","a25102700ux0422","a25102700ux0423","a25102700ux0424","a25102700ux0425","a25102700ux0426","a25102700ux0427","a25102700ux0428","a25102700ux0429","a25102700ux0430","a25102700ux0431","a25102700ux0432","a25102700ux0433","a25102700ux0434","a25102700ux0435","a25102700ux0436","a25102700ux0437","a25102700ux0438","a25102700ux0439","a25102700ux0440"],"createdBy":"P3-CreateCeSkuMaterialJob","modifiedBy":"chenwenzhen","referSku":"","platform":"DE","ebayTraceMan":"chenwenzhen","developerList":["chenwenzhen"],"saleNameList":["liangxihao"],"ebayTraceManList":["chenwenzhen"],"platformList":["DE"],"productLevelList":["A级"],"_id":"68fa2ecc2a26034d88d4701f","createdOn":"2025-10-23T21:34:04.823Z","modifiedOn":"2025-10-29T18:16:02.212Z","log":[],"__v":1}
2025-11-10 18:26:01 - 请求: GET：https://master-nodejs-poms-list-nest.ux168.cn/api/pa_ce_materials/queryPage?limit=1&page=1&ceBillNo=CE202508200085
2025-11-10 18:26:01 - 参数：[]
2025-11-10 18:26:01 - 请求: PUT：https://master-nodejs-poms-list-nest.ux168.cn/api/pa_ce_materials/68a54c3e40f8054f44fcd056
2025-11-10 18:26:01 - 参数：{"batchName":"DPMO250813016","ceBillNo":"CE202508200085","ceDate":"2025-08-20T00:00:00.000Z","goodsType":"自营","developer":"liuyuling","saleName":"liuzhenni","status":"developerComplete","eff":0.2,"skuIdList":["a25081400ux0351"],"createdBy":"P3-CreateCeSkuMaterialJob","modifiedBy":null,"referSku":"","platform":"US","ebayTraceMan":"liuzhenni","developerList":["liuyuling"],"saleNameList":["liuzhenni"],"ebayTraceManList":["liuzhenni"],"platformList":["US"],"productLevelList":["S级"],"_id":"68a54c3e40f8054f44fcd056","createdOn":"2025-08-20T12:17:02.298Z","modifiedOn":"2025-08-20T12:17:02.298Z","log":[],"__v":0}
2025-11-10 18:26:01 - 请求: GET：https://master-nodejs-poms-list-nest.ux168.cn/api/pa_ce_materials/queryPage?limit=1&page=1&ceBillNo=CE202510310130
2025-11-10 18:26:01 - 参数：[]
2025-11-10 18:26:01 - 请求: PUT：https://master-nodejs-poms-list-nest.ux168.cn/api/pa_ce_materials/68dbdc49b167b8661b101306
2025-11-10 18:26:01 - 参数：{"batchName":"QD202509180012","ceBillNo":"CE202510310130","ceDate":"2025-10-31T00:00:00.000Z","goodsType":"寄卖","developer":"liuyuling","saleName":"liangxihao","status":"developerComplete","eff":0.1,"skuIdList":["a25103100ux0794","a25103100ux0795"],"createdBy":"P3-CreateCeSkuMaterialJob","modifiedBy":"P3-CreateCeSkuMaterialJob","referSku":"","platform":"US","ebayTraceMan":"liangxihao","developerList":["liuyuling"],"saleNameList":["liangxihao"],"ebayTraceManList":["liangxihao"],"platformList":["US"],"productLevelList":["A级"],"_id":"68dbdc49b167b8661b101306","createdOn":"2025-09-30T21:34:01.652Z","modifiedOn":"2025-10-31T16:34:00.911Z","log":[],"__v":1}
2025-11-10 18:26:01 - 请求: GET：https://master-nodejs-poms-list-nest.ux168.cn/api/pa_ce_materials/queryPage?limit=1&page=1&ceBillNo=CE202510310144
2025-11-10 18:26:01 - 参数：[]
2025-11-10 18:26:01 - 请求: PUT：https://master-nodejs-poms-list-nest.ux168.cn/api/pa_ce_materials/68f78bcbeb7d48750099f05e
2025-11-10 18:26:01 - 参数：{"batchName":"QD202510160018","ceBillNo":"CE202510310144","ceDate":"2025-10-31T00:00:00.000Z","goodsType":"寄卖","developer":"chenwenzhen","saleName":"liangxihao","status":"materialComplete","eff":0.1,"skuIdList":["a25103100ux1576","a25103100ux1577","a25103100ux1578","a25103100ux1579","a25103100ux1580","a25103100ux1581","a25103100ux1582","a25103100ux1583","a25103100ux1584"],"createdBy":"P3-CreateCeSkuMaterialJob","modifiedBy":"chenwenzhen","referSku":"","platform":"DE","ebayTraceMan":"chenwenzhen","developerList":["chenwenzhen"],"saleNameList":["liangxihao"],"ebayTraceManList":["chenwenzhen"],"platformList":["DE"],"productLevelList":["A级"],"_id":"68f78bcbeb7d48750099f05e","createdOn":"2025-10-21T21:34:03.861Z","modifiedOn":"2025-11-03T15:56:10.440Z","log":[],"__v":1}
