2024-10-11 08:49:39 - 结束
2024-10-11 08:50:34 - 结束
2024-10-11 08:52:06 - 20240926 - 张雅婷 - 1 开始更新
2024-10-11 08:52:06 - salesBrand: VOCOSTE -> GLIDESMOOTH
2024-10-11 08:52:06 - success
2024-10-11 08:52:06 - 明细 开始更新
2024-10-11 08:52:06 - 宠物雨衣 款式：2XL码296款雨衣绿青蛙四脚衣 颜色：绿色 材质：涤纶  卖法： 1pcs
2024-10-11 08:52:06 - salesBrand: VOCOSTE -> GLIDESMOOTH
2024-10-11 08:52:07 - update pa product detail success
2024-10-11 08:52:07 - a24101100ux1483 不存在POMS
2024-10-11 08:52:07 - 宠物雨衣 款式：4XL码296款雨衣绿青蛙四脚衣 颜色：绿色 材质：涤纶  卖法： 1pcs
2024-10-11 08:52:07 - salesBrand: VOCOSTE -> GLIDESMOOTH
2024-10-11 08:52:07 - update pa product detail success
2024-10-11 08:52:07 - a24101100ux1484 不存在POMS
2024-10-11 08:52:07 - 宠物雨衣 款式：L码296款雨衣绿青蛙四脚衣 颜色：绿色 材质：涤纶  卖法： 1pcs
2024-10-11 08:52:07 - salesBrand: VOCOSTE -> GLIDESMOOTH
2024-10-11 08:52:07 - update pa product detail success
2024-10-11 08:52:07 - a24101100ux1482 不存在POMS
2024-10-11 08:52:07 - 宠物雨衣 款式：3XL中大型犬全包雨衣 颜色：蓝色鲨鱼 材质：涤塔夫 货号：2112SXSL9798-SX 卖法： 1pcs
2024-10-11 08:52:07 - salesBrand: VOCOSTE -> GLIDESMOOTH
2024-10-11 08:52:07 - update pa product detail success
2024-10-11 08:52:07 - a24101100ux1476 不存在POMS
2024-10-11 08:52:07 - 宠物雨衣 款式：3XL码反光宠物雨衣 颜色：荧光黄 材质：防水PU 货号：RC6 卖法： 1pcs
2024-10-11 08:52:07 - salesBrand: VOCOSTE -> GLIDESMOOTH
2024-10-11 08:52:07 - update pa product detail success
2024-10-11 08:52:07 - a24101100ux1475 不存在POMS
2024-10-11 08:52:07 - 宠物雨衣 款式：L码包脚雨衣天蓝口袋 颜色：蓝色 材质：涤纶  卖法： 1pcs
2024-10-11 08:52:07 - salesBrand: VOCOSTE -> GLIDESMOOTH
2024-10-11 08:52:07 - update pa product detail success
2024-10-11 08:52:07 - a24101100ux1479 不存在POMS
2024-10-11 08:52:07 - 宠物雨衣 款式：XXL码包脚雨衣天蓝口袋 颜色：蓝色 材质：涤纶  卖法： 1pcs
2024-10-11 08:52:07 - salesBrand: VOCOSTE -> GLIDESMOOTH
2024-10-11 08:52:07 - update pa product detail success
2024-10-11 08:52:07 - a24101100ux1481 不存在POMS
2024-10-11 08:52:07 - 宠物雨衣 款式：5XL中大型犬全包雨衣 颜色：蓝色鲨鱼 材质：涤塔夫 货号：2112SXSL9798-SX 卖法： 1pcs
2024-10-11 08:52:07 - salesBrand: VOCOSTE -> GLIDESMOOTH
2024-10-11 08:52:07 - update pa product detail success
2024-10-11 08:52:07 - a24101100ux1477 不存在POMS
2024-10-11 08:52:07 - 宠物雨衣 款式：XL码包脚雨衣天蓝口袋 颜色：蓝色 材质：涤纶  卖法： 1pcs
2024-10-11 08:52:07 - salesBrand: VOCOSTE -> GLIDESMOOTH
2024-10-11 08:52:08 - update pa product detail success
2024-10-11 08:52:08 - a24101100ux1480 不存在POMS
2024-10-11 08:52:08 - 宠物雨衣 款式：M码包脚雨衣天蓝口袋 颜色：蓝色 材质：涤纶  卖法： 1pcs
2024-10-11 08:52:08 - salesBrand: VOCOSTE -> GLIDESMOOTH
2024-10-11 08:52:08 - update pa product detail success
2024-10-11 08:52:08 - a24101100ux1478 不存在POMS
2024-10-11 08:52:08 - 宠物雨衣 款式：2XL码反光宠物雨衣 颜色：荧光黄 材质：防水PU 货号：RC6 卖法： 1pcs
2024-10-11 08:52:08 - salesBrand: VOCOSTE -> GLIDESMOOTH
2024-10-11 08:52:08 - update pa product detail success
2024-10-11 08:52:08 - a24101100ux1474 不存在POMS
2024-10-11 08:52:08 - 宠物雨衣 款式：2XL码短袖四脚雨衣 颜色：湖蓝色 材质：尼龙涂层 货号：RC8 卖法： 1pcs
2024-10-11 08:52:08 - salesBrand: VOCOSTE -> GLIDESMOOTH
2024-10-11 08:52:08 - update pa product detail success
2024-10-11 08:52:08 - a24101100ux1471 不存在POMS
2024-10-11 08:52:08 - 宠物雨衣 款式：XL码短袖四脚雨衣 颜色：湖蓝色 材质：尼龙涂层 货号：RC8 卖法： 1pcs
2024-10-11 08:52:08 - salesBrand: VOCOSTE -> GLIDESMOOTH
2024-10-11 08:52:08 - update pa product detail success
2024-10-11 08:52:08 - a24101100ux1470 不存在POMS
2024-10-11 08:52:08 - 宠物雨衣 款式：L码反光宠物雨衣 颜色：荧光黄 材质：防水PU 货号：RC6 卖法： 1pcs
2024-10-11 08:52:08 - salesBrand: VOCOSTE -> GLIDESMOOTH
2024-10-11 08:52:08 - update pa product detail success
2024-10-11 08:52:08 - a24101100ux1472 不存在POMS
2024-10-11 08:52:08 - 宠物雨衣 款式：L码短袖四脚雨衣 颜色：湖蓝色 材质：尼龙涂层 货号：RC8 卖法： 1pcs
2024-10-11 08:52:08 - salesBrand: VOCOSTE -> GLIDESMOOTH
2024-10-11 08:52:09 - update pa product detail success
2024-10-11 08:52:09 - a24101100ux1469 不存在POMS
2024-10-11 08:52:09 - 宠物雨衣 款式：XL码反光宠物雨衣 颜色：荧光黄 材质：防水PU 货号：RC6 卖法： 1pcs
2024-10-11 08:52:09 - salesBrand: VOCOSTE -> GLIDESMOOTH
2024-10-11 08:52:09 - update pa product detail success
2024-10-11 08:52:09 - a24101100ux1473 不存在POMS
2024-10-11 08:52:09 - 宠物雨衣 款式：M码短袖四脚雨衣 颜色：湖蓝色 材质：尼龙涂层 货号：RC8 卖法： 1pcs
2024-10-11 08:52:09 - salesBrand: VOCOSTE -> GLIDESMOOTH
2024-10-11 08:52:09 - update pa product detail success
2024-10-11 08:52:09 - a24101100ux1468 不存在POMS
2024-10-11 08:52:09 - 宠物雨衣 款式：2XL码全包四脚防水雨披 颜色：拼色米白绿(特价) 材质：涤纶 货号：反光拼色雨衣 卖法： 1pcs
2024-10-11 08:52:09 - salesBrand:  -> GLIDESMOOTH
2024-10-11 08:52:09 - update pa product detail success
2024-10-11 08:52:09 -  不存在POMS
2024-10-11 08:52:09 - 宠物雨衣 款式：XL码全包四脚防水雨披 颜色：拼色米白蓝(特价) 材质：涤纶 货号：反光拼色雨衣 卖法： 1pcs
2024-10-11 08:52:09 - salesBrand:  -> GLIDESMOOTH
2024-10-11 08:52:09 - update pa product detail success
2024-10-11 08:52:09 -  不存在POMS
2024-10-11 08:52:09 - 宠物雨衣 款式：L码全包四脚防水雨披 颜色：拼色米白绿(特价) 材质：涤纶 货号：反光拼色雨衣 卖法： 1pcs
2024-10-11 08:52:09 - salesBrand:  -> GLIDESMOOTH
2024-10-11 08:52:09 - update pa product detail success
2024-10-11 08:52:09 -  不存在POMS
2024-10-11 08:52:09 - 宠物雨衣 款式：M码全包四脚防水雨披 颜色：拼色米白绿(特价) 材质：涤纶 货号：反光拼色雨衣 卖法： 1pcs
2024-10-11 08:52:09 - salesBrand:  -> GLIDESMOOTH
2024-10-11 08:52:09 - update pa product detail success
2024-10-11 08:52:09 -  不存在POMS
2024-10-11 08:52:09 - 宠物雨衣 款式：XL码全包四脚防水雨披 颜色：拼色米白绿(特价) 材质：涤纶 货号：反光拼色雨衣 卖法： 1pcs
2024-10-11 08:52:09 - salesBrand:  -> GLIDESMOOTH
2024-10-11 08:52:10 - update pa product detail success
2024-10-11 08:52:10 -  不存在POMS
2024-10-11 08:52:10 - 宠物雨衣 款式：2XL码全包四脚防水雨披 颜色：拼色米白蓝(特价) 材质：涤纶 货号：反光拼色雨衣 卖法： 1pcs
2024-10-11 08:52:10 - salesBrand:  -> GLIDESMOOTH
2024-10-11 08:52:10 - update pa product detail success
2024-10-11 08:52:10 -  不存在POMS
2024-10-11 08:52:10 - 宠物雨衣 款式：L码全包四脚防水雨披 颜色：拼色米白蓝(特价) 材质：涤纶 货号：反光拼色雨衣 卖法： 1pcs
2024-10-11 08:52:10 - salesBrand:  -> GLIDESMOOTH
2024-10-11 08:52:10 - update pa product detail success
2024-10-11 08:52:10 -  不存在POMS
2024-10-11 08:52:10 - 宠物雨衣 款式：M码全包四脚防水雨披 颜色：拼色米白蓝(特价) 材质：涤纶 货号：反光拼色雨衣 卖法： 1pcs
2024-10-11 08:52:10 - salesBrand:  -> GLIDESMOOTH
2024-10-11 08:52:10 - update pa product detail success
2024-10-11 08:52:10 -  不存在POMS
2024-10-11 08:52:10 -  不存在清单列表
2024-10-11 08:52:10 -  不存在清单列表
2024-10-11 08:52:10 -  不存在清单列表
2024-10-11 08:52:10 -  不存在清单列表
2024-10-11 08:52:10 -  不存在清单列表
2024-10-11 08:52:10 -  不存在清单列表
2024-10-11 08:52:10 -  不存在清单列表
2024-10-11 08:52:10 -  不存在清单列表
2024-10-11 08:52:10 -  不存在清单列表
2024-10-11 08:52:10 -  不存在清单列表
2024-10-11 08:52:10 -  不存在清单列表
2024-10-11 08:52:10 -  不存在清单列表
2024-10-11 08:52:10 -  不存在清单列表
2024-10-11 08:52:10 -  不存在清单列表
2024-10-11 08:52:10 -  不存在清单列表
2024-10-11 08:52:10 -  不存在清单列表
2024-10-11 08:52:10 -  不存在清单列表
2024-10-11 08:52:10 -  不存在清单列表
2024-10-11 08:52:10 -  不存在清单列表
2024-10-11 08:52:10 -  不存在清单列表
2024-10-11 08:52:10 -  不存在清单列表
2024-10-11 08:52:10 -  不存在清单列表
2024-10-11 08:52:10 -  不存在清单列表
2024-10-11 08:52:10 -  不存在清单列表
2024-10-11 08:52:10 -  不存在清单列表
2024-10-11 08:52:10 -  不存在清单列表
2024-10-11 08:52:10 -  不存在清单列表
2024-10-11 08:52:10 -  不存在清单列表
2024-10-11 08:52:10 -  不存在清单列表
2024-10-11 08:52:10 -  不存在清单列表
2024-10-11 08:52:10 -  不存在清单列表
2024-10-11 08:52:10 -  不存在清单列表
2024-10-11 08:52:10 -  不存在清单列表
2024-10-11 08:52:10 -  不存在清单列表
2024-10-11 08:52:10 -  不存在清单列表
2024-10-11 08:52:10 -  不存在清单列表
2024-10-11 08:52:10 -  不存在清单列表
2024-10-11 08:52:10 -  不存在清单列表
2024-10-11 08:52:10 -  不存在清单列表
2024-10-11 08:52:10 -  不存在清单列表
2024-10-11 08:52:10 -  不存在清单列表
2024-10-11 08:52:10 -  不存在清单列表
2024-10-11 08:52:10 -  不存在清单列表
2024-10-11 08:52:10 -  不存在清单列表
2024-10-11 08:52:10 -  不存在清单列表
2024-10-11 08:52:10 -  不存在清单列表
2024-10-11 08:52:10 -  不存在清单列表
2024-10-11 08:52:10 -  不存在清单列表
2024-10-11 08:52:10 -  不存在清单列表
2024-10-11 08:52:10 -  不存在清单列表
2024-10-11 08:52:10 -  不存在清单列表
2024-10-11 08:52:10 -  不存在清单列表
2024-10-11 08:52:10 -  不存在清单列表
2024-10-11 08:52:10 -  不存在清单列表
2024-10-11 08:52:10 -  不存在清单列表
2024-10-11 08:52:10 -  不存在清单列表
2024-10-11 08:52:10 -  不存在清单列表
2024-10-11 08:52:10 -  不存在清单列表
2024-10-11 08:52:10 -  不存在清单列表
2024-10-11 08:52:10 -  不存在清单列表
2024-10-11 08:52:10 -  不存在清单列表
2024-10-11 08:52:10 -  不存在清单列表
2024-10-11 08:52:10 -  不存在清单列表
2024-10-11 08:52:10 -  不存在清单列表
2024-10-11 08:52:10 -  不存在清单列表
2024-10-11 08:52:10 -  不存在清单列表
2024-10-11 08:52:10 -  不存在清单列表
2024-10-11 08:52:10 -  不存在清单列表
2024-10-11 08:52:10 -  不存在清单列表
2024-10-11 08:52:10 -  不存在清单列表
2024-10-11 08:52:10 -  不存在清单列表
2024-10-11 08:52:10 - 结束
2024-10-11 09:18:53 - 20240925 - 张雅婷 - 1 开始更新
2024-10-11 09:18:53 - salesBrand: VOCOSTE -> GLIDESMOOTH
2024-10-11 09:18:53 - success
2024-10-11 09:18:53 - 明细 开始更新
2024-10-11 09:18:53 - 健身包 款式：干湿分离运动瑜伽包 颜色：黑色 材质：防水牛津布 货号：QX-907 卖法： 1pcs
2024-10-11 09:18:53 - salesBrand: VOCOSTE -> GLIDESMOOTH
2024-10-11 09:18:53 - update pa product detail success
2024-10-11 09:18:53 - a24101000ux0850 不存在POMS
2024-10-11 09:18:53 -  不存在清单列表
2024-10-11 09:18:53 -  不存在清单列表
2024-10-11 09:18:53 -  不存在清单列表
2024-10-11 09:18:53 -  不存在清单列表
2024-10-11 09:18:53 -  不存在清单列表
2024-10-11 09:18:53 -  不存在清单列表
2024-10-11 09:18:53 -  不存在清单列表
2024-10-11 09:18:53 -  不存在清单列表
2024-10-11 09:18:53 -  不存在清单列表
2024-10-11 09:18:53 -  不存在清单列表
2024-10-11 09:18:53 -  不存在清单列表
2024-10-11 09:18:53 -  不存在清单列表
2024-10-11 09:18:53 -  不存在清单列表
2024-10-11 09:18:53 -  不存在清单列表
2024-10-11 09:18:53 -  不存在清单列表
2024-10-11 09:18:53 -  不存在清单列表
2024-10-11 09:18:53 -  不存在清单列表
2024-10-11 09:18:53 -  不存在清单列表
2024-10-11 09:18:53 -  不存在清单列表
2024-10-11 09:18:53 -  不存在清单列表
2024-10-11 09:18:53 -  不存在清单列表
2024-10-11 09:18:53 -  不存在清单列表
2024-10-11 09:18:53 - 结束
