[2024-08-01 17:46:12] FixLogger.INFO: 20230301 - 黎乾海 - 2 开始更新 [] []
[2024-08-01 17:46:12] FixLogger.INFO: salesBrand: uxcell -> ACROPIX [] []
[2024-08-01 17:46:12] FixLogger.INFO: success [] []
[2024-08-01 17:46:12] FixLogger.INFO: ACROPIX: 扣分加分 [] []
[2024-08-01 17:46:12] FixLogger.INFO: 20230301 - 吴楚卓 - 3 开始更新 [] []
[2024-08-01 17:46:12] FixLogger.INFO: salesBrand: X AUTOHAUX -> A ABSOPRO [] []
[2024-08-01 17:46:12] FixLogger.INFO: success [] []
[2024-08-01 17:46:12] FixLogger.INFO: A ABSOPRO: 扣分加分 [] []
[2024-08-01 17:46:12] FixLogger.INFO: [] [] []
[2024-08-01 17:46:12] FixLogger.INFO: 结束 [] []
[2024-08-01 17:51:05] FixLogger.INFO: 20240711 - 杜启良 - 1 开始更新 [] []
[2024-08-01 17:51:05] FixLogger.INFO: salesBrand: Partuto -> ACROPIX [] []
[2024-08-01 17:51:05] FixLogger.INFO: success [] []
[2024-08-01 17:51:05] FixLogger.INFO: ACROPIX: 扣分加分 [] []
[2024-08-01 17:51:05] FixLogger.INFO: [] [] []
[2024-08-01 17:51:05] FixLogger.INFO: 结束 [] []
[2024-08-01 17:51:44] FixLogger.INFO: 20240711 - 杜启良 - 1 开始更新 [] []
[2024-08-01 17:51:44] FixLogger.INFO: salesBrand: ACROPIX -> ACROPIX [] []
[2024-08-01 17:51:51] FixLogger.INFO: success [] []
[2024-08-01 17:51:57] FixLogger.INFO: ACROPIX: 扣分加分 [] []
[2024-08-01 18:11:23] FixLogger.INFO: 20240711 - 杜启良 - 1 开始更新 [] []
[2024-08-01 18:11:23] FixLogger.INFO: salesBrand: ACROPIX -> ACROPIX [] []
[2024-08-01 18:11:30] FixLogger.INFO: 20240711 - 杜启良 - 1 开始更新 [] []
[2024-08-01 18:11:30] FixLogger.INFO: salesBrand: ACROPIX -> ACROPIX [] []
[2024-08-01 18:11:30] FixLogger.INFO: success [] []
[2024-08-01 18:11:30] FixLogger.INFO: ACROPIX: 扣分加分 [] []
[2024-08-01 18:12:58] FixLogger.INFO: 20240711 - 杜启良 - 1 开始更新 [] []
[2024-08-01 18:12:58] FixLogger.INFO: salesBrand: ACROPIX -> ACROPIX [] []
[2024-08-01 18:12:58] FixLogger.INFO: success [] []
[2024-08-01 18:12:58] FixLogger.INFO: ACROPIX: 扣分加分 [] []
[2024-08-01 18:13:02] FixLogger.INFO: {"status":"success","msg":"你已经成功更新过该ACROPIX品牌"} [] []
[2024-08-01 18:13:02] FixLogger.INFO: 结束 [] []
[2024-08-01 18:15:17] FixLogger.INFO: 20240711 - 杜启良 - 1 开始更新 [] []
[2024-08-01 18:15:17] FixLogger.INFO: success [] []
[2024-08-01 18:15:17] FixLogger.INFO: ACROPIX: 扣分加分 [] []
[2024-08-01 18:15:17] FixLogger.INFO: {"status":"success","msg":"修改品牌为ACROPIX成功，明细数量5个"} [] []
[2024-08-01 18:15:17] FixLogger.INFO: 结束 [] []
[2024-08-01 18:17:12] FixLogger.INFO: 20240711 - 杜启良 - 1 开始更新 [] []
[2024-08-01 18:17:12] FixLogger.INFO: salesBrand: ACROPIX -> ACROPIX [] []
[2024-08-01 18:17:12] FixLogger.INFO: success [] []
[2024-08-01 18:17:12] FixLogger.INFO: 明细 开始更新 [] []
[2024-08-01 18:17:12] FixLogger.INFO: 汽配 062505  1Set 卖法： 1Set [] []
[2024-08-01 18:17:12] FixLogger.INFO: salesBrand: ACROPIX -> ACROPIX [] []
[2024-08-01 18:17:12] FixLogger.INFO: success [] []
[2024-08-01 18:17:12] FixLogger.INFO: 汽配 062504  1Set 卖法： 1Set [] []
[2024-08-01 18:17:12] FixLogger.INFO: salesBrand: ACROPIX -> ACROPIX [] []
[2024-08-01 18:17:12] FixLogger.INFO: success [] []
[2024-08-01 18:17:12] FixLogger.INFO: 汽配 062503  1Set 卖法： 1Set [] []
[2024-08-01 18:17:12] FixLogger.INFO: salesBrand: ACROPIX -> ACROPIX [] []
[2024-08-01 18:17:12] FixLogger.INFO: success [] []
[2024-08-01 18:17:12] FixLogger.INFO: 汽配 062502  1Set 卖法： 1Set [] []
[2024-08-01 18:17:12] FixLogger.INFO: salesBrand: ACROPIX -> ACROPIX [] []
[2024-08-01 18:17:12] FixLogger.INFO: success [] []
[2024-08-01 18:17:12] FixLogger.INFO: 汽配 062501  1Set 卖法： 1Set [] []
[2024-08-01 18:17:12] FixLogger.INFO: salesBrand: ACROPIX -> ACROPIX [] []
[2024-08-01 18:17:12] FixLogger.INFO: success [] []
[2024-08-01 18:17:12] FixLogger.INFO: 结束 [] []
[2024-08-01 18:18:18] FixLogger.INFO: 20240711 - 杜启良 - 1 开始更新 [] []
[2024-08-01 18:18:18] FixLogger.INFO: developer: duqiliang -> linzejian [] []
[2024-08-01 18:18:18] FixLogger.INFO: platform: UK -> PA [] []
[2024-08-01 18:18:18] FixLogger.INFO: salesBrand: ACROPIX -> Motoforti [] []
[2024-08-01 18:18:18] FixLogger.INFO: success [] []
[2024-08-01 18:18:18] FixLogger.INFO: 明细 开始更新 [] []
[2024-08-01 18:18:18] FixLogger.INFO: 汽配 062505  1Set 卖法： 1Set [] []
[2024-08-01 18:18:18] FixLogger.INFO: salesBrand: ACROPIX -> Motoforti [] []
[2024-08-01 18:18:18] FixLogger.INFO: success [] []
[2024-08-01 18:18:18] FixLogger.INFO: 汽配 062504  1Set 卖法： 1Set [] []
[2024-08-01 18:18:18] FixLogger.INFO: salesBrand: ACROPIX -> Motoforti [] []
[2024-08-01 18:18:18] FixLogger.INFO: success [] []
[2024-08-01 18:18:18] FixLogger.INFO: 汽配 062503  1Set 卖法： 1Set [] []
[2024-08-01 18:18:18] FixLogger.INFO: salesBrand: ACROPIX -> Motoforti [] []
[2024-08-01 18:18:18] FixLogger.INFO: success [] []
[2024-08-01 18:18:18] FixLogger.INFO: 汽配 062502  1Set 卖法： 1Set [] []
[2024-08-01 18:18:18] FixLogger.INFO: salesBrand: ACROPIX -> Motoforti [] []
[2024-08-01 18:18:18] FixLogger.INFO: success [] []
[2024-08-01 18:18:18] FixLogger.INFO: 汽配 062501  1Set 卖法： 1Set [] []
[2024-08-01 18:18:18] FixLogger.INFO: salesBrand: ACROPIX -> Motoforti [] []
[2024-08-01 18:18:18] FixLogger.INFO: success [] []
[2024-08-01 18:18:18] FixLogger.INFO: 结束 [] []
