2024-10-18 06:56:25 - 结束
2024-10-18 06:58:10 - 20240910 - 董莹 - 2 开始更新
2024-10-18 06:58:10 - tag: 产品目录 -> 垂直专业化
2024-10-18 06:58:10 - tag2: 产品目录 -> 垂直专业化
2024-10-18 06:58:11 - success
2024-10-18 06:58:11 - 明细 开始更新
2024-10-18 06:58:12 - （来货要求中性无标）燃油管 材质：CPE橡胶外不锈钢编织 颜色：银色 规格：AN-20  外径：35.58mm 长度：366cm/12ft 卖法： 1pcs
2024-10-18 06:58:12 - 不需要更新明细
2024-10-18 06:58:12 - a24091900ux1797 开始修改
2024-10-18 06:58:12 - 业务不一样可以修改：产品目录 --> 垂直专业化
2024-10-18 06:58:12 - update sku success
2024-10-18 06:58:12 - （来货要求中性无标）燃油管 材质：CPE橡胶外不锈钢编织 颜色：银色 规格：AN-16  外径：29.36mm 长度：366cm/12ft 卖法： 1pcs
2024-10-18 06:58:12 - 不需要更新明细
2024-10-18 06:58:12 - a24091900ux1796 开始修改
2024-10-18 06:58:12 - 业务不一样可以修改：产品目录 --> 垂直专业化
2024-10-18 06:58:12 - update sku success
2024-10-18 06:58:12 - （来货要求中性无标）燃油管 材质：CPE橡胶外不锈钢编织 颜色：银色 规格：AN-10  外径：20.24mm 长度：366cm/12ft 卖法： 1pcs
2024-10-18 06:58:12 - 不需要更新明细
2024-10-18 06:58:12 - a24091900ux1794 开始修改
2024-10-18 06:58:12 - 业务不一样可以修改：产品目录 --> 垂直专业化
2024-10-18 06:58:12 - update sku success
2024-10-18 06:58:12 - （来货要求中性无标）燃油管 材质：CPE橡胶外不锈钢编织 颜色：银色 规格：AN-12  外径：23.82mm 长度：366cm/12ft 卖法： 1pcs
2024-10-18 06:58:12 - 不需要更新明细
2024-10-18 06:58:12 - a24091900ux1795 开始修改
2024-10-18 06:58:12 - 业务不一样可以修改：产品目录 --> 垂直专业化
2024-10-18 06:58:12 - update sku success
2024-10-18 06:58:12 - （来货要求中性无标）燃油管 材质：CPE橡胶外不锈钢编织 颜色：银色 规格：AN-8  外径：16.28mm 长度：366cm/12ft 卖法： 1pcs
2024-10-18 06:58:12 - 不需要更新明细
2024-10-18 06:58:12 - a24091900ux1793 开始修改
2024-10-18 06:58:12 - 业务不一样可以修改：产品目录 --> 垂直专业化
2024-10-18 06:58:13 - update sku success
2024-10-18 06:58:13 - （来货要求中性无标）燃油管 材质：CPE橡胶外不锈钢编织 颜色：银色 规格：AN-6  外径：13.89mm 长度：366cm/12ft 卖法： 1pcs
2024-10-18 06:58:13 - 不需要更新明细
2024-10-18 06:58:13 - a24091900ux1792 开始修改
2024-10-18 06:58:13 - 业务不一样可以修改：产品目录 --> 垂直专业化
2024-10-18 06:58:13 - update sku success
2024-10-18 06:58:13 - （来货要求中性无标）燃油管 材质：CPE橡胶外不锈钢编织 颜色：银色 规格：AN-12  外径：23.82mm 长度：199cm/6.5ft 卖法： 1pcs
2024-10-18 06:58:13 - 不需要更新明细
2024-10-18 06:58:13 - a24091900ux1788 开始修改
2024-10-18 06:58:13 - 业务不一样可以修改：产品目录 --> 垂直专业化
2024-10-18 06:58:14 - update sku success
2024-10-18 06:58:14 - （来货要求中性无标）燃油管 材质：CPE橡胶外不锈钢编织 颜色：银色 规格：AN-10  外径：20.24mm 长度：199cm/6.5ft 卖法： 1pcs
2024-10-18 06:58:14 - 不需要更新明细
2024-10-18 06:58:14 - a24091900ux1787 开始修改
2024-10-18 06:58:14 - 业务不一样可以修改：产品目录 --> 垂直专业化
2024-10-18 06:58:14 - update sku success
2024-10-18 06:58:14 - （来货要求中性无标）燃油管 材质：CPE橡胶外不锈钢编织 颜色：银色 规格：AN-20  外径：35.58mm 长度：199cm/6.5ft 卖法： 1pcs
2024-10-18 06:58:14 - 不需要更新明细
2024-10-18 06:58:14 - a24091900ux1790 开始修改
2024-10-18 06:58:14 - 业务不一样可以修改：产品目录 --> 垂直专业化
2024-10-18 06:58:14 - update sku success
2024-10-18 06:58:14 - （来货要求中性无标）燃油管 材质：CPE橡胶外不锈钢编织 颜色：银色 规格：AN-4  外径：11.18mm 长度：366cm/12ft 卖法： 1pcs
2024-10-18 06:58:14 - 不需要更新明细
2024-10-18 06:58:14 - a24091900ux1791 开始修改
2024-10-18 06:58:14 - 业务不一样可以修改：产品目录 --> 垂直专业化
2024-10-18 06:58:15 - update sku success
2024-10-18 06:58:15 - （来货要求中性无标）燃油管 材质：CPE橡胶外不锈钢编织 颜色：银色 规格：AN-16  外径：29.36mm 长度：199cm/6.5ft 卖法： 1pcs
2024-10-18 06:58:15 - 不需要更新明细
2024-10-18 06:58:15 - a24091900ux1789 开始修改
2024-10-18 06:58:15 - 业务不一样可以修改：产品目录 --> 垂直专业化
2024-10-18 06:58:15 - update sku success
2024-10-18 06:58:15 - （来货要求中性无标）燃油管 材质：CPE橡胶外不锈钢编织 颜色：银色 规格：AN-8  外径：16.28mm 长度：199cm/6.5ft 卖法： 1pcs
2024-10-18 06:58:15 - 不需要更新明细
2024-10-18 06:58:15 - a24091900ux1786 开始修改
2024-10-18 06:58:15 - 业务不一样可以修改：产品目录 --> 垂直专业化
2024-10-18 06:58:15 - update sku success
2024-10-18 06:58:15 - （来货要求中性无标）燃油管 材质：CPE橡胶外不锈钢编织 颜色：银色 规格：AN-6  外径：13.89mm 长度：199cm/6.5ft 卖法： 1pcs
2024-10-18 06:58:15 - 不需要更新明细
2024-10-18 06:58:15 - a24091900ux1785 开始修改
2024-10-18 06:58:15 - 业务不一样可以修改：产品目录 --> 垂直专业化
2024-10-18 06:58:15 - update sku success
2024-10-18 06:58:15 - （来货要求中性无标）燃油管 材质：CPE橡胶外不锈钢编织 颜色：银色 规格：AN-4  外径：11.18mm 长度：199cm/6.5ft 卖法： 1pcs
2024-10-18 06:58:15 - 不需要更新明细
2024-10-18 06:58:15 - a24091900ux1784 开始修改
2024-10-18 06:58:15 - 业务不一样可以修改：产品目录 --> 垂直专业化
2024-10-18 06:58:16 - update sku success
2024-10-18 06:58:16 - （来货要求中性无标）燃油管 材质：CPE橡胶外不锈钢编织 颜色：银色 规格：AN-20  外径：35.58mm 长度：183cm/6ft 卖法： 1pcs
2024-10-18 06:58:16 - 不需要更新明细
2024-10-18 06:58:16 - a24091900ux1783 开始修改
2024-10-18 06:58:16 - 业务不一样可以修改：产品目录 --> 垂直专业化
2024-10-18 06:58:16 - update sku success
2024-10-18 06:58:16 - （来货要求中性无标）燃油管 材质：CPE橡胶外不锈钢编织 颜色：银色 规格：AN-16  外径：29.36mm 长度：183cm/6ft 卖法： 1pcs
2024-10-18 06:58:16 - 不需要更新明细
2024-10-18 06:58:16 - a24091900ux1782 开始修改
2024-10-18 06:58:16 - 业务不一样可以修改：产品目录 --> 垂直专业化
2024-10-18 06:58:16 - update sku success
2024-10-18 06:58:16 - （来货要求中性无标）燃油管 材质：CPE橡胶外不锈钢编织 颜色：银色 规格：AN-12  外径：23.82mm 长度：183cm/6ft 卖法： 1pcs
2024-10-18 06:58:16 - 不需要更新明细
2024-10-18 06:58:16 - a24091900ux1781 开始修改
2024-10-18 06:58:16 - 业务不一样可以修改：产品目录 --> 垂直专业化
2024-10-18 06:58:17 - update sku success
2024-10-18 06:58:17 - （来货要求中性无标）燃油管 材质：CPE橡胶外不锈钢编织 颜色：银色 规格：AN-10  外径：20.24mm 长度：183cm/6ft 卖法： 1pcs
2024-10-18 06:58:17 - 不需要更新明细
2024-10-18 06:58:17 - a24091900ux1780 开始修改
2024-10-18 06:58:17 - 业务不一样可以修改：产品目录 --> 垂直专业化
2024-10-18 06:58:17 - update sku success
2024-10-18 06:58:17 - （来货要求中性无标）燃油管 材质：CPE橡胶外不锈钢编织 颜色：银色 规格：AN-6  外径：13.89mm 长度：183cm/6ft 卖法： 1pcs
2024-10-18 06:58:17 - 不需要更新明细
2024-10-18 06:58:17 - a24091900ux1778 开始修改
2024-10-18 06:58:17 - 业务不一样可以修改：产品目录 --> 垂直专业化
2024-10-18 06:58:17 - update sku success
2024-10-18 06:58:17 - （来货要求中性无标）燃油管 材质：CPE橡胶外不锈钢编织 颜色：银色 规格：AN-8  外径：16.28mm 长度：183cm/6ft 卖法： 1pcs
2024-10-18 06:58:17 - 不需要更新明细
2024-10-18 06:58:17 - a24091900ux1779 开始修改
2024-10-18 06:58:17 - 业务不一样可以修改：产品目录 --> 垂直专业化
2024-10-18 06:58:17 - update sku success
2024-10-18 06:58:17 - （来货要求中性无标）燃油管 材质：CPE橡胶外不锈钢编织 颜色：银色 规格：AN-4  外径：11.18mm 长度：183cm/6ft 卖法： 1pcs
2024-10-18 06:58:17 - 不需要更新明细
2024-10-18 06:58:17 - a24091900ux1777 开始修改
2024-10-18 06:58:17 - 业务不一样可以修改：产品目录 --> 垂直专业化
2024-10-18 06:58:18 - update sku success
2024-10-18 06:58:18 - （来货要求中性无标）燃油管 材质：CPE橡胶外不锈钢编织 颜色：银色 规格：AN-20  外径：35.58mm 长度：93cm/3ft 卖法： 1pcs
2024-10-18 06:58:18 - 不需要更新明细
2024-10-18 06:58:18 - a24091900ux1776 开始修改
2024-10-18 06:58:18 - 业务不一样可以修改：产品目录 --> 垂直专业化
2024-10-18 06:58:18 - update sku success
2024-10-18 06:58:18 - （来货要求中性无标）燃油管 材质：CPE橡胶外不锈钢编织 颜色：银色 规格：AN-16  外径：29.36mm 长度：93cm/3ft 卖法： 1pcs
2024-10-18 06:58:18 - 不需要更新明细
2024-10-18 06:58:18 - a24091900ux1775 开始修改
2024-10-18 06:58:18 - 业务不一样可以修改：产品目录 --> 垂直专业化
2024-10-18 06:58:18 - update sku success
2024-10-18 06:58:18 - （来货要求中性无标）燃油管 材质：CPE橡胶外不锈钢编织 颜色：银色 规格：AN-12  外径：23.82mm 长度：93cm/3ft 卖法： 1pcs
2024-10-18 06:58:18 - 不需要更新明细
2024-10-18 06:58:18 - a24091900ux1774 开始修改
2024-10-18 06:58:18 - 业务不一样可以修改：产品目录 --> 垂直专业化
2024-10-18 06:58:19 - update sku success
2024-10-18 06:58:19 - （来货要求中性无标）燃油管 材质：CPE橡胶外不锈钢编织 颜色：银色 规格：AN-6  外径：13.89mm 长度：93cm/3ft 卖法： 1pcs
2024-10-18 06:58:19 - 不需要更新明细
2024-10-18 06:58:19 - a24091900ux1771 开始修改
2024-10-18 06:58:19 - 业务不一样可以修改：产品目录 --> 垂直专业化
2024-10-18 06:58:19 - update sku success
2024-10-18 06:58:19 - （来货要求中性无标）燃油管 材质：CPE橡胶外不锈钢编织 颜色：银色 规格：AN-20  外径：35.58mm 长度：100cm 卖法： 1pcs
2024-10-18 06:58:19 - 不需要更新明细
2024-10-18 06:58:19 - a24091900ux1769 开始修改
2024-10-18 06:58:19 - 业务不一样可以修改：产品目录 --> 垂直专业化
2024-10-18 06:58:19 - update sku success
2024-10-18 06:58:19 - （来货要求中性无标）燃油管 材质：CPE橡胶外不锈钢编织 颜色：银色 规格：AN-4  外径：11.18mm 长度：93cm/3ft 卖法： 1pcs
2024-10-18 06:58:19 - 不需要更新明细
2024-10-18 06:58:19 - a24091900ux1770 开始修改
2024-10-18 06:58:19 - 业务不一样可以修改：产品目录 --> 垂直专业化
2024-10-18 06:58:20 - update sku success
2024-10-18 06:58:20 - （来货要求中性无标）燃油管 材质：CPE橡胶外不锈钢编织 颜色：银色 规格：AN-10  外径：20.24mm 长度：93cm/3ft 卖法： 1pcs
2024-10-18 06:58:20 - 不需要更新明细
2024-10-18 06:58:20 - a24091900ux1773 开始修改
2024-10-18 06:58:20 - 业务不一样可以修改：产品目录 --> 垂直专业化
2024-10-18 06:58:20 - update sku success
2024-10-18 06:58:20 - （来货要求中性无标）燃油管 材质：CPE橡胶外不锈钢编织 颜色：银色 规格：AN-8  外径：16.28mm 长度：93cm/3ft 卖法： 1pcs
2024-10-18 06:58:20 - 不需要更新明细
2024-10-18 06:58:20 - a24091900ux1772 开始修改
2024-10-18 06:58:20 - 业务不一样可以修改：产品目录 --> 垂直专业化
2024-10-18 06:58:20 - update sku success
2024-10-18 06:58:20 - （来货要求中性无标）燃油管 材质：CPE橡胶外尼龙线 颜色：黑色 规格：AN-20  外径：35.58mm 长度：488cm/16ft 卖法： 1pcs
2024-10-18 06:58:20 - 不需要更新明细
2024-10-18 06:58:20 - a24091900ux1765 开始修改
2024-10-18 06:58:20 - 业务不一样可以修改：产品目录 --> 垂直专业化
2024-10-18 06:58:21 - update sku success
2024-10-18 06:58:21 - （来货要求中性无标）燃油管 材质：CPE橡胶外不锈钢编织 颜色：银色 规格：AN-16  外径：29.36mm 长度：100cm 卖法： 1pcs
2024-10-18 06:58:21 - 不需要更新明细
2024-10-18 06:58:21 - a24091900ux1768 开始修改
2024-10-18 06:58:21 - 业务不一样可以修改：产品目录 --> 垂直专业化
2024-10-18 06:58:21 - update sku success
2024-10-18 06:58:21 - （来货要求中性无标）燃油管 材质：CPE橡胶外不锈钢编织 颜色：银色 规格：AN-12  外径：23.82mm 长度：100cm 卖法： 1pcs
2024-10-18 06:58:21 - 不需要更新明细
2024-10-18 06:58:21 - a24091900ux1767 开始修改
2024-10-18 06:58:21 - 业务不一样可以修改：产品目录 --> 垂直专业化
2024-10-18 06:58:21 - update sku success
2024-10-18 06:58:21 - （来货要求中性无标）燃油管 材质：CPE橡胶外尼龙线 颜色：黑色 规格：AN-16  外径：29.36mm 长度：488cm/16ft 卖法： 1pcs
2024-10-18 06:58:21 - 不需要更新明细
2024-10-18 06:58:21 - a24091900ux1764 开始修改
2024-10-18 06:58:21 - 业务不一样可以修改：产品目录 --> 垂直专业化
2024-10-18 06:58:21 - update sku success
2024-10-18 06:58:21 - （来货要求中性无标）燃油管 材质：CPE橡胶外不锈钢编织 颜色：银色 规格：AN-4  外径：11.18mm 长度：100cm 卖法： 1pcs
2024-10-18 06:58:21 - 不需要更新明细
2024-10-18 06:58:21 - a24091900ux1766 开始修改
2024-10-18 06:58:21 - 业务不一样可以修改：产品目录 --> 垂直专业化
2024-10-18 06:58:22 - update sku success
2024-10-18 06:58:22 - （来货要求中性无标）燃油管 材质：CPE橡胶外尼龙线 颜色：黑色 规格：AN-12  外径：23.82mm 长度：488cm/16ft 卖法： 1pcs
2024-10-18 06:58:22 - 不需要更新明细
2024-10-18 06:58:22 - a24091900ux1763 开始修改
2024-10-18 06:58:22 - 业务不一样可以修改：产品目录 --> 垂直专业化
2024-10-18 06:58:22 - update sku success
2024-10-18 06:58:22 - （来货要求中性无标）燃油管 材质：CPE橡胶外尼龙线 颜色：黑色 规格：AN-10  外径：20.24mm 长度：488cm/16ft 卖法： 1pcs
2024-10-18 06:58:22 - 不需要更新明细
2024-10-18 06:58:22 - a24091900ux1762 开始修改
2024-10-18 06:58:22 - 业务不一样可以修改：产品目录 --> 垂直专业化
2024-10-18 06:58:22 - update sku success
2024-10-18 06:58:22 - （来货要求中性无标）燃油管 材质：CPE橡胶外尼龙线 颜色：黑色 规格：AN-6  外径：13.89mm 长度：488cm/16ft 卖法： 1pcs
2024-10-18 06:58:22 - 不需要更新明细
2024-10-18 06:58:22 - a24091900ux1760 开始修改
2024-10-18 06:58:22 - 业务不一样可以修改：产品目录 --> 垂直专业化
2024-10-18 06:58:23 - update sku success
2024-10-18 06:58:23 - （来货要求中性无标）燃油管 材质：CPE橡胶外尼龙线 颜色：黑色 规格：AN-4  外径：11.18mm 长度：488cm/16ft 卖法： 1pcs
2024-10-18 06:58:23 - 不需要更新明细
2024-10-18 06:58:23 - a24091900ux1759 开始修改
2024-10-18 06:58:23 - 业务不一样可以修改：产品目录 --> 垂直专业化
2024-10-18 06:58:23 - update sku success
2024-10-18 06:58:23 - （来货要求中性无标）燃油管 材质：CPE橡胶外尼龙线 颜色：黑色 规格：AN-8  外径：16.28mm 长度：488cm/16ft 卖法： 1pcs
2024-10-18 06:58:23 - 不需要更新明细
2024-10-18 06:58:23 - a24091900ux1761 开始修改
2024-10-18 06:58:23 - 业务不一样可以修改：产品目录 --> 垂直专业化
2024-10-18 06:58:24 - update sku success
2024-10-18 06:58:24 - （来货要求中性无标）燃油管 材质：CPE橡胶外尼龙线 颜色：黑色 规格：AN-10  外径：20.24mm 长度：366cm/12ft 卖法： 1pcs
2024-10-18 06:58:24 - 不需要更新明细
2024-10-18 06:58:24 - a24091900ux1755 开始修改
2024-10-18 06:58:24 - 业务不一样可以修改：产品目录 --> 垂直专业化
2024-10-18 06:58:24 - update sku success
2024-10-18 06:58:24 - （来货要求中性无标）燃油管 材质：CPE橡胶外尼龙线 颜色：黑色 规格：AN-12  外径：23.82mm 长度：366cm/12ft 卖法： 1pcs
2024-10-18 06:58:24 - 不需要更新明细
2024-10-18 06:58:24 - a24091900ux1756 开始修改
2024-10-18 06:58:24 - 业务不一样可以修改：产品目录 --> 垂直专业化
2024-10-18 06:58:24 - update sku success
2024-10-18 06:58:24 - （来货要求中性无标）燃油管 材质：CPE橡胶外尼龙线 颜色：黑色 规格：AN-20  外径：35.58mm 长度：366cm/12ft 卖法： 1pcs
2024-10-18 06:58:24 - 不需要更新明细
2024-10-18 06:58:24 - a24091900ux1758 开始修改
2024-10-18 06:58:24 - 业务不一样可以修改：产品目录 --> 垂直专业化
2024-10-18 06:58:25 - update sku success
2024-10-18 06:58:25 - （来货要求中性无标）燃油管 材质：CPE橡胶外尼龙线 颜色：黑色 规格：AN-8  外径：16.28mm 长度：366cm/12ft 卖法： 1pcs
2024-10-18 06:58:25 - 不需要更新明细
2024-10-18 06:58:25 - a24091900ux1754 开始修改
2024-10-18 06:58:25 - 业务不一样可以修改：产品目录 --> 垂直专业化
2024-10-18 06:58:25 - update sku success
2024-10-18 06:58:25 - （来货要求中性无标）燃油管 材质：CPE橡胶外尼龙线 颜色：黑色 规格：AN-16  外径：29.36mm 长度：366cm/12ft 卖法： 1pcs
2024-10-18 06:58:25 - 不需要更新明细
2024-10-18 06:58:25 - a24091900ux1757 开始修改
2024-10-18 06:58:25 - 业务不一样可以修改：产品目录 --> 垂直专业化
2024-10-18 06:58:25 - update sku success
2024-10-18 06:58:25 - （来货要求中性无标）燃油管 材质：CPE橡胶外尼龙线 颜色：黑色 规格：AN-4  外径：11.18mm 长度：366cm/12ft 卖法： 1pcs
2024-10-18 06:58:25 - 不需要更新明细
2024-10-18 06:58:25 - a24091900ux1752 开始修改
2024-10-18 06:58:25 - 业务不一样可以修改：产品目录 --> 垂直专业化
2024-10-18 06:58:25 - update sku success
2024-10-18 06:58:25 - （来货要求中性无标）燃油管 材质：CPE橡胶外尼龙线 颜色：黑色 规格：AN-20  外径：35.58mm 长度：300cm 卖法： 1pcs
2024-10-18 06:58:25 - 不需要更新明细
2024-10-18 06:58:25 - a24091900ux1751 开始修改
2024-10-18 06:58:25 - 业务不一样可以修改：产品目录 --> 垂直专业化
2024-10-18 06:58:26 - update sku success
2024-10-18 06:58:26 - （来货要求中性无标）燃油管 材质：CPE橡胶外尼龙线 颜色：黑色 规格：AN-6  外径：13.89mm 长度：366cm/12ft 卖法： 1pcs
2024-10-18 06:58:26 - 不需要更新明细
2024-10-18 06:58:26 - a24091900ux1753 开始修改
2024-10-18 06:58:26 - 业务不一样可以修改：产品目录 --> 垂直专业化
2024-10-18 06:58:26 - update sku success
2024-10-18 06:58:26 - （来货要求中性无标）燃油管 材质：CPE橡胶外尼龙线 颜色：黑色 规格：AN-16  外径：29.36mm 长度：300cm 卖法： 1pcs
2024-10-18 06:58:26 - 不需要更新明细
2024-10-18 06:58:26 - a24091900ux1750 开始修改
2024-10-18 06:58:26 - 业务不一样可以修改：产品目录 --> 垂直专业化
2024-10-18 06:58:27 - update sku success
2024-10-18 06:58:27 - （来货要求中性无标）燃油管 材质：CPE橡胶外尼龙线 颜色：黑色 规格：AN-6  外径：13.89mm 长度：300cm 卖法： 1pcs
2024-10-18 06:58:27 - 不需要更新明细
2024-10-18 06:58:27 - a24091900ux1746 开始修改
2024-10-18 06:58:27 - 业务不一样可以修改：产品目录 --> 垂直专业化
2024-10-18 06:58:27 - update sku success
2024-10-18 06:58:27 - （来货要求中性无标）燃油管 材质：CPE橡胶外尼龙线 颜色：黑色 规格：AN-12  外径：23.82mm 长度：300cm 卖法： 1pcs
2024-10-18 06:58:27 - 不需要更新明细
2024-10-18 06:58:27 - a24091900ux1749 开始修改
2024-10-18 06:58:27 - 业务不一样可以修改：产品目录 --> 垂直专业化
2024-10-18 06:58:27 - update sku success
2024-10-18 06:58:27 - （来货要求中性无标）燃油管 材质：CPE橡胶外尼龙线 颜色：黑色 规格：AN-10  外径：20.24mm 长度：300cm 卖法： 1pcs
2024-10-18 06:58:27 - 不需要更新明细
2024-10-18 06:58:27 - a24091900ux1748 开始修改
2024-10-18 06:58:27 - 业务不一样可以修改：产品目录 --> 垂直专业化
2024-10-18 06:58:28 - update sku success
2024-10-18 06:58:28 - （来货要求中性无标）燃油管 材质：CPE橡胶外尼龙线 颜色：黑色 规格：AN-8  外径：16.28mm 长度：300cm 卖法： 1pcs
2024-10-18 06:58:28 - 不需要更新明细
2024-10-18 06:58:28 - a24091900ux1747 开始修改
2024-10-18 06:58:28 - 业务不一样可以修改：产品目录 --> 垂直专业化
2024-10-18 06:58:28 - update sku success
2024-10-18 06:58:28 - （来货要求中性无标）燃油管 材质：CPE橡胶外尼龙线 颜色：黑色 规格：AN-20  外径：35.58mm 长度：200cm/6.5ft 卖法： 1pcs
2024-10-18 06:58:28 - 不需要更新明细
2024-10-18 06:58:28 - a24091900ux1744 开始修改
2024-10-18 06:58:28 - 业务不一样可以修改：产品目录 --> 垂直专业化
2024-10-18 06:58:28 - update sku success
2024-10-18 06:58:28 - （来货要求中性无标）燃油管 材质：CPE橡胶外尼龙线 颜色：黑色 规格：AN-4  外径：11.18mm 长度：300cm 卖法： 1pcs
2024-10-18 06:58:28 - 不需要更新明细
2024-10-18 06:58:28 - a24091900ux1745 开始修改
2024-10-18 06:58:28 - 业务不一样可以修改：产品目录 --> 垂直专业化
2024-10-18 06:58:28 - update sku success
2024-10-18 06:58:28 - （来货要求中性无标）燃油管 材质：CPE橡胶外尼龙线 颜色：黑色 规格：AN-10  外径：20.24mm 长度：200cm/6.5ft 卖法： 1pcs
2024-10-18 06:58:28 - 不需要更新明细
2024-10-18 06:58:28 - a24091900ux1741 开始修改
2024-10-18 06:58:28 - 业务不一样可以修改：产品目录 --> 垂直专业化
2024-10-18 06:58:29 - update sku success
2024-10-18 06:58:29 - （来货要求中性无标）燃油管 材质：CPE橡胶外尼龙线 颜色：黑色 规格：AN-12  外径：23.82mm 长度：200cm/6.5ft 卖法： 1pcs
2024-10-18 06:58:29 - 不需要更新明细
2024-10-18 06:58:29 - a24091900ux1742 开始修改
2024-10-18 06:58:29 - 业务不一样可以修改：产品目录 --> 垂直专业化
2024-10-18 06:58:29 - update sku success
2024-10-18 06:58:29 - （来货要求中性无标）燃油管 材质：CPE橡胶外尼龙线 颜色：黑色 规格：AN-8  外径：16.28mm 长度：200cm/6.5ft 卖法： 1pcs
2024-10-18 06:58:29 - 不需要更新明细
2024-10-18 06:58:29 - a24091900ux1740 开始修改
2024-10-18 06:58:29 - 业务不一样可以修改：产品目录 --> 垂直专业化
2024-10-18 06:58:29 - update sku success
2024-10-18 06:58:29 - （来货要求中性无标）燃油管 材质：CPE橡胶外尼龙线 颜色：黑色 规格：AN-16  外径：29.36mm 长度：200cm/6.5ft 卖法： 1pcs
2024-10-18 06:58:29 - 不需要更新明细
2024-10-18 06:58:29 - a24091900ux1743 开始修改
2024-10-18 06:58:29 - 业务不一样可以修改：产品目录 --> 垂直专业化
2024-10-18 06:58:30 - update sku success
2024-10-18 06:58:30 - （来货要求中性无标）燃油管 材质：CPE橡胶外尼龙线 颜色：黑色 规格：AN-6  外径：13.89mm 长度：200cm/6.5ft 卖法： 1pcs
2024-10-18 06:58:30 - 不需要更新明细
2024-10-18 06:58:30 - a24091900ux1739 开始修改
2024-10-18 06:58:30 - 业务不一样可以修改：产品目录 --> 垂直专业化
2024-10-18 06:58:30 - update sku success
2024-10-18 06:58:30 - （来货要求中性无标）燃油管 材质：CPE橡胶外尼龙线 颜色：黑色 规格：AN-20  外径：35.58mm 长度：183cm/6ft 卖法： 1pcs
2024-10-18 06:58:30 - 不需要更新明细
2024-10-18 06:58:30 - a24091900ux1737 开始修改
2024-10-18 06:58:30 - 业务不一样可以修改：产品目录 --> 垂直专业化
2024-10-18 06:58:31 - update sku success
2024-10-18 06:58:31 - （来货要求中性无标）燃油管 材质：CPE橡胶外尼龙线 颜色：黑色 规格：AN-4  外径：11.18mm 长度：200cm/6.5ft 卖法： 1pcs
2024-10-18 06:58:31 - 不需要更新明细
2024-10-18 06:58:31 - a24091900ux1738 开始修改
2024-10-18 06:58:31 - 业务不一样可以修改：产品目录 --> 垂直专业化
2024-10-18 06:58:31 - update sku success
2024-10-18 06:58:31 - （来货要求中性无标）燃油管 材质：CPE橡胶外尼龙线 颜色：黑色 规格：AN-16  外径：29.36mm 长度：183cm/6ft 卖法： 1pcs
2024-10-18 06:58:31 - 不需要更新明细
2024-10-18 06:58:31 - a24091900ux1736 开始修改
2024-10-18 06:58:31 - 业务不一样可以修改：产品目录 --> 垂直专业化
2024-10-18 06:58:31 - update sku success
2024-10-18 06:58:31 - （来货要求中性无标）燃油管 材质：CPE橡胶外尼龙线 颜色：黑色 规格：AN-12  外径：23.82mm 长度：183cm/6ft 卖法： 1pcs
2024-10-18 06:58:31 - 不需要更新明细
2024-10-18 06:58:31 - a24091900ux1735 开始修改
2024-10-18 06:58:31 - 业务不一样可以修改：产品目录 --> 垂直专业化
2024-10-18 06:58:31 - update sku success
2024-10-18 06:58:31 - （来货要求中性无标）燃油管 材质：CPE橡胶外尼龙线 颜色：黑色 规格：AN-10  外径：20.24mm 长度：183cm/6ft 卖法： 1pcs
2024-10-18 06:58:31 - 不需要更新明细
2024-10-18 06:58:31 - a24091900ux1734 开始修改
2024-10-18 06:58:31 - 业务不一样可以修改：产品目录 --> 垂直专业化
2024-10-18 06:58:32 - update sku success
2024-10-18 06:58:32 - （来货要求中性无标）燃油管 材质：CPE橡胶外尼龙线 颜色：黑色 规格：AN-8  外径：16.28mm 长度：183cm/6ft 卖法： 1pcs
2024-10-18 06:58:32 - 不需要更新明细
2024-10-18 06:58:32 - a24091900ux1733 开始修改
2024-10-18 06:58:32 - 业务不一样可以修改：产品目录 --> 垂直专业化
2024-10-18 06:58:32 - update sku success
2024-10-18 06:58:32 - （来货要求中性无标）燃油管 材质：CPE橡胶外尼龙线 颜色：黑色 规格：AN-6  外径：13.89mm 长度：183cm/6ft 卖法： 1pcs
2024-10-18 06:58:32 - 不需要更新明细
2024-10-18 06:58:32 - a24091900ux1732 开始修改
2024-10-18 06:58:32 - 业务不一样可以修改：产品目录 --> 垂直专业化
2024-10-18 06:58:33 - update sku success
2024-10-18 06:58:33 - （来货要求中性无标）燃油管 材质：CPE橡胶外尼龙线 颜色：黑色 规格：AN-4  外径：11.18mm 长度：183cm/6ft 卖法： 1pcs
2024-10-18 06:58:33 - 不需要更新明细
2024-10-18 06:58:33 - a24091900ux1731 开始修改
2024-10-18 06:58:33 - 业务不一样可以修改：产品目录 --> 垂直专业化
2024-10-18 06:58:33 - update sku success
2024-10-18 06:58:33 -  不存在清单列表
2024-10-18 06:58:33 -  不存在清单列表
2024-10-18 06:58:33 -  不存在清单列表
2024-10-18 06:58:33 -  不存在清单列表
2024-10-18 06:58:33 -  不存在清单列表
2024-10-18 06:58:33 -  不存在清单列表
2024-10-18 06:58:33 -  不存在清单列表
2024-10-18 06:58:33 -  不存在清单列表
2024-10-18 06:58:33 -  不存在清单列表
2024-10-18 06:58:33 -  不存在清单列表
2024-10-18 06:58:33 -  不存在清单列表
2024-10-18 06:58:33 -  不存在清单列表
2024-10-18 06:58:33 -  不存在清单列表
2024-10-18 06:58:33 -  不存在清单列表
2024-10-18 06:58:33 -  不存在清单列表
2024-10-18 06:58:33 -  不存在清单列表
2024-10-18 06:58:33 -  不存在清单列表
2024-10-18 06:58:33 -  不存在清单列表
2024-10-18 06:58:33 -  不存在清单列表
2024-10-18 06:58:33 -  不存在清单列表
2024-10-18 06:58:33 -  不存在清单列表
2024-10-18 06:58:33 -  不存在清单列表
2024-10-18 06:58:33 - 结束
2024-10-18 07:11:01 - a24061900ux0924 开始修改
2024-10-18 07:11:01 - salesUserName: licaihong2 -> lizihao
2024-10-18 07:11:01 - success
