2026-07-19 10:07:08 [INFO] 开始处理:amazon_us
2026-07-19 10:11:12 [INFO] 开始处理:amazon_us
2026-07-19 10:14:05 [INFO] 开始处理:amazon_us
2026-07-19 10:14:27 [INFO] 开始处理:amazon_us
2026-07-19 10:15:10 [INFO] verifyKeywordStates 开始校验 file:暂停投放清单.xlsx channel:amazon_us
2026-07-19 10:19:28 [INFO] verifyKeywordStates 开始校验 file:暂停投放清单.xlsx channel:amazon_us
2026-07-19 10:19:28 [INFO] channel:amazon_us 共 21 个seller, 288 个id
2026-07-19 10:19:28 [INFO] amazon 开始校验 107 个id
2026-07-19 10:19:28 [INFO] 查询Amazon API(keyword): amazon ids: 106817667275493,463231611078074,243463600168369,386366986527076,384100580270783,510702597345909,313790265828855,382218164052657,377226330936108,121939677493908,535413302414175,333982830776817,55591960814561,463826221940665,164107761740256,486892260505536,433593856411257,534076655389017,11981430360258,154987332779390,451357118810429,398429696528234,412276076638558,35162084491771,342943192932355,300462905232401,516093110658917,455106179429654,214451789964127,525464408392226,120704275749987,285537139652944,265113599791201,278802427073239,447335693913969,298101824882683,430863416421258,110102891137682,135291597545972,473842742736403,346906394555500,548212385272163,438575496615290,558964185462165,338102761629433,37008600695909,237906955148852,426792227132027,311692415916954,428827458688360,470931242780791,554145980659647,430173456826513,242653520734629,529700040849540,387470091174926,383353331487046,249519513022127,454139607916136,488947283459539,492497703847951,181347289811368,529355366704831,334865983678966,421555141294807,137140533441097,395272401669446,377602092041010,328448539426458,473878160928957,448915068526981,507969439187852,466913230874699,170536364384675,390331105679581,456944680845180,267086653922405,212621473741248,453769555771647,468966873275644,268571704294031,498733266534946,317017024682593,509790111894379,416290178189609,405336678939004,351966722383137,554308506401466,446177652020142,516107055519022,387865329924156,445695506940004,252222775552779,445204342492561,296417947855742,349938648142182,372032288305262,419867652667352,73985683652302,294026916983673
2026-07-19 10:19:28 [INFO] 查询Amazon API(keyword): amazon ids: 543553750936508,359316151361999,356415600843486,181636894847850,407958212227897,491107511146638,470214342874238
2026-07-19 10:19:28 [INFO] amazon 有 107 个id未匹配keyword，尝试作为target校验
2026-07-19 10:19:28 [INFO] 查询Amazon API(target): amazon ids: 106817667275493,463231611078074,243463600168369,386366986527076,384100580270783,510702597345909,313790265828855,382218164052657,377226330936108,121939677493908,535413302414175,333982830776817,55591960814561,463826221940665,164107761740256,486892260505536,433593856411257,534076655389017,11981430360258,154987332779390,451357118810429,398429696528234,412276076638558,35162084491771,342943192932355,300462905232401,516093110658917,455106179429654,214451789964127,525464408392226,120704275749987,285537139652944,265113599791201,278802427073239,447335693913969,298101824882683,430863416421258,110102891137682,135291597545972,473842742736403,346906394555500,548212385272163,438575496615290,558964185462165,338102761629433,37008600695909,237906955148852,426792227132027,311692415916954,428827458688360,470931242780791,554145980659647,430173456826513,242653520734629,529700040849540,387470091174926,383353331487046,249519513022127,454139607916136,488947283459539,492497703847951,181347289811368,529355366704831,334865983678966,421555141294807,137140533441097,395272401669446,377602092041010,328448539426458,473878160928957,448915068526981,507969439187852,466913230874699,170536364384675,390331105679581,456944680845180,267086653922405,212621473741248,453769555771647,468966873275644,268571704294031,498733266534946,317017024682593,509790111894379,416290178189609,405336678939004,351966722383137,554308506401466,446177652020142,516107055519022,387865329924156,445695506940004,252222775552779,445204342492561,296417947855742,349938648142182,372032288305262,419867652667352,73985683652302,294026916983673
2026-07-19 10:19:28 [INFO] 查询Amazon API(target): amazon ids: 543553750936508,359316151361999,356415600843486,181636894847850,407958212227897,491107511146638,470214342874238
2026-07-19 10:19:28 [INFO] ⚠️ amazon id:106817667275493 既不是keyword也不是target
2026-07-19 10:19:28 [INFO] ⚠️ amazon id:463231611078074 既不是keyword也不是target
2026-07-19 10:19:28 [INFO] ⚠️ amazon id:243463600168369 既不是keyword也不是target
2026-07-19 10:19:28 [INFO] ⚠️ amazon id:386366986527076 既不是keyword也不是target
2026-07-19 10:19:28 [INFO] ⚠️ amazon id:384100580270783 既不是keyword也不是target
2026-07-19 10:19:28 [INFO] ⚠️ amazon id:510702597345909 既不是keyword也不是target
2026-07-19 10:19:28 [INFO] ⚠️ amazon id:313790265828855 既不是keyword也不是target
2026-07-19 10:19:28 [INFO] ⚠️ amazon id:382218164052657 既不是keyword也不是target
2026-07-19 10:19:28 [INFO] ⚠️ amazon id:377226330936108 既不是keyword也不是target
2026-07-19 10:19:28 [INFO] ⚠️ amazon id:121939677493908 既不是keyword也不是target
2026-07-19 10:19:28 [INFO] ⚠️ amazon id:535413302414175 既不是keyword也不是target
2026-07-19 10:19:28 [INFO] ⚠️ amazon id:333982830776817 既不是keyword也不是target
2026-07-19 10:19:28 [INFO] ⚠️ amazon id:55591960814561 既不是keyword也不是target
2026-07-19 10:19:28 [INFO] ⚠️ amazon id:463826221940665 既不是keyword也不是target
2026-07-19 10:19:28 [INFO] ⚠️ amazon id:164107761740256 既不是keyword也不是target
2026-07-19 10:19:28 [INFO] ⚠️ amazon id:486892260505536 既不是keyword也不是target
2026-07-19 10:19:28 [INFO] ⚠️ amazon id:433593856411257 既不是keyword也不是target
2026-07-19 10:19:28 [INFO] ⚠️ amazon id:534076655389017 既不是keyword也不是target
2026-07-19 10:19:28 [INFO] ⚠️ amazon id:11981430360258 既不是keyword也不是target
2026-07-19 10:19:28 [INFO] ⚠️ amazon id:154987332779390 既不是keyword也不是target
2026-07-19 10:19:28 [INFO] ⚠️ amazon id:451357118810429 既不是keyword也不是target
2026-07-19 10:19:28 [INFO] ⚠️ amazon id:398429696528234 既不是keyword也不是target
2026-07-19 10:19:28 [INFO] ⚠️ amazon id:412276076638558 既不是keyword也不是target
2026-07-19 10:19:28 [INFO] ⚠️ amazon id:35162084491771 既不是keyword也不是target
2026-07-19 10:19:28 [INFO] ⚠️ amazon id:342943192932355 既不是keyword也不是target
2026-07-19 10:19:28 [INFO] ⚠️ amazon id:300462905232401 既不是keyword也不是target
2026-07-19 10:19:28 [INFO] ⚠️ amazon id:516093110658917 既不是keyword也不是target
2026-07-19 10:19:28 [INFO] ⚠️ amazon id:455106179429654 既不是keyword也不是target
2026-07-19 10:19:28 [INFO] ⚠️ amazon id:214451789964127 既不是keyword也不是target
2026-07-19 10:19:28 [INFO] ⚠️ amazon id:525464408392226 既不是keyword也不是target
2026-07-19 10:19:28 [INFO] ⚠️ amazon id:120704275749987 既不是keyword也不是target
2026-07-19 10:19:28 [INFO] ⚠️ amazon id:285537139652944 既不是keyword也不是target
2026-07-19 10:19:28 [INFO] ⚠️ amazon id:265113599791201 既不是keyword也不是target
2026-07-19 10:19:28 [INFO] ⚠️ amazon id:278802427073239 既不是keyword也不是target
2026-07-19 10:19:28 [INFO] ⚠️ amazon id:447335693913969 既不是keyword也不是target
2026-07-19 10:19:28 [INFO] ⚠️ amazon id:298101824882683 既不是keyword也不是target
2026-07-19 10:19:28 [INFO] ⚠️ amazon id:430863416421258 既不是keyword也不是target
2026-07-19 10:19:28 [INFO] ⚠️ amazon id:110102891137682 既不是keyword也不是target
2026-07-19 10:19:28 [INFO] ⚠️ amazon id:135291597545972 既不是keyword也不是target
2026-07-19 10:19:28 [INFO] ⚠️ amazon id:473842742736403 既不是keyword也不是target
2026-07-19 10:19:28 [INFO] ⚠️ amazon id:346906394555500 既不是keyword也不是target
2026-07-19 10:19:28 [INFO] ⚠️ amazon id:548212385272163 既不是keyword也不是target
2026-07-19 10:19:28 [INFO] ⚠️ amazon id:438575496615290 既不是keyword也不是target
2026-07-19 10:19:28 [INFO] ⚠️ amazon id:558964185462165 既不是keyword也不是target
2026-07-19 10:19:28 [INFO] ⚠️ amazon id:338102761629433 既不是keyword也不是target
2026-07-19 10:19:28 [INFO] ⚠️ amazon id:37008600695909 既不是keyword也不是target
2026-07-19 10:19:28 [INFO] ⚠️ amazon id:237906955148852 既不是keyword也不是target
2026-07-19 10:19:28 [INFO] ⚠️ amazon id:426792227132027 既不是keyword也不是target
2026-07-19 10:19:28 [INFO] ⚠️ amazon id:311692415916954 既不是keyword也不是target
2026-07-19 10:19:28 [INFO] ⚠️ amazon id:428827458688360 既不是keyword也不是target
2026-07-19 10:19:28 [INFO] ⚠️ amazon id:470931242780791 既不是keyword也不是target
2026-07-19 10:19:28 [INFO] ⚠️ amazon id:554145980659647 既不是keyword也不是target
2026-07-19 10:19:28 [INFO] ⚠️ amazon id:430173456826513 既不是keyword也不是target
2026-07-19 10:19:28 [INFO] ⚠️ amazon id:242653520734629 既不是keyword也不是target
2026-07-19 10:19:28 [INFO] ⚠️ amazon id:529700040849540 既不是keyword也不是target
2026-07-19 10:19:28 [INFO] ⚠️ amazon id:387470091174926 既不是keyword也不是target
2026-07-19 10:19:28 [INFO] ⚠️ amazon id:383353331487046 既不是keyword也不是target
2026-07-19 10:19:28 [INFO] ⚠️ amazon id:249519513022127 既不是keyword也不是target
2026-07-19 10:19:28 [INFO] ⚠️ amazon id:454139607916136 既不是keyword也不是target
2026-07-19 10:19:28 [INFO] ⚠️ amazon id:488947283459539 既不是keyword也不是target
2026-07-19 10:19:28 [INFO] ⚠️ amazon id:492497703847951 既不是keyword也不是target
2026-07-19 10:19:28 [INFO] ⚠️ amazon id:181347289811368 既不是keyword也不是target
2026-07-19 10:19:28 [INFO] ⚠️ amazon id:529355366704831 既不是keyword也不是target
2026-07-19 10:19:28 [INFO] ⚠️ amazon id:334865983678966 既不是keyword也不是target
2026-07-19 10:19:28 [INFO] ⚠️ amazon id:421555141294807 既不是keyword也不是target
2026-07-19 10:19:28 [INFO] ⚠️ amazon id:137140533441097 既不是keyword也不是target
2026-07-19 10:19:28 [INFO] ⚠️ amazon id:395272401669446 既不是keyword也不是target
2026-07-19 10:19:28 [INFO] ⚠️ amazon id:377602092041010 既不是keyword也不是target
2026-07-19 10:19:28 [INFO] ⚠️ amazon id:328448539426458 既不是keyword也不是target
2026-07-19 10:19:28 [INFO] ⚠️ amazon id:473878160928957 既不是keyword也不是target
2026-07-19 10:19:28 [INFO] ⚠️ amazon id:448915068526981 既不是keyword也不是target
2026-07-19 10:19:28 [INFO] ⚠️ amazon id:507969439187852 既不是keyword也不是target
2026-07-19 10:19:28 [INFO] ⚠️ amazon id:466913230874699 既不是keyword也不是target
2026-07-19 10:19:28 [INFO] ⚠️ amazon id:170536364384675 既不是keyword也不是target
2026-07-19 10:19:28 [INFO] ⚠️ amazon id:390331105679581 既不是keyword也不是target
2026-07-19 10:19:28 [INFO] ⚠️ amazon id:456944680845180 既不是keyword也不是target
2026-07-19 10:19:28 [INFO] ⚠️ amazon id:267086653922405 既不是keyword也不是target
2026-07-19 10:19:28 [INFO] ⚠️ amazon id:212621473741248 既不是keyword也不是target
2026-07-19 10:19:28 [INFO] ⚠️ amazon id:453769555771647 既不是keyword也不是target
2026-07-19 10:19:28 [INFO] ⚠️ amazon id:468966873275644 既不是keyword也不是target
2026-07-19 10:19:28 [INFO] ⚠️ amazon id:268571704294031 既不是keyword也不是target
2026-07-19 10:19:28 [INFO] ⚠️ amazon id:498733266534946 既不是keyword也不是target
2026-07-19 10:19:28 [INFO] ⚠️ amazon id:317017024682593 既不是keyword也不是target
2026-07-19 10:19:28 [INFO] ⚠️ amazon id:509790111894379 既不是keyword也不是target
2026-07-19 10:19:28 [INFO] ⚠️ amazon id:416290178189609 既不是keyword也不是target
2026-07-19 10:19:28 [INFO] ⚠️ amazon id:405336678939004 既不是keyword也不是target
2026-07-19 10:19:28 [INFO] ⚠️ amazon id:351966722383137 既不是keyword也不是target
2026-07-19 10:19:28 [INFO] ⚠️ amazon id:554308506401466 既不是keyword也不是target
2026-07-19 10:19:28 [INFO] ⚠️ amazon id:446177652020142 既不是keyword也不是target
2026-07-19 10:19:28 [INFO] ⚠️ amazon id:516107055519022 既不是keyword也不是target
2026-07-19 10:19:28 [INFO] ⚠️ amazon id:387865329924156 既不是keyword也不是target
2026-07-19 10:19:28 [INFO] ⚠️ amazon id:445695506940004 既不是keyword也不是target
2026-07-19 10:19:28 [INFO] ⚠️ amazon id:252222775552779 既不是keyword也不是target
2026-07-19 10:19:28 [INFO] ⚠️ amazon id:445204342492561 既不是keyword也不是target
2026-07-19 10:19:28 [INFO] ⚠️ amazon id:296417947855742 既不是keyword也不是target
2026-07-19 10:19:28 [INFO] ⚠️ amazon id:349938648142182 既不是keyword也不是target
2026-07-19 10:19:28 [INFO] ⚠️ amazon id:372032288305262 既不是keyword也不是target
2026-07-19 10:19:28 [INFO] ⚠️ amazon id:419867652667352 既不是keyword也不是target
2026-07-19 10:19:28 [INFO] ⚠️ amazon id:73985683652302 既不是keyword也不是target
2026-07-19 10:19:28 [INFO] ⚠️ amazon id:294026916983673 既不是keyword也不是target
2026-07-19 10:19:28 [INFO] ⚠️ amazon id:543553750936508 既不是keyword也不是target
2026-07-19 10:19:28 [INFO] ⚠️ amazon id:359316151361999 既不是keyword也不是target
2026-07-19 10:19:28 [INFO] ⚠️ amazon id:356415600843486 既不是keyword也不是target
2026-07-19 10:19:28 [INFO] ⚠️ amazon id:181636894847850 既不是keyword也不是target
2026-07-19 10:19:28 [INFO] ⚠️ amazon id:407958212227897 既不是keyword也不是target
2026-07-19 10:19:28 [INFO] ⚠️ amazon id:491107511146638 既不是keyword也不是target
2026-07-19 10:19:28 [INFO] ⚠️ amazon id:470214342874238 既不是keyword也不是target
2026-07-19 10:19:28 [INFO] amazon_us_luux 开始校验 27 个id
2026-07-19 10:19:28 [INFO] 查询Amazon API(keyword): amazon_us_luux ids: 271176701650100,520299051683336,530104677126754,392299727306467,336997965421049,424878593953782,464344200955005,432670128239330,479065189480740,287265567905868,520495665014451,318656838775736,301535396249677,373174052348413,403271119125691,398600607641220,444994843374044,310310328081037,314266118711387,319214588570995,407237703152833,518288989738053,420292768682962,401663294662509,306708738420659,367544624120729,540720505854169
2026-07-19 10:19:28 [INFO] amazon_us_luux 有 27 个id未匹配keyword，尝试作为target校验
2026-07-19 10:19:28 [INFO] 查询Amazon API(target): amazon_us_luux ids: 271176701650100,520299051683336,530104677126754,392299727306467,336997965421049,424878593953782,464344200955005,432670128239330,479065189480740,287265567905868,520495665014451,318656838775736,301535396249677,373174052348413,403271119125691,398600607641220,444994843374044,310310328081037,314266118711387,319214588570995,407237703152833,518288989738053,420292768682962,401663294662509,306708738420659,367544624120729,540720505854169
2026-07-19 10:19:28 [INFO] ⚠️ amazon_us_luux id:271176701650100 既不是keyword也不是target
2026-07-19 10:19:28 [INFO] ⚠️ amazon_us_luux id:520299051683336 既不是keyword也不是target
2026-07-19 10:19:28 [INFO] ⚠️ amazon_us_luux id:530104677126754 既不是keyword也不是target
2026-07-19 10:19:28 [INFO] ⚠️ amazon_us_luux id:392299727306467 既不是keyword也不是target
2026-07-19 10:19:28 [INFO] ⚠️ amazon_us_luux id:336997965421049 既不是keyword也不是target
2026-07-19 10:19:28 [INFO] ⚠️ amazon_us_luux id:424878593953782 既不是keyword也不是target
2026-07-19 10:19:28 [INFO] ⚠️ amazon_us_luux id:464344200955005 既不是keyword也不是target
2026-07-19 10:19:28 [INFO] ⚠️ amazon_us_luux id:432670128239330 既不是keyword也不是target
2026-07-19 10:19:28 [INFO] ⚠️ amazon_us_luux id:479065189480740 既不是keyword也不是target
2026-07-19 10:19:28 [INFO] ⚠️ amazon_us_luux id:287265567905868 既不是keyword也不是target
2026-07-19 10:19:28 [INFO] ⚠️ amazon_us_luux id:520495665014451 既不是keyword也不是target
2026-07-19 10:19:28 [INFO] ⚠️ amazon_us_luux id:318656838775736 既不是keyword也不是target
2026-07-19 10:19:28 [INFO] ⚠️ amazon_us_luux id:301535396249677 既不是keyword也不是target
2026-07-19 10:19:28 [INFO] ⚠️ amazon_us_luux id:373174052348413 既不是keyword也不是target
2026-07-19 10:19:28 [INFO] ⚠️ amazon_us_luux id:403271119125691 既不是keyword也不是target
2026-07-19 10:19:28 [INFO] ⚠️ amazon_us_luux id:398600607641220 既不是keyword也不是target
2026-07-19 10:19:28 [INFO] ⚠️ amazon_us_luux id:444994843374044 既不是keyword也不是target
2026-07-19 10:19:28 [INFO] ⚠️ amazon_us_luux id:310310328081037 既不是keyword也不是target
2026-07-19 10:19:28 [INFO] ⚠️ amazon_us_luux id:314266118711387 既不是keyword也不是target
2026-07-19 10:19:28 [INFO] ⚠️ amazon_us_luux id:319214588570995 既不是keyword也不是target
2026-07-19 10:19:28 [INFO] ⚠️ amazon_us_luux id:407237703152833 既不是keyword也不是target
2026-07-19 10:19:28 [INFO] ⚠️ amazon_us_luux id:518288989738053 既不是keyword也不是target
2026-07-19 10:19:28 [INFO] ⚠️ amazon_us_luux id:420292768682962 既不是keyword也不是target
2026-07-19 10:19:28 [INFO] ⚠️ amazon_us_luux id:401663294662509 既不是keyword也不是target
2026-07-19 10:19:28 [INFO] ⚠️ amazon_us_luux id:306708738420659 既不是keyword也不是target
2026-07-19 10:19:28 [INFO] ⚠️ amazon_us_luux id:367544624120729 既不是keyword也不是target
2026-07-19 10:19:28 [INFO] ⚠️ amazon_us_luux id:540720505854169 既不是keyword也不是target
2026-07-19 10:19:28 [INFO] amazon_us_moto 开始校验 29 个id
2026-07-19 10:19:28 [INFO] 查询Amazon API(keyword): amazon_us_moto ids: 454334571453147,320154770080542,544483655689804,399207865168030,325643563032858,482316466445790,556263448667404,408334815092943,556539579544466,294186416662198,393385730153519,328924422574068,381837237327214,472902802320993,419562371576209,301204907363266,418248765013376,561141940918790,379832977052316,436194038111391,340942074181881,293591275061271,425545000529128,291362344740062,301158329898166,315706890533784,414555643596207,350058748987249,496517080073868
2026-07-19 10:19:28 [INFO] amazon_us_moto 有 29 个id未匹配keyword，尝试作为target校验
2026-07-19 10:19:28 [INFO] 查询Amazon API(target): amazon_us_moto ids: 454334571453147,320154770080542,544483655689804,399207865168030,325643563032858,482316466445790,556263448667404,408334815092943,556539579544466,294186416662198,393385730153519,328924422574068,381837237327214,472902802320993,419562371576209,301204907363266,418248765013376,561141940918790,379832977052316,436194038111391,340942074181881,293591275061271,425545000529128,291362344740062,301158329898166,315706890533784,414555643596207,350058748987249,496517080073868
2026-07-19 10:19:28 [INFO] ⚠️ amazon_us_moto id:454334571453147 既不是keyword也不是target
2026-07-19 10:19:28 [INFO] ⚠️ amazon_us_moto id:320154770080542 既不是keyword也不是target
2026-07-19 10:19:28 [INFO] ⚠️ amazon_us_moto id:544483655689804 既不是keyword也不是target
2026-07-19 10:19:28 [INFO] ⚠️ amazon_us_moto id:399207865168030 既不是keyword也不是target
2026-07-19 10:19:28 [INFO] ⚠️ amazon_us_moto id:325643563032858 既不是keyword也不是target
2026-07-19 10:19:28 [INFO] ⚠️ amazon_us_moto id:482316466445790 既不是keyword也不是target
2026-07-19 10:19:28 [INFO] ⚠️ amazon_us_moto id:556263448667404 既不是keyword也不是target
2026-07-19 10:19:28 [INFO] ⚠️ amazon_us_moto id:408334815092943 既不是keyword也不是target
2026-07-19 10:19:28 [INFO] ⚠️ amazon_us_moto id:556539579544466 既不是keyword也不是target
2026-07-19 10:19:28 [INFO] ⚠️ amazon_us_moto id:294186416662198 既不是keyword也不是target
2026-07-19 10:19:28 [INFO] ⚠️ amazon_us_moto id:393385730153519 既不是keyword也不是target
2026-07-19 10:19:28 [INFO] ⚠️ amazon_us_moto id:328924422574068 既不是keyword也不是target
2026-07-19 10:19:28 [INFO] ⚠️ amazon_us_moto id:381837237327214 既不是keyword也不是target
2026-07-19 10:19:28 [INFO] ⚠️ amazon_us_moto id:472902802320993 既不是keyword也不是target
2026-07-19 10:19:28 [INFO] ⚠️ amazon_us_moto id:419562371576209 既不是keyword也不是target
2026-07-19 10:19:28 [INFO] ⚠️ amazon_us_moto id:301204907363266 既不是keyword也不是target
2026-07-19 10:19:28 [INFO] ⚠️ amazon_us_moto id:418248765013376 既不是keyword也不是target
2026-07-19 10:19:28 [INFO] ⚠️ amazon_us_moto id:561141940918790 既不是keyword也不是target
2026-07-19 10:19:28 [INFO] ⚠️ amazon_us_moto id:379832977052316 既不是keyword也不是target
2026-07-19 10:19:28 [INFO] ⚠️ amazon_us_moto id:436194038111391 既不是keyword也不是target
2026-07-19 10:19:28 [INFO] ⚠️ amazon_us_moto id:340942074181881 既不是keyword也不是target
2026-07-19 10:19:28 [INFO] ⚠️ amazon_us_moto id:293591275061271 既不是keyword也不是target
2026-07-19 10:19:28 [INFO] ⚠️ amazon_us_moto id:425545000529128 既不是keyword也不是target
2026-07-19 10:19:28 [INFO] ⚠️ amazon_us_moto id:291362344740062 既不是keyword也不是target
2026-07-19 10:19:28 [INFO] ⚠️ amazon_us_moto id:301158329898166 既不是keyword也不是target
2026-07-19 10:19:28 [INFO] ⚠️ amazon_us_moto id:315706890533784 既不是keyword也不是target
2026-07-19 10:19:28 [INFO] ⚠️ amazon_us_moto id:414555643596207 既不是keyword也不是target
2026-07-19 10:19:28 [INFO] ⚠️ amazon_us_moto id:350058748987249 既不是keyword也不是target
2026-07-19 10:19:28 [INFO] ⚠️ amazon_us_moto id:496517080073868 既不是keyword也不是target
2026-07-19 10:19:28 [INFO] amazon_us_ifn 开始校验 11 个id
2026-07-19 10:19:28 [INFO] 查询Amazon API(keyword): amazon_us_ifn ids: 427498611064283,535040096164074,544958750070637,416112292147356,530982709990055,457130648564826,328106993070458,561700182732180,533812892828742,547852986638913,393980295394157
2026-07-19 10:19:28 [INFO] amazon_us_ifn 有 11 个id未匹配keyword，尝试作为target校验
2026-07-19 10:19:28 [INFO] 查询Amazon API(target): amazon_us_ifn ids: 427498611064283,535040096164074,544958750070637,416112292147356,530982709990055,457130648564826,328106993070458,561700182732180,533812892828742,547852986638913,393980295394157
2026-07-19 10:19:28 [INFO] ⚠️ amazon_us_ifn id:427498611064283 既不是keyword也不是target
2026-07-19 10:19:28 [INFO] ⚠️ amazon_us_ifn id:535040096164074 既不是keyword也不是target
2026-07-19 10:19:28 [INFO] ⚠️ amazon_us_ifn id:544958750070637 既不是keyword也不是target
2026-07-19 10:19:28 [INFO] ⚠️ amazon_us_ifn id:416112292147356 既不是keyword也不是target
2026-07-19 10:19:28 [INFO] ⚠️ amazon_us_ifn id:530982709990055 既不是keyword也不是target
2026-07-19 10:19:28 [INFO] ⚠️ amazon_us_ifn id:457130648564826 既不是keyword也不是target
2026-07-19 10:19:28 [INFO] ⚠️ amazon_us_ifn id:328106993070458 既不是keyword也不是target
2026-07-19 10:19:28 [INFO] ⚠️ amazon_us_ifn id:561700182732180 既不是keyword也不是target
2026-07-19 10:19:28 [INFO] ⚠️ amazon_us_ifn id:533812892828742 既不是keyword也不是target
2026-07-19 10:19:28 [INFO] ⚠️ amazon_us_ifn id:547852986638913 既不是keyword也不是target
2026-07-19 10:19:28 [INFO] ⚠️ amazon_us_ifn id:393980295394157 既不是keyword也不是target
2026-07-19 10:19:28 [INFO] amazon_us_hero 开始校验 16 个id
2026-07-19 10:19:28 [INFO] 查询Amazon API(keyword): amazon_us_hero ids: 375008639020645,368754343596612,472155176490223,281580269289696,312112839675258,317300457475409,376532236420740,353450333948908,309681856713385,452412550680711,394092680484894,507919575005798,549255250171534,537122134943387,464825873309121,413168433843452
2026-07-19 10:19:28 [INFO] amazon_us_hero 有 16 个id未匹配keyword，尝试作为target校验
2026-07-19 10:19:28 [INFO] 查询Amazon API(target): amazon_us_hero ids: 375008639020645,368754343596612,472155176490223,281580269289696,312112839675258,317300457475409,376532236420740,353450333948908,309681856713385,452412550680711,394092680484894,507919575005798,549255250171534,537122134943387,464825873309121,413168433843452
2026-07-19 10:19:28 [INFO] ⚠️ amazon_us_hero id:375008639020645 既不是keyword也不是target
2026-07-19 10:19:28 [INFO] ⚠️ amazon_us_hero id:368754343596612 既不是keyword也不是target
2026-07-19 10:19:28 [INFO] ⚠️ amazon_us_hero id:472155176490223 既不是keyword也不是target
2026-07-19 10:19:28 [INFO] ⚠️ amazon_us_hero id:281580269289696 既不是keyword也不是target
2026-07-19 10:19:28 [INFO] ⚠️ amazon_us_hero id:312112839675258 既不是keyword也不是target
2026-07-19 10:19:28 [INFO] ⚠️ amazon_us_hero id:317300457475409 既不是keyword也不是target
2026-07-19 10:19:28 [INFO] ⚠️ amazon_us_hero id:376532236420740 既不是keyword也不是target
2026-07-19 10:19:28 [INFO] ⚠️ amazon_us_hero id:353450333948908 既不是keyword也不是target
2026-07-19 10:19:28 [INFO] ⚠️ amazon_us_hero id:309681856713385 既不是keyword也不是target
2026-07-19 10:19:28 [INFO] ⚠️ amazon_us_hero id:452412550680711 既不是keyword也不是target
2026-07-19 10:19:28 [INFO] ⚠️ amazon_us_hero id:394092680484894 既不是keyword也不是target
2026-07-19 10:19:28 [INFO] ⚠️ amazon_us_hero id:507919575005798 既不是keyword也不是target
2026-07-19 10:19:28 [INFO] ⚠️ amazon_us_hero id:549255250171534 既不是keyword也不是target
2026-07-19 10:19:28 [INFO] ⚠️ amazon_us_hero id:537122134943387 既不是keyword也不是target
2026-07-19 10:19:28 [INFO] ⚠️ amazon_us_hero id:464825873309121 既不是keyword也不是target
2026-07-19 10:19:28 [INFO] ⚠️ amazon_us_hero id:413168433843452 既不是keyword也不是target
2026-07-19 10:19:28 [INFO] amazon_us_sopro 开始校验 30 个id
2026-07-19 10:19:28 [INFO] 查询Amazon API(keyword): amazon_us_sopro ids: 281441846932524,478003837976127,277919413485423,391164455478070,329572100667464,314350115841526,409270199886453,331257573140307,493630870941135,465331062161043,183231520815792,372710628130235,527123010312261,481922192520527,312998282457263,489983450194844,437644801454857,486904110384676,462708362680975,381083072615260,490852143466610,520731243777464,270896968448545,488739171884647,382891210657523,532168514547837,448533005437067,340874352226203,561202207627009,288098821480450
2026-07-19 10:19:28 [INFO] amazon_us_sopro 有 30 个id未匹配keyword，尝试作为target校验
2026-07-19 10:19:28 [INFO] 查询Amazon API(target): amazon_us_sopro ids: 281441846932524,478003837976127,277919413485423,391164455478070,329572100667464,314350115841526,409270199886453,331257573140307,493630870941135,465331062161043,183231520815792,372710628130235,527123010312261,481922192520527,312998282457263,489983450194844,437644801454857,486904110384676,462708362680975,381083072615260,490852143466610,520731243777464,270896968448545,488739171884647,382891210657523,532168514547837,448533005437067,340874352226203,561202207627009,288098821480450
2026-07-19 10:19:28 [INFO] ⚠️ amazon_us_sopro id:281441846932524 既不是keyword也不是target
2026-07-19 10:19:28 [INFO] ⚠️ amazon_us_sopro id:478003837976127 既不是keyword也不是target
2026-07-19 10:19:28 [INFO] ⚠️ amazon_us_sopro id:277919413485423 既不是keyword也不是target
2026-07-19 10:19:28 [INFO] ⚠️ amazon_us_sopro id:391164455478070 既不是keyword也不是target
2026-07-19 10:19:28 [INFO] ⚠️ amazon_us_sopro id:329572100667464 既不是keyword也不是target
2026-07-19 10:19:28 [INFO] ⚠️ amazon_us_sopro id:314350115841526 既不是keyword也不是target
2026-07-19 10:19:28 [INFO] ⚠️ amazon_us_sopro id:409270199886453 既不是keyword也不是target
2026-07-19 10:19:28 [INFO] ⚠️ amazon_us_sopro id:331257573140307 既不是keyword也不是target
2026-07-19 10:19:28 [INFO] ⚠️ amazon_us_sopro id:493630870941135 既不是keyword也不是target
2026-07-19 10:19:28 [INFO] ⚠️ amazon_us_sopro id:465331062161043 既不是keyword也不是target
2026-07-19 10:19:28 [INFO] ⚠️ amazon_us_sopro id:183231520815792 既不是keyword也不是target
2026-07-19 10:19:28 [INFO] ⚠️ amazon_us_sopro id:372710628130235 既不是keyword也不是target
2026-07-19 10:19:28 [INFO] ⚠️ amazon_us_sopro id:527123010312261 既不是keyword也不是target
2026-07-19 10:19:28 [INFO] ⚠️ amazon_us_sopro id:481922192520527 既不是keyword也不是target
2026-07-19 10:19:28 [INFO] ⚠️ amazon_us_sopro id:312998282457263 既不是keyword也不是target
2026-07-19 10:19:28 [INFO] ⚠️ amazon_us_sopro id:489983450194844 既不是keyword也不是target
2026-07-19 10:19:28 [INFO] ⚠️ amazon_us_sopro id:437644801454857 既不是keyword也不是target
2026-07-19 10:19:28 [INFO] ⚠️ amazon_us_sopro id:486904110384676 既不是keyword也不是target
2026-07-19 10:19:28 [INFO] ⚠️ amazon_us_sopro id:462708362680975 既不是keyword也不是target
2026-07-19 10:19:28 [INFO] ⚠️ amazon_us_sopro id:381083072615260 既不是keyword也不是target
2026-07-19 10:19:28 [INFO] ⚠️ amazon_us_sopro id:490852143466610 既不是keyword也不是target
2026-07-19 10:19:28 [INFO] ⚠️ amazon_us_sopro id:520731243777464 既不是keyword也不是target
2026-07-19 10:19:28 [INFO] ⚠️ amazon_us_sopro id:270896968448545 既不是keyword也不是target
2026-07-19 10:19:28 [INFO] ⚠️ amazon_us_sopro id:488739171884647 既不是keyword也不是target
2026-07-19 10:19:28 [INFO] ⚠️ amazon_us_sopro id:382891210657523 既不是keyword也不是target
2026-07-19 10:19:28 [INFO] ⚠️ amazon_us_sopro id:532168514547837 既不是keyword也不是target
2026-07-19 10:19:28 [INFO] ⚠️ amazon_us_sopro id:448533005437067 既不是keyword也不是target
2026-07-19 10:19:28 [INFO] ⚠️ amazon_us_sopro id:340874352226203 既不是keyword也不是target
2026-07-19 10:19:28 [INFO] ⚠️ amazon_us_sopro id:561202207627009 既不是keyword也不是target
2026-07-19 10:19:28 [INFO] ⚠️ amazon_us_sopro id:288098821480450 既不是keyword也不是target
2026-07-19 10:19:28 [INFO] amazon_us_lift 开始校验 2 个id
2026-07-19 10:19:28 [INFO] 查询Amazon API(keyword): amazon_us_lift ids: 533401458729393,321382607564851
2026-07-19 10:19:28 [INFO] amazon_us_lift 有 2 个id未匹配keyword，尝试作为target校验
2026-07-19 10:19:28 [INFO] 查询Amazon API(target): amazon_us_lift ids: 533401458729393,321382607564851
2026-07-19 10:19:28 [INFO] ⚠️ amazon_us_lift id:533401458729393 既不是keyword也不是target
2026-07-19 10:19:28 [INFO] ⚠️ amazon_us_lift id:321382607564851 既不是keyword也不是target
2026-07-19 10:19:28 [INFO] amazon_us_tuc 开始校验 7 个id
2026-07-19 10:19:28 [INFO] 查询Amazon API(keyword): amazon_us_tuc ids: 290809027199200,441956595764745,336999169243275,141965813153933,467218022474233,390870427829231,337875830392106
2026-07-19 10:19:28 [INFO] amazon_us_tuc 有 7 个id未匹配keyword，尝试作为target校验
2026-07-19 10:19:28 [INFO] 查询Amazon API(target): amazon_us_tuc ids: 290809027199200,441956595764745,336999169243275,141965813153933,467218022474233,390870427829231,337875830392106
2026-07-19 10:19:28 [INFO] ⚠️ amazon_us_tuc id:290809027199200 既不是keyword也不是target
2026-07-19 10:19:28 [INFO] ⚠️ amazon_us_tuc id:441956595764745 既不是keyword也不是target
2026-07-19 10:19:28 [INFO] ⚠️ amazon_us_tuc id:336999169243275 既不是keyword也不是target
2026-07-19 10:19:28 [INFO] ⚠️ amazon_us_tuc id:141965813153933 既不是keyword也不是target
2026-07-19 10:19:28 [INFO] ⚠️ amazon_us_tuc id:467218022474233 既不是keyword也不是target
2026-07-19 10:19:28 [INFO] ⚠️ amazon_us_tuc id:390870427829231 既不是keyword也不是target
2026-07-19 10:19:28 [INFO] ⚠️ amazon_us_tuc id:337875830392106 既不是keyword也不是target
2026-07-19 10:19:28 [INFO] amazon_us_hood 开始校验 2 个id
2026-07-19 10:19:28 [INFO] 查询Amazon API(keyword): amazon_us_hood ids: 462557312961325,335138308533723
2026-07-19 10:19:28 [INFO] amazon_us_hood 有 2 个id未匹配keyword，尝试作为target校验
2026-07-19 10:19:28 [INFO] 查询Amazon API(target): amazon_us_hood ids: 462557312961325,335138308533723
2026-07-19 10:19:28 [INFO] ⚠️ amazon_us_hood id:462557312961325 既不是keyword也不是target
2026-07-19 10:19:28 [INFO] ⚠️ amazon_us_hood id:335138308533723 既不是keyword也不是target
2026-07-19 10:19:28 [INFO] amazon_us_swi 开始校验 9 个id
2026-07-19 10:19:28 [INFO] 查询Amazon API(keyword): amazon_us_swi ids: 475866414188628,301626858824295,318155259525513,484708598443171,468648114918026,454788618351183,518005068662826,451244022204796,501477861127702
2026-07-19 10:19:28 [INFO] amazon_us_swi 有 9 个id未匹配keyword，尝试作为target校验
2026-07-19 10:19:28 [INFO] 查询Amazon API(target): amazon_us_swi ids: 475866414188628,301626858824295,318155259525513,484708598443171,468648114918026,454788618351183,518005068662826,451244022204796,501477861127702
2026-07-19 10:19:28 [INFO] ⚠️ amazon_us_swi id:475866414188628 既不是keyword也不是target
2026-07-19 10:19:28 [INFO] ⚠️ amazon_us_swi id:301626858824295 既不是keyword也不是target
2026-07-19 10:19:28 [INFO] ⚠️ amazon_us_swi id:318155259525513 既不是keyword也不是target
2026-07-19 10:19:28 [INFO] ⚠️ amazon_us_swi id:484708598443171 既不是keyword也不是target
2026-07-19 10:19:28 [INFO] ⚠️ amazon_us_swi id:468648114918026 既不是keyword也不是target
2026-07-19 10:19:28 [INFO] ⚠️ amazon_us_swi id:454788618351183 既不是keyword也不是target
2026-07-19 10:19:28 [INFO] ⚠️ amazon_us_swi id:518005068662826 既不是keyword也不是target
2026-07-19 10:19:28 [INFO] ⚠️ amazon_us_swi id:451244022204796 既不是keyword也不是target
2026-07-19 10:19:28 [INFO] ⚠️ amazon_us_swi id:501477861127702 既不是keyword也不是target
2026-07-19 10:19:28 [INFO] amazon_us_hope 开始校验 15 个id
2026-07-19 10:19:28 [INFO] 查询Amazon API(keyword): amazon_us_hope ids: 389041174523927,397442964470527,325375801628614,312615294680941,284789213023638,462711892856860,335592718788262,389392731396405,517640795633924,459191016172230,484441567520748,471112165277157,388424337789447,301831910382518,353475417324266
2026-07-19 10:19:28 [INFO] amazon_us_hope 有 15 个id未匹配keyword，尝试作为target校验
2026-07-19 10:19:28 [INFO] 查询Amazon API(target): amazon_us_hope ids: 389041174523927,397442964470527,325375801628614,312615294680941,284789213023638,462711892856860,335592718788262,389392731396405,517640795633924,459191016172230,484441567520748,471112165277157,388424337789447,301831910382518,353475417324266
2026-07-19 10:19:28 [INFO] ⚠️ amazon_us_hope id:389041174523927 既不是keyword也不是target
2026-07-19 10:19:28 [INFO] ⚠️ amazon_us_hope id:397442964470527 既不是keyword也不是target
2026-07-19 10:19:28 [INFO] ⚠️ amazon_us_hope id:325375801628614 既不是keyword也不是target
2026-07-19 10:19:28 [INFO] ⚠️ amazon_us_hope id:312615294680941 既不是keyword也不是target
2026-07-19 10:19:28 [INFO] ⚠️ amazon_us_hope id:284789213023638 既不是keyword也不是target
2026-07-19 10:19:28 [INFO] ⚠️ amazon_us_hope id:462711892856860 既不是keyword也不是target
2026-07-19 10:19:28 [INFO] ⚠️ amazon_us_hope id:335592718788262 既不是keyword也不是target
2026-07-19 10:19:28 [INFO] ⚠️ amazon_us_hope id:389392731396405 既不是keyword也不是target
2026-07-19 10:19:28 [INFO] ⚠️ amazon_us_hope id:517640795633924 既不是keyword也不是target
2026-07-19 10:19:28 [INFO] ⚠️ amazon_us_hope id:459191016172230 既不是keyword也不是target
2026-07-19 10:19:28 [INFO] ⚠️ amazon_us_hope id:484441567520748 既不是keyword也不是target
2026-07-19 10:19:28 [INFO] ⚠️ amazon_us_hope id:471112165277157 既不是keyword也不是target
2026-07-19 10:19:28 [INFO] ⚠️ amazon_us_hope id:388424337789447 既不是keyword也不是target
2026-07-19 10:19:28 [INFO] ⚠️ amazon_us_hope id:301831910382518 既不是keyword也不是target
2026-07-19 10:19:28 [INFO] ⚠️ amazon_us_hope id:353475417324266 既不是keyword也不是target
2026-07-19 10:19:28 [INFO] amazon_us_find 开始校验 7 个id
2026-07-19 10:19:28 [INFO] 查询Amazon API(keyword): amazon_us_find ids: 524826217403033,313698832721682,361991930060736,470385585751067,470107852212545,345248488914661,282663306880912
2026-07-19 10:19:28 [INFO] amazon_us_find 有 7 个id未匹配keyword，尝试作为target校验
2026-07-19 10:19:28 [INFO] 查询Amazon API(target): amazon_us_find ids: 524826217403033,313698832721682,361991930060736,470385585751067,470107852212545,345248488914661,282663306880912
2026-07-19 10:19:28 [INFO] ⚠️ amazon_us_find id:524826217403033 既不是keyword也不是target
2026-07-19 10:19:28 [INFO] ⚠️ amazon_us_find id:313698832721682 既不是keyword也不是target
2026-07-19 10:19:28 [INFO] ⚠️ amazon_us_find id:361991930060736 既不是keyword也不是target
2026-07-19 10:19:28 [INFO] ⚠️ amazon_us_find id:470385585751067 既不是keyword也不是target
2026-07-19 10:19:28 [INFO] ⚠️ amazon_us_find id:470107852212545 既不是keyword也不是target
2026-07-19 10:19:28 [INFO] ⚠️ amazon_us_find id:345248488914661 既不是keyword也不是target
2026-07-19 10:19:28 [INFO] ⚠️ amazon_us_find id:282663306880912 既不是keyword也不是target
2026-07-19 10:19:28 [INFO] amazon_us_dri 开始校验 4 个id
2026-07-19 10:19:28 [INFO] 查询Amazon API(keyword): amazon_us_dri ids: 161586452115897,525400602929582,366791179079488,104557991255556
2026-07-19 10:19:28 [INFO] amazon_us_dri 有 4 个id未匹配keyword，尝试作为target校验
2026-07-19 10:19:28 [INFO] 查询Amazon API(target): amazon_us_dri ids: 161586452115897,525400602929582,366791179079488,104557991255556
2026-07-19 10:19:28 [INFO] ⚠️ amazon_us_dri id:161586452115897 既不是keyword也不是target
2026-07-19 10:19:28 [INFO] ⚠️ amazon_us_dri id:525400602929582 既不是keyword也不是target
2026-07-19 10:19:28 [INFO] ⚠️ amazon_us_dri id:366791179079488 既不是keyword也不是target
2026-07-19 10:19:28 [INFO] ⚠️ amazon_us_dri id:104557991255556 既不是keyword也不是target
2026-07-19 10:19:28 [INFO] amazon_us_tuto 开始校验 11 个id
2026-07-19 10:19:28 [INFO] 查询Amazon API(keyword): amazon_us_tuto ids: 420114128220519,536607875617558,394373695241210,301835265590027,494337268957820,460831705407154,419749505475228,417465745136900,468187690885671,478409446763360,337602347286553
2026-07-19 10:19:28 [INFO] amazon_us_tuto 有 11 个id未匹配keyword，尝试作为target校验
2026-07-19 10:19:28 [INFO] 查询Amazon API(target): amazon_us_tuto ids: 420114128220519,536607875617558,394373695241210,301835265590027,494337268957820,460831705407154,419749505475228,417465745136900,468187690885671,478409446763360,337602347286553
2026-07-19 10:19:28 [INFO] ⚠️ amazon_us_tuto id:420114128220519 既不是keyword也不是target
2026-07-19 10:19:28 [INFO] ⚠️ amazon_us_tuto id:536607875617558 既不是keyword也不是target
2026-07-19 10:19:28 [INFO] ⚠️ amazon_us_tuto id:394373695241210 既不是keyword也不是target
2026-07-19 10:19:28 [INFO] ⚠️ amazon_us_tuto id:301835265590027 既不是keyword也不是target
2026-07-19 10:19:28 [INFO] ⚠️ amazon_us_tuto id:494337268957820 既不是keyword也不是target
2026-07-19 10:19:28 [INFO] ⚠️ amazon_us_tuto id:460831705407154 既不是keyword也不是target
2026-07-19 10:19:28 [INFO] ⚠️ amazon_us_tuto id:419749505475228 既不是keyword也不是target
2026-07-19 10:19:28 [INFO] ⚠️ amazon_us_tuto id:417465745136900 既不是keyword也不是target
2026-07-19 10:19:28 [INFO] ⚠️ amazon_us_tuto id:468187690885671 既不是keyword也不是target
2026-07-19 10:19:28 [INFO] ⚠️ amazon_us_tuto id:478409446763360 既不是keyword也不是target
2026-07-19 10:19:28 [INFO] ⚠️ amazon_us_tuto id:337602347286553 既不是keyword也不是target
2026-07-19 10:19:28 [INFO] amazon_us_auto 开始校验 1 个id
2026-07-19 10:19:28 [INFO] 查询Amazon API(keyword): amazon_us_auto ids: 506699119516807
2026-07-19 10:19:28 [INFO] amazon_us_auto 有 1 个id未匹配keyword，尝试作为target校验
2026-07-19 10:19:28 [INFO] 查询Amazon API(target): amazon_us_auto ids: 506699119516807
2026-07-19 10:19:28 [INFO] ⚠️ amazon_us_auto id:506699119516807 既不是keyword也不是target
2026-07-19 10:19:28 [INFO] amazon_us_cover 开始校验 1 个id
2026-07-19 10:19:28 [INFO] 查询Amazon API(keyword): amazon_us_cover ids: 420228505812200
2026-07-19 10:19:28 [INFO] amazon_us_cover 有 1 个id未匹配keyword，尝试作为target校验
2026-07-19 10:19:28 [INFO] 查询Amazon API(target): amazon_us_cover ids: 420228505812200
2026-07-19 10:19:28 [INFO] ⚠️ amazon_us_cover id:420228505812200 既不是keyword也不是target
2026-07-19 10:19:28 [INFO] amazon_us_rock 开始校验 2 个id
2026-07-19 10:19:28 [INFO] 查询Amazon API(keyword): amazon_us_rock ids: 325787106591074,516807332065162
2026-07-19 10:19:28 [INFO] amazon_us_rock 有 2 个id未匹配keyword，尝试作为target校验
2026-07-19 10:19:28 [INFO] 查询Amazon API(target): amazon_us_rock ids: 325787106591074,516807332065162
2026-07-19 10:19:28 [INFO] ⚠️ amazon_us_rock id:325787106591074 既不是keyword也不是target
2026-07-19 10:19:28 [INFO] ⚠️ amazon_us_rock id:516807332065162 既不是keyword也不是target
2026-07-19 10:19:28 [INFO] amazon_us_luck 开始校验 4 个id
2026-07-19 10:19:28 [INFO] 查询Amazon API(keyword): amazon_us_luck ids: 475728516230723,296275178534187,308214952313276,372479682403230
2026-07-19 10:19:28 [INFO] amazon_us_luck 有 4 个id未匹配keyword，尝试作为target校验
2026-07-19 10:19:28 [INFO] 查询Amazon API(target): amazon_us_luck ids: 475728516230723,296275178534187,308214952313276,372479682403230
2026-07-19 10:19:28 [INFO] ⚠️ amazon_us_luck id:475728516230723 既不是keyword也不是target
2026-07-19 10:19:28 [INFO] ⚠️ amazon_us_luck id:296275178534187 既不是keyword也不是target
2026-07-19 10:19:28 [INFO] ⚠️ amazon_us_luck id:308214952313276 既不是keyword也不是target
2026-07-19 10:19:28 [INFO] ⚠️ amazon_us_luck id:372479682403230 既不是keyword也不是target
2026-07-19 10:19:28 [INFO] amazon_us_ac1 开始校验 1 个id
2026-07-19 10:19:28 [INFO] 查询Amazon API(keyword): amazon_us_ac1 ids: 552779468277552
2026-07-19 10:19:28 [INFO] amazon_us_ac1 有 1 个id未匹配keyword，尝试作为target校验
2026-07-19 10:19:28 [INFO] 查询Amazon API(target): amazon_us_ac1 ids: 552779468277552
2026-07-19 10:19:28 [INFO] ⚠️ amazon_us_ac1 id:552779468277552 既不是keyword也不是target
2026-07-19 10:19:28 [INFO] amazon_us_rrc 开始校验 1 个id
2026-07-19 10:19:28 [INFO] 查询Amazon API(keyword): amazon_us_rrc ids: 367358330024185
2026-07-19 10:19:28 [INFO] amazon_us_rrc 有 1 个id未匹配keyword，尝试作为target校验
2026-07-19 10:19:28 [INFO] 查询Amazon API(target): amazon_us_rrc ids: 367358330024185
2026-07-19 10:19:28 [INFO] ⚠️ amazon_us_rrc id:367358330024185 既不是keyword也不是target
2026-07-19 10:19:28 [INFO] amazon_us_kilo 开始校验 1 个id
2026-07-19 10:19:28 [INFO] 查询Amazon API(keyword): amazon_us_kilo ids: 540748940178851
2026-07-19 10:19:28 [INFO] amazon_us_kilo 有 1 个id未匹配keyword，尝试作为target校验
2026-07-19 10:19:28 [INFO] 查询Amazon API(target): amazon_us_kilo ids: 540748940178851
2026-07-19 10:19:28 [INFO] ⚠️ amazon_us_kilo id:540748940178851 既不是keyword也不是target
2026-07-19 10:19:28 [INFO] ========== 校验汇总 ==========
2026-07-19 10:19:28 [INFO] 总校验数: 288
2026-07-19 10:19:28 [INFO] ✅ 已暂停(paused): 0
2026-07-19 10:19:28 [INFO] ❌ 未暂停(非paused状态): 0
2026-07-19 10:19:28 [INFO] ⚠️ 未找到(not_found): 288
2026-07-19 10:19:28 [INFO] 异常数据已导出: /Users/clouddre/ux168work/03_项目代码/php/ShallowDream-LeetCode-PHP/pa-temp-fix-system.com/php/core/../shell/sp/keyword/export/校验异常_paused_amazon_us_20260719101928.xlsx
2026-07-19 10:19:28 [INFO] verifyKeywordStates channel:amazon_us 校验完毕
2026-07-19 10:19:47 [INFO] 开始处理:amazon_us
2026-07-19 10:19:47 [INFO] amazon_us_luux 数量: 3个
2026-07-19 10:19:47 [INFO] amazon_us_luux 关停keyword: 51个
2026-07-19 10:19:47 [INFO] amazon_us_luux 关停失败: 51个
2026-07-19 10:19:47 [INFO] amazon_us_find 数量: 1个
2026-07-19 10:19:47 [INFO] amazon_us_find 关停keyword: 24个
2026-07-19 10:19:47 [INFO] amazon_us_find 关停失败: 24个
2026-07-19 10:19:47 [INFO] amazon_us_hero 数量: 1个
2026-07-19 10:19:47 [INFO] amazon_us_hero 关停keyword: 33个
2026-07-19 10:19:47 [INFO] amazon_us_hero 关停失败: 33个
2026-07-19 10:19:47 [INFO] amazon 数量: 127个
2026-07-19 10:19:47 [INFO] amazon 关停keyword: 200个
2026-07-19 10:19:47 [INFO] amazon 关停失败: 200个
2026-07-19 10:19:47 [INFO] amazon 关停keyword: 42个
2026-07-19 10:19:47 [INFO] amazon 关停失败: 42个
2026-07-19 10:19:47 [INFO] amazon_us_moto 数量: 8个
2026-07-19 10:19:47 [INFO] amazon_us_moto 关停keyword: 72个
2026-07-19 10:19:47 [INFO] amazon_us_moto 关停失败: 72个
2026-07-19 10:19:47 [INFO] amazon_us_sopro 数量: 14个
2026-07-19 10:19:47 [INFO] amazon_us_sopro 关停keyword: 109个
2026-07-19 10:19:47 [INFO] amazon_us_sopro 关停失败: 109个
2026-07-19 10:19:47 [INFO] amazon_us_ifn 数量: 3个
2026-07-19 10:19:47 [INFO] amazon_us_ifn 关停keyword: 34个
2026-07-19 10:19:47 [INFO] amazon_us_ifn 关停失败: 34个
2026-07-19 10:19:47 [INFO] amazon_us_tuc 数量: 6个
2026-07-19 10:19:47 [INFO] amazon_us_tuc 关停keyword: 28个
2026-07-19 10:19:47 [INFO] amazon_us_tuc 关停失败: 28个
2026-07-19 10:19:47 [INFO] amazon_us_rrc 数量: 1个
2026-07-19 10:19:47 [INFO] amazon_us_rrc 关停keyword: 24个
2026-07-19 10:19:47 [INFO] amazon_us_rrc 关停失败: 24个
2026-07-19 10:19:47 [INFO] amazon_us_cover 数量: 1个
2026-07-19 10:19:47 [INFO] amazon_us_cover 关停keyword: 2个
2026-07-19 10:19:47 [INFO] amazon_us_cover 关停失败: 2个
2026-07-19 10:19:47 [INFO] amazon_us_hope 数量: 0个
2026-07-19 10:19:47 [INFO] amazon_us_hope 关停keyword: 33个
2026-07-19 10:19:47 [INFO] amazon_us_hope 关停失败: 33个
2026-07-19 10:19:47 [INFO] amazon_us_tuto 数量: 1个
2026-07-19 10:19:47 [INFO] amazon_us_tuto 关停keyword: 32个
2026-07-19 10:19:47 [INFO] amazon_us_tuto 关停失败: 32个
2026-07-19 10:19:47 [INFO] amazon_us_ac1 数量: 2个
2026-07-19 10:19:47 [INFO] amazon_us_ac1 关停keyword: 32个
2026-07-19 10:19:47 [INFO] amazon_us_ac1 关停失败: 32个
2026-07-19 10:19:47 [INFO] amazon_us_dri 数量: 0个
2026-07-19 10:19:47 [INFO] amazon_us_dri 关停keyword: 2个
2026-07-19 10:19:47 [INFO] amazon_us_dri 关停失败: 2个
2026-07-19 10:19:47 [INFO] amazon_us_hood 数量: 1个
2026-07-19 10:19:47 [INFO] amazon_us_hood 关停keyword: 22个
2026-07-19 10:19:47 [INFO] amazon_us_hood 关停失败: 22个
2026-07-19 10:19:47 [INFO] amazon_us_kilo 数量: 0个
2026-07-19 10:19:47 [INFO] amazon_us_kilo 关停keyword: 2个
2026-07-19 10:19:47 [INFO] amazon_us_kilo 关停失败: 2个
2026-07-19 10:19:47 [INFO] amazon_us_rock 数量: 1个
2026-07-19 10:19:47 [INFO] amazon_us_rock 关停keyword: 15个
2026-07-19 10:19:47 [INFO] amazon_us_rock 关停失败: 15个
2026-07-19 10:19:47 [INFO] amazon_us_swi 数量: 2个
2026-07-19 10:19:47 [INFO] amazon_us_swi 关停keyword: 14个
2026-07-19 10:19:47 [INFO] amazon_us_swi 关停失败: 14个
2026-07-19 10:19:47 [INFO] amazon_us_lift 数量: 1个
2026-07-19 10:19:47 [INFO] amazon_us_lift 关停keyword: 6个
2026-07-19 10:19:47 [INFO] amazon_us_lift 关停失败: 6个
2026-07-19 10:19:47 [INFO] amazon_us_luck 数量: 0个
2026-07-19 10:19:47 [INFO] amazon_us_luck 关停keyword: 4个
2026-07-19 10:19:47 [INFO] amazon_us_luck 关停失败: 4个
2026-07-19 10:19:47 [INFO] amazon_us_bull 数量: 0个
2026-07-19 10:19:47 [INFO] amazon_us_bull 关停keyword: 1个
2026-07-19 10:19:47 [INFO] amazon_us_bull 关停失败: 1个
2026-07-19 10:20:02 [INFO] 开始处理:amazon_us
2026-07-19 10:20:02 [INFO] amazon_us_luux 数量: 3个
2026-07-19 10:20:02 [INFO] amazon_us_luux 关停keyword: 51个
2026-07-19 10:20:02 [INFO] amazon_us_luux 关停失败: 51个
2026-07-19 10:20:02 [INFO] amazon_us_find 数量: 1个
2026-07-19 10:20:02 [INFO] amazon_us_find 关停keyword: 24个
2026-07-19 10:20:02 [INFO] amazon_us_find 关停失败: 24个
2026-07-19 10:20:02 [INFO] amazon_us_hero 数量: 1个
2026-07-19 10:20:02 [INFO] amazon_us_hero 关停keyword: 33个
2026-07-19 10:20:02 [INFO] amazon_us_hero 关停失败: 33个
2026-07-19 10:20:02 [INFO] amazon 数量: 127个
2026-07-19 10:20:02 [INFO] amazon 关停keyword: 200个
2026-07-19 10:20:02 [INFO] amazon 关停失败: 200个
2026-07-19 10:20:02 [INFO] amazon 关停keyword: 42个
2026-07-19 10:20:02 [INFO] amazon 关停失败: 42个
2026-07-19 10:20:02 [INFO] amazon_us_moto 数量: 8个
2026-07-19 10:20:02 [INFO] amazon_us_moto 关停keyword: 72个
2026-07-19 10:20:02 [INFO] amazon_us_moto 关停失败: 72个
2026-07-19 10:20:02 [INFO] amazon_us_sopro 数量: 14个
2026-07-19 10:20:02 [INFO] amazon_us_sopro 关停keyword: 109个
2026-07-19 10:20:02 [INFO] amazon_us_sopro 关停失败: 109个
2026-07-19 10:20:02 [INFO] amazon_us_ifn 数量: 3个
2026-07-19 10:20:02 [INFO] amazon_us_ifn 关停keyword: 34个
2026-07-19 10:20:02 [INFO] amazon_us_ifn 关停失败: 34个
2026-07-19 10:20:02 [INFO] amazon_us_tuc 数量: 6个
2026-07-19 10:20:02 [INFO] amazon_us_tuc 关停keyword: 28个
2026-07-19 10:20:02 [INFO] amazon_us_tuc 关停失败: 28个
2026-07-19 10:20:02 [INFO] amazon_us_rrc 数量: 1个
2026-07-19 10:20:02 [INFO] amazon_us_rrc 关停keyword: 24个
2026-07-19 10:20:02 [INFO] amazon_us_rrc 关停失败: 24个
2026-07-19 10:20:02 [INFO] amazon_us_cover 数量: 1个
2026-07-19 10:20:02 [INFO] amazon_us_cover 关停keyword: 2个
2026-07-19 10:20:02 [INFO] amazon_us_cover 关停失败: 2个
2026-07-19 10:20:02 [INFO] amazon_us_hope 数量: 0个
2026-07-19 10:20:02 [INFO] amazon_us_hope 关停keyword: 33个
2026-07-19 10:20:02 [INFO] amazon_us_hope 关停失败: 33个
2026-07-19 10:20:02 [INFO] amazon_us_tuto 数量: 1个
2026-07-19 10:20:02 [INFO] amazon_us_tuto 关停keyword: 32个
2026-07-19 10:20:03 [INFO] amazon_us_tuto 关停失败: 32个
2026-07-19 10:20:03 [INFO] amazon_us_ac1 数量: 2个
2026-07-19 10:20:03 [INFO] amazon_us_ac1 关停keyword: 32个
2026-07-19 10:20:03 [INFO] amazon_us_ac1 关停失败: 32个
2026-07-19 10:20:03 [INFO] amazon_us_dri 数量: 0个
2026-07-19 10:20:03 [INFO] amazon_us_dri 关停keyword: 2个
2026-07-19 10:20:03 [INFO] amazon_us_dri 关停失败: 2个
2026-07-19 10:20:03 [INFO] amazon_us_hood 数量: 1个
2026-07-19 10:20:03 [INFO] amazon_us_hood 关停keyword: 22个
2026-07-19 10:20:03 [INFO] amazon_us_hood 关停失败: 22个
2026-07-19 10:20:03 [INFO] amazon_us_kilo 数量: 0个
2026-07-19 10:20:03 [INFO] amazon_us_kilo 关停keyword: 2个
2026-07-19 10:20:03 [INFO] amazon_us_kilo 关停失败: 2个
2026-07-19 10:20:03 [INFO] amazon_us_rock 数量: 1个
2026-07-19 10:20:03 [INFO] amazon_us_rock 关停keyword: 15个
2026-07-19 10:20:03 [INFO] amazon_us_rock 关停失败: 15个
2026-07-19 10:20:03 [INFO] amazon_us_swi 数量: 2个
2026-07-19 10:20:03 [INFO] amazon_us_swi 关停keyword: 14个
2026-07-19 10:20:03 [INFO] amazon_us_swi 关停失败: 14个
2026-07-19 10:20:03 [INFO] amazon_us_lift 数量: 1个
2026-07-19 10:20:03 [INFO] amazon_us_lift 关停keyword: 6个
2026-07-19 10:20:03 [INFO] amazon_us_lift 关停失败: 6个
2026-07-19 10:20:03 [INFO] amazon_us_luck 数量: 0个
2026-07-19 10:20:03 [INFO] amazon_us_luck 关停keyword: 4个
2026-07-19 10:20:03 [INFO] amazon_us_luck 关停失败: 4个
2026-07-19 10:20:03 [INFO] amazon_us_bull 数量: 0个
2026-07-19 10:20:03 [INFO] amazon_us_bull 关停keyword: 1个
2026-07-19 10:20:03 [INFO] amazon_us_bull 关停失败: 1个
