2025-11-19 17:38:30 - DPMO250110001 开始回写: CE202501140105["a25011300ux1832","a25011300ux1833","a25011300ux1834","a25011300ux1835","a25011300ux1836","a25011300ux1837","a25011300ux1838","a25011300ux1839","a25011300ux1840","a25011300ux1841","a25011300ux1842","a25011300ux1843","a25011300ux1844","a25011300ux1845","a25011300ux1846","a25011300ux1847","a25011300ux1848","a25011300ux1849","a25011300ux1850","a25011300ux1851","a25011300ux1852","a25011300ux1853","a25011300ux1854","a25011300ux1855","a25011300ux1856","a25011300ux1857","a25011300ux1858","a25011300ux1859","a25011300ux1860","a25011300ux1861","a25011300ux1862","a25011300ux1863","a25011300ux1864","a25011300ux1865","a25011300ux1866","a25011300ux1867","a25011300ux1868","a25011300ux1869","a25011300ux1870","a25011300ux1871","a25011300ux1872","a25011300ux1873","a25011300ux1874","a25011300ux1875","a25011300ux1876"]
2025-11-19 17:40:15 - {"value":true}
2025-11-19 17:40:18 - DPMO250910009 开始回写: CE202509180056["a25091100ux0001"]
2025-11-19 17:40:20 - {"value":true}
2025-11-19 17:40:23 - DPMO251103001 开始回写: CE202511060190["a25110400ux0083","a25110400ux0084","a25110400ux0085","a25110400ux0086","a25110400ux0087","a25110400ux0088","a25110400ux0089","a25110400ux0090","a25110400ux0092","a25110400ux0094","a25110400ux0096","a25110400ux0098","a25110400ux0099","a25110400ux0101","a25110400ux0103","a25110400ux0105","a25110400ux0109","a25110400ux0110","a25110400ux0112","a25110400ux0114","a25110400ux0116","a25110400ux0117","a25110400ux0118","a25110400ux0119","a25110400ux0120"]
2025-11-19 17:40:25 - {"value":true}
2025-11-19 17:40:28 - DPMO251028008 开始回写: CE202511060197["a25102900ux0037"]
2025-11-19 17:40:31 - {"value":true}
2025-11-19 17:40:34 - DPMO251028007 开始回写: CE202511060163["a25102900ux0038"]
2025-11-19 17:40:38 - {"value":true}
2025-11-19 17:40:41 - DPMO251103012 开始回写: CE202511070021["a25110400ux0062"]
2025-11-19 17:40:42 - {"value":true}
2025-11-19 17:40:45 - DPMO251028003 开始回写: CE202511070026["a25102900ux0043"]
2025-11-19 17:40:47 - {"value":true}
2025-11-19 17:40:50 - DPMO251103004 开始回写: CE202511070020["a25110400ux0081","a25110400ux0082"]
2025-11-19 17:40:51 - {"value":true}
2025-11-19 17:40:54 - DPMO251103008 开始回写: CE202511060194["a25110400ux0073"]
2025-11-19 17:40:57 - {"value":true}
2025-11-19 17:41:00 - DPMO251031003 开始回写: CE202511060192["a25110300ux1692"]
2025-11-19 17:41:02 - {"value":true}
2025-11-19 17:41:05 - DPMO251030012 开始回写: CE202511060191["a25110400ux0091","a25110400ux0093","a25110400ux0095","a25110400ux0097","a25110400ux0100","a25110400ux0102","a25110400ux0104","a25110400ux0106","a25110400ux0107","a25110400ux0108","a25110400ux0111","a25110400ux0113","a25110400ux0115"]
2025-11-19 17:41:07 - {"value":true}
2025-11-19 17:41:10 - DPMO251031002 开始回写: CE202511060193["a25110300ux1687"]
2025-11-19 17:41:10 - {"value":true}
2025-11-19 17:41:13 - DPMO251029010 开始回写: CE202511070025["a25103000ux0112","a25103000ux0113"]
2025-11-19 17:41:14 - {"value":true}
2025-11-19 17:41:17 - DPMO251103010 开始回写: CE202511060195["a25110400ux0065","a25110400ux0066","a25110400ux0067","a25110400ux0068","a25110400ux0069","a25110400ux0070","a25110400ux0071"]
2025-11-19 17:41:18 - {"value":true}
2025-11-19 17:41:21 - DPMO251030008 开始回写: CE202511060196["a25103100ux0078"]
2025-11-19 17:41:24 - {"value":true}
2025-11-19 17:41:27 - DPMO251030007 开始回写: CE202511070024["a25103100ux0074"]
2025-11-19 17:41:29 - {"value":true}
2025-11-19 17:41:32 - DPMO251103016 开始回写: CE202511070022["a25110400ux0058"]
2025-11-19 17:41:34 - {"value":true}
2025-11-19 17:41:37 - DPMO251103015 开始回写: CE202511070023["a25110400ux0057"]
2025-11-19 17:41:38 - {"value":true}
