2025-11-10 18:22:23 - 修改CE202508300102的负责人为：liangxihao["liangxihao"]
2025-11-10 18:22:23 - 修改CE202510220165的负责人为：liuzhenni["liuzhenni"]
2025-11-10 18:22:23 - 修改CE202507280150的负责人为：liangxihao["liangxihao"]
2025-11-10 18:22:24 - 修改CE202508200164的负责人为：liangxihao["liangxihao"]
2025-11-10 18:22:24 - 修改CE202508250017的负责人为：liangxihao["liangxihao"]
2025-11-10 18:22:24 - 修改CE202508290125的负责人为：liangxihao["liangxihao"]
2025-11-10 18:22:24 - 修改CE202508290124的负责人为：liangxihao["liangxihao"]
2025-11-10 18:22:24 - 修改CE202509150172的负责人为：liangxihao["liangxihao"]
2025-11-10 18:22:24 - 修改CE202510100014的负责人为：liangxihao["liangxihao"]
2025-11-10 18:22:24 - 修改CE202510150089的负责人为：liangxihao["liangxihao"]
2025-11-10 18:22:24 - 修改CE202510290064的负责人为：liuzhenni["liuzhenni"]
2025-11-10 18:22:24 - 修改CE202509290055的负责人为：liuzhenni["liuzhenni"]
2025-11-10 18:22:24 - 修改CE202509220059的负责人为：liuzhenni["liuzhenni"]
2025-11-10 18:22:24 - 修改CE202510100041的负责人为：liuzhenni["liuzhenni"]
2025-11-10 18:22:25 - 修改CE202510140124的负责人为：liangxihao["liangxihao"]
2025-11-10 18:22:25 - 修改CE202509300011的负责人为：liangxihao["liangxihao"]
2025-11-10 18:22:25 - 修改CE202507240128的负责人为：liuzhenni["liuzhenni"]
2025-11-10 18:22:25 - 修改CE202510180097的负责人为：liangxihao["liangxihao"]
2025-11-10 18:22:25 - 修改CE202508250046的负责人为：liangxihao["liangxihao"]
2025-11-10 18:22:25 - 修改CE202510300031的负责人为：liangxihao["liangxihao","liangxihao"]
2025-11-10 18:22:25 - 修改CE202510070068的负责人为：liangxihao["liangxihao"]
2025-11-10 18:22:25 - 修改CE202508220276的负责人为：liangxihao["liangxihao"]
2025-11-10 18:22:25 - 修改CE202510110014的负责人为：liangxihao["liangxihao"]
2025-11-10 18:22:26 - 修改CE202510290049的负责人为：liuzhenni["liuzhenni"]
2025-11-10 18:22:26 - 修改CE202510270064的负责人为：liangxihao["liangxihao"]
2025-11-10 18:22:26 - 修改CE202508200085的负责人为：liuzhenni["liuzhenni"]
2025-11-10 18:22:26 - 修改CE202510310130的负责人为：liangxihao["liangxihao"]
2025-11-10 18:22:26 - 修改CE202510310144的负责人为：liangxihao["liangxihao"]
2025-11-10 18:25:04 - 修改CE202508300102的负责人为：liangxihao
2025-11-10 18:25:04 - ["liangxihao"]
2025-11-10 18:25:04 - ["chenwenzhen"]
2025-11-10 18:25:05 - 修改CE202510220165的负责人为：liuzhenni
2025-11-10 18:25:05 - ["liuzhenni"]
2025-11-10 18:25:05 - ["liuzhenni"]
2025-11-10 18:25:05 - 修改CE202507280150的负责人为：liangxihao
2025-11-10 18:25:05 - ["liangxihao"]
2025-11-10 18:25:05 - ["liangxihao"]
2025-11-10 18:25:05 - 修改CE202508200164的负责人为：liangxihao
2025-11-10 18:25:05 - ["liangxihao"]
2025-11-10 18:25:05 - ["zhoujianheng"]
2025-11-10 18:25:05 - 修改CE202508250017的负责人为：liangxihao
2025-11-10 18:25:05 - ["liangxihao"]
2025-11-10 18:25:05 - ["zhoujianheng"]
2025-11-10 18:25:05 - 修改CE202508290125的负责人为：liangxihao
2025-11-10 18:25:05 - ["liangxihao"]
2025-11-10 18:25:05 - ["zhoujianheng"]
2025-11-10 18:25:05 - 修改CE202508290124的负责人为：liangxihao
2025-11-10 18:25:05 - ["liangxihao"]
2025-11-10 18:25:05 - ["zhoujianheng"]
2025-11-10 18:25:05 - 修改CE202509150172的负责人为：liangxihao
2025-11-10 18:25:05 - ["liangxihao"]
2025-11-10 18:25:05 - ["liangxihao"]
2025-11-10 18:25:05 - 修改CE202510100014的负责人为：liangxihao
2025-11-10 18:25:05 - ["liangxihao"]
2025-11-10 18:25:05 - ["liangxihao"]
2025-11-10 18:25:05 - 修改CE202510150089的负责人为：liangxihao
2025-11-10 18:25:05 - ["liangxihao"]
2025-11-10 18:25:05 - ["zhoujianheng"]
2025-11-10 18:25:05 - 修改CE202510290064的负责人为：liuzhenni
2025-11-10 18:25:05 - ["liuzhenni"]
2025-11-10 18:25:05 - ["liuzhenni"]
2025-11-10 18:25:05 - 修改CE202509290055的负责人为：liuzhenni
2025-11-10 18:25:05 - ["liuzhenni"]
2025-11-10 18:25:05 - ["liuzhenni"]
2025-11-10 18:25:06 - 修改CE202509220059的负责人为：liuzhenni
2025-11-10 18:25:06 - ["liuzhenni"]
2025-11-10 18:25:06 - ["liuzhenni"]
2025-11-10 18:25:06 - 修改CE202510100041的负责人为：liuzhenni
2025-11-10 18:25:06 - ["liuzhenni"]
2025-11-10 18:25:06 - ["liuzhenni"]
2025-11-10 18:25:06 - 修改CE202510140124的负责人为：liangxihao
2025-11-10 18:25:06 - ["liangxihao"]
2025-11-10 18:25:06 - ["zhangxinyi"]
2025-11-10 18:25:06 - 修改CE202509300011的负责人为：liangxihao
2025-11-10 18:25:06 - ["liangxihao"]
2025-11-10 18:25:06 - ["liangxihao"]
2025-11-10 18:25:06 - 修改CE202507240128的负责人为：liuzhenni
2025-11-10 18:25:06 - ["liuzhenni"]
2025-11-10 18:25:06 - ["liuzhenni"]
2025-11-10 18:25:06 - 修改CE202510180097的负责人为：liangxihao
2025-11-10 18:25:06 - ["liangxihao"]
2025-11-10 18:25:06 - ["zhangxinyi"]
2025-11-10 18:25:06 - 修改CE202508250046的负责人为：liangxihao
2025-11-10 18:25:06 - ["liangxihao"]
2025-11-10 18:25:06 - ["huangxiaojiong"]
2025-11-10 18:25:06 - 修改CE202510300031的负责人为：liangxihao
2025-11-10 18:25:06 - ["liangxihao"]
2025-11-10 18:25:06 - ["liangxihao"]
2025-11-10 18:25:06 - 修改CE202510070068的负责人为：liangxihao
2025-11-10 18:25:06 - ["liangxihao"]
2025-11-10 18:25:06 - ["liangxihao"]
2025-11-10 18:25:07 - 修改CE202508220276的负责人为：liangxihao
2025-11-10 18:25:07 - ["liangxihao"]
2025-11-10 18:25:07 - ["gonglanlan2","liangxihao"]
2025-11-10 18:25:07 - 修改CE202510110014的负责人为：liangxihao
2025-11-10 18:25:07 - ["liangxihao"]
2025-11-10 18:25:07 - ["liangxihao"]
2025-11-10 18:25:07 - 修改CE202510290049的负责人为：liuzhenni
2025-11-10 18:25:07 - ["liuzhenni"]
2025-11-10 18:25:07 - ["liuzhenni"]
2025-11-10 18:25:07 - 修改CE202510270064的负责人为：liangxihao
2025-11-10 18:25:07 - ["liangxihao"]
2025-11-10 18:25:07 - ["chenwenzhen"]
2025-11-10 18:25:07 - 修改CE202508200085的负责人为：liuzhenni
2025-11-10 18:25:07 - ["liuzhenni"]
2025-11-10 18:25:07 - ["liuzhenni"]
2025-11-10 18:25:07 - 修改CE202510310130的负责人为：liangxihao
2025-11-10 18:25:07 - ["liangxihao"]
2025-11-10 18:25:07 - ["liangxihao"]
2025-11-10 18:25:07 - 修改CE202510310144的负责人为：liangxihao
2025-11-10 18:25:07 - ["liangxihao"]
2025-11-10 18:25:07 - ["chenwenzhen"]
2025-11-10 18:25:56 - 修改CE202508300102的负责人为：liangxihao
2025-11-10 18:25:56 - ["liangxihao"]
2025-11-10 18:25:56 - ["chenwenzhen"]
2025-11-10 18:25:56 - 修改CE202510220165的负责人为：liuzhenni
2025-11-10 18:25:56 - ["liuzhenni"]
2025-11-10 18:25:56 - ["liuzhenni"]
2025-11-10 18:25:56 - 修改CE202507280150的负责人为：liangxihao
2025-11-10 18:25:56 - ["liangxihao"]
2025-11-10 18:25:56 - ["liangxihao"]
2025-11-10 18:25:57 - 修改CE202508200164的负责人为：liangxihao
2025-11-10 18:25:57 - ["liangxihao"]
2025-11-10 18:25:57 - ["zhoujianheng"]
2025-11-10 18:25:57 - 修改CE202508250017的负责人为：liangxihao
2025-11-10 18:25:57 - ["liangxihao"]
2025-11-10 18:25:57 - ["zhoujianheng"]
2025-11-10 18:25:57 - 修改CE202508290125的负责人为：liangxihao
2025-11-10 18:25:57 - ["liangxihao"]
2025-11-10 18:25:57 - ["zhoujianheng"]
2025-11-10 18:25:57 - 修改CE202508290124的负责人为：liangxihao
2025-11-10 18:25:57 - ["liangxihao"]
2025-11-10 18:25:57 - ["zhoujianheng"]
2025-11-10 18:25:57 - 修改CE202509150172的负责人为：liangxihao
2025-11-10 18:25:57 - ["liangxihao"]
2025-11-10 18:25:57 - ["liangxihao"]
2025-11-10 18:25:57 - 修改CE202510100014的负责人为：liangxihao
2025-11-10 18:25:57 - ["liangxihao"]
2025-11-10 18:25:57 - ["liangxihao"]
2025-11-10 18:25:58 - 修改CE202510150089的负责人为：liangxihao
2025-11-10 18:25:58 - ["liangxihao"]
2025-11-10 18:25:58 - ["zhoujianheng"]
2025-11-10 18:25:58 - 修改CE202510290064的负责人为：liuzhenni
2025-11-10 18:25:58 - ["liuzhenni"]
2025-11-10 18:25:58 - ["liuzhenni"]
2025-11-10 18:25:58 - 修改CE202509290055的负责人为：liuzhenni
2025-11-10 18:25:58 - ["liuzhenni"]
2025-11-10 18:25:58 - ["liuzhenni"]
2025-11-10 18:25:58 - 修改CE202509220059的负责人为：liuzhenni
2025-11-10 18:25:58 - ["liuzhenni"]
2025-11-10 18:25:58 - ["liuzhenni"]
2025-11-10 18:25:59 - 修改CE202510100041的负责人为：liuzhenni
2025-11-10 18:25:59 - ["liuzhenni"]
2025-11-10 18:25:59 - ["liuzhenni"]
2025-11-10 18:25:59 - 修改CE202510140124的负责人为：liangxihao
2025-11-10 18:25:59 - ["liangxihao"]
2025-11-10 18:25:59 - ["zhangxinyi"]
2025-11-10 18:25:59 - 修改CE202509300011的负责人为：liangxihao
2025-11-10 18:25:59 - ["liangxihao"]
2025-11-10 18:25:59 - ["liangxihao"]
2025-11-10 18:25:59 - 修改CE202507240128的负责人为：liuzhenni
2025-11-10 18:25:59 - ["liuzhenni"]
2025-11-10 18:25:59 - ["liuzhenni"]
2025-11-10 18:25:59 - 修改CE202510180097的负责人为：liangxihao
2025-11-10 18:25:59 - ["liangxihao"]
2025-11-10 18:25:59 - ["zhangxinyi"]
2025-11-10 18:26:00 - 修改CE202508250046的负责人为：liangxihao
2025-11-10 18:26:00 - ["liangxihao"]
2025-11-10 18:26:00 - ["huangxiaojiong"]
2025-11-10 18:26:00 - 修改CE202510300031的负责人为：liangxihao
2025-11-10 18:26:00 - ["liangxihao"]
2025-11-10 18:26:00 - ["liangxihao"]
2025-11-10 18:26:00 - 修改CE202510070068的负责人为：liangxihao
2025-11-10 18:26:00 - ["liangxihao"]
2025-11-10 18:26:00 - ["liangxihao"]
2025-11-10 18:26:00 - 修改CE202508220276的负责人为：liangxihao
2025-11-10 18:26:00 - ["liangxihao"]
2025-11-10 18:26:00 - ["gonglanlan2","liangxihao"]
2025-11-10 18:26:00 - 修改CE202510110014的负责人为：liangxihao
2025-11-10 18:26:00 - ["liangxihao"]
2025-11-10 18:26:00 - ["liangxihao"]
2025-11-10 18:26:01 - 修改CE202510290049的负责人为：liuzhenni
2025-11-10 18:26:01 - ["liuzhenni"]
2025-11-10 18:26:01 - ["liuzhenni"]
2025-11-10 18:26:01 - 修改CE202510270064的负责人为：liangxihao
2025-11-10 18:26:01 - ["liangxihao"]
2025-11-10 18:26:01 - ["chenwenzhen"]
2025-11-10 18:26:01 - 修改CE202508200085的负责人为：liuzhenni
2025-11-10 18:26:01 - ["liuzhenni"]
2025-11-10 18:26:01 - ["liuzhenni"]
2025-11-10 18:26:01 - 修改CE202510310130的负责人为：liangxihao
2025-11-10 18:26:01 - ["liangxihao"]
2025-11-10 18:26:01 - ["liangxihao"]
2025-11-10 18:26:01 - 修改CE202510310144的负责人为：liangxihao
2025-11-10 18:26:01 - ["liangxihao"]
2025-11-10 18:26:01 - ["chenwenzhen"]
